<?xml version="1.0" encoding="UTF-8"?>
<coverage generated="1610079440652" clover="3.2.0">
  <project timestamp="1610079440652" name="All files">
    <metrics statements="884" coveredstatements="815" conditionals="274" coveredconditionals="236" methods="269" coveredmethods="220" elements="1427" coveredelements="1271" complexity="0" loc="884" ncloc="884" packages="5" files="18" classes="18"/>
    <package name="src">
      <metrics statements="1" coveredstatements="1" conditionals="0" coveredconditionals="0" methods="0" coveredmethods="0"/>
      <file name="config.js" path="D:\SEPP\Cloud_Homework\UIPrototype\Code\src\config.js">
        <metrics statements="1" coveredstatements="1" conditionals="0" coveredconditionals="0" methods="0" coveredmethods="0"/>
        <line num="1" count="15" type="stmt"/>
      </file>
    </package>
    <package name="src.Pages.Share">
      <metrics statements="122" coveredstatements="120" conditionals="25" coveredconditionals="23" methods="28" coveredmethods="26"/>
      <file name="login.jsx" path="D:\SEPP\Cloud_Homework\UIPrototype\Code\src\Pages\Share\login.jsx">
        <metrics statements="62" coveredstatements="61" conditionals="6" coveredconditionals="5" methods="10" coveredmethods="9"/>
        <line num="13" count="1" type="stmt"/>
        <line num="17" count="8" type="stmt"/>
        <line num="18" count="8" type="stmt"/>
        <line num="26" count="8" type="stmt"/>
        <line num="27" count="1" type="stmt"/>
        <line num="28" count="1" type="stmt"/>
        <line num="31" count="8" type="stmt"/>
        <line num="32" count="1" type="stmt"/>
        <line num="33" count="1" type="stmt"/>
        <line num="36" count="8" type="stmt"/>
        <line num="37" count="2" type="stmt"/>
        <line num="40" count="8" type="stmt"/>
        <line num="41" count="1" type="stmt"/>
        <line num="44" count="8" type="stmt"/>
        <line num="45" count="1" type="stmt"/>
        <line num="46" count="1" type="stmt"/>
        <line num="47" count="1" type="stmt"/>
        <line num="51" count="1" type="stmt"/>
        <line num="52" count="1" type="stmt"/>
        <line num="53" count="1" type="stmt"/>
        <line num="55" count="0" type="stmt"/>
        <line num="59" count="8" type="stmt"/>
        <line num="60" count="3" type="cond" truecount="2" falsecount="0"/>
        <line num="61" count="1" type="stmt"/>
        <line num="62" count="1" type="stmt"/>
        <line num="63" count="1" type="stmt"/>
        <line num="64" count="1" type="stmt"/>
        <line num="65" count="1" type="stmt"/>
        <line num="66" count="1" type="stmt"/>
        <line num="67" count="1" type="stmt"/>
        <line num="68" count="1" type="stmt"/>
        <line num="69" count="1" type="stmt"/>
        <line num="70" count="1" type="stmt"/>
        <line num="71" count="1" type="stmt"/>
        <line num="72" count="1" type="stmt"/>
        <line num="73" count="1" type="stmt"/>
        <line num="74" count="1" type="stmt"/>
        <line num="75" count="1" type="stmt"/>
        <line num="76" count="1" type="stmt"/>
        <line num="77" count="1" type="stmt"/>
        <line num="78" count="1" type="stmt"/>
        <line num="79" count="1" type="stmt"/>
        <line num="81" count="2" type="cond" truecount="2" falsecount="0"/>
        <line num="82" count="1" type="stmt"/>
        <line num="83" count="1" type="stmt"/>
        <line num="84" count="1" type="stmt"/>
        <line num="85" count="1" type="stmt"/>
        <line num="86" count="1" type="stmt"/>
        <line num="87" count="1" type="stmt"/>
        <line num="88" count="1" type="stmt"/>
        <line num="89" count="1" type="stmt"/>
        <line num="90" count="1" type="stmt"/>
        <line num="91" count="1" type="stmt"/>
        <line num="92" count="1" type="stmt"/>
        <line num="93" count="1" type="stmt"/>
        <line num="95" count="1" type="cond" truecount="1" falsecount="1"/>
        <line num="96" count="1" type="stmt"/>
        <line num="97" count="1" type="stmt"/>
        <line num="101" count="8" type="stmt"/>
        <line num="102" count="1" type="stmt"/>
        <line num="103" count="1" type="stmt"/>
        <line num="107" count="1" type="stmt"/>
      </file>
      <file name="register.jsx" path="D:\SEPP\Cloud_Homework\UIPrototype\Code\src\Pages\Share\register.jsx">
        <metrics statements="60" coveredstatements="59" conditionals="19" coveredconditionals="18" methods="18" coveredmethods="17"/>
        <line num="13" count="1" type="stmt"/>
        <line num="17" count="16" type="stmt"/>
        <line num="18" count="16" type="stmt"/>
        <line num="30" count="16" type="stmt"/>
        <line num="31" count="2" type="stmt"/>
        <line num="34" count="16" type="stmt"/>
        <line num="35" count="2" type="stmt"/>
        <line num="38" count="16" type="stmt"/>
        <line num="39" count="1" type="stmt"/>
        <line num="42" count="16" type="stmt"/>
        <line num="43" count="1" type="stmt"/>
        <line num="46" count="16" type="stmt"/>
        <line num="47" count="1" type="stmt"/>
        <line num="50" count="16" type="stmt"/>
        <line num="51" count="1" type="stmt"/>
        <line num="54" count="16" type="stmt"/>
        <line num="55" count="1" type="stmt"/>
        <line num="58" count="16" type="stmt"/>
        <line num="59" count="1" type="stmt"/>
        <line num="62" count="16" type="stmt"/>
        <line num="63" count="1" type="stmt"/>
        <line num="66" count="16" type="stmt"/>
        <line num="67" count="1" type="stmt"/>
        <line num="68" count="1" type="stmt"/>
        <line num="71" count="16" type="stmt"/>
        <line num="72" count="1" type="stmt"/>
        <line num="75" count="16" type="stmt"/>
        <line num="76" count="2" type="stmt"/>
        <line num="79" count="16" type="stmt"/>
        <line num="80" count="4" type="stmt"/>
        <line num="81" count="4" type="stmt"/>
        <line num="82" count="4" type="stmt"/>
        <line num="83" count="4" type="stmt"/>
        <line num="84" count="4" type="stmt"/>
        <line num="85" count="4" type="stmt"/>
        <line num="86" count="4" type="stmt"/>
        <line num="87" count="4" type="cond" truecount="9" falsecount="0"/>
        <line num="89" count="2" type="stmt"/>
        <line num="90" count="2" type="stmt"/>
        <line num="93" count="16" type="stmt"/>
        <line num="94" count="2" type="stmt"/>
        <line num="95" count="2" type="cond" truecount="2" falsecount="0"/>
        <line num="96" count="1" type="stmt"/>
        <line num="97" count="1" type="stmt"/>
        <line num="99" count="1" type="stmt"/>
        <line num="100" count="1" type="stmt"/>
        <line num="109" count="1" type="stmt"/>
        <line num="110" count="1" type="stmt"/>
        <line num="111" count="1" type="stmt"/>
        <line num="113" count="0" type="stmt"/>
        <line num="118" count="16" type="stmt"/>
        <line num="119" count="3" type="cond" truecount="3" falsecount="1"/>
        <line num="120" count="3" type="stmt"/>
        <line num="121" count="3" type="cond" truecount="2" falsecount="0"/>
        <line num="122" count="1" type="stmt"/>
        <line num="123" count="1" type="stmt"/>
        <line num="124" count="2" type="cond" truecount="2" falsecount="0"/>
        <line num="125" count="1" type="stmt"/>
        <line num="129" count="1" type="stmt"/>
        <line num="135" count="1" type="stmt"/>
      </file>
    </package>
    <package name="src.Pages.Student">
      <metrics statements="338" coveredstatements="309" conditionals="106" coveredconditionals="94" methods="106" coveredmethods="83"/>
      <file name="CourseDetailPage.jsx" path="D:\SEPP\Cloud_Homework\UIPrototype\Code\src\Pages\Student\CourseDetailPage.jsx">
        <metrics statements="61" coveredstatements="58" conditionals="18" coveredconditionals="16" methods="21" coveredmethods="18"/>
        <line num="13" count="1" type="stmt"/>
        <line num="15" count="1" type="stmt"/>
        <line num="24" count="1" type="stmt"/>
        <line num="28" count="17" type="stmt"/>
        <line num="29" count="17" type="stmt"/>
        <line num="40" count="17" type="stmt"/>
        <line num="41" count="4" type="cond" truecount="2" falsecount="0"/>
        <line num="42" count="1" type="stmt"/>
        <line num="43" count="3" type="cond" truecount="2" falsecount="0"/>
        <line num="44" count="1" type="stmt"/>
        <line num="45" count="2" type="stmt"/>
        <line num="49" count="1" type="stmt"/>
        <line num="52" count="17" type="stmt"/>
        <line num="53" count="1" type="stmt"/>
        <line num="56" count="17" type="stmt"/>
        <line num="57" count="1" type="stmt"/>
        <line num="60" count="17" type="stmt"/>
        <line num="61" count="1" type="stmt"/>
        <line num="64" count="17" type="stmt"/>
        <line num="65" count="2" type="stmt"/>
        <line num="66" count="2" type="stmt"/>
        <line num="67" count="2" type="stmt"/>
        <line num="69" count="0" type="stmt"/>
        <line num="74" count="17" type="stmt"/>
        <line num="75" count="1" type="cond" truecount="3" falsecount="1"/>
        <line num="76" count="1" type="stmt"/>
        <line num="77" count="1" type="stmt"/>
        <line num="83" count="17" type="stmt"/>
        <line num="84" count="2" type="stmt"/>
        <line num="87" count="17" type="stmt"/>
        <line num="88" count="2" type="stmt"/>
        <line num="91" count="17" type="stmt"/>
        <line num="92" count="2" type="stmt"/>
        <line num="95" count="17" type="stmt"/>
        <line num="96" count="3" type="stmt"/>
        <line num="97" count="3" type="cond" truecount="2" falsecount="0"/>
        <line num="98" count="1" type="stmt"/>
        <line num="100" count="3" type="cond" truecount="2" falsecount="0"/>
        <line num="101" count="1" type="stmt"/>
        <line num="103" count="3" type="cond" truecount="2" falsecount="0"/>
        <line num="104" count="1" type="stmt"/>
        <line num="110" count="17" type="stmt"/>
        <line num="111" count="1" type="stmt"/>
        <line num="114" count="17" type="stmt"/>
        <line num="115" count="1" type="stmt"/>
        <line num="118" count="17" type="stmt"/>
        <line num="119" count="1" type="stmt"/>
        <line num="123" count="17" type="stmt"/>
        <line num="125" count="1" type="stmt"/>
        <line num="126" count="1" type="stmt"/>
        <line num="127" count="1" type="stmt"/>
        <line num="128" count="1" type="stmt"/>
        <line num="129" count="1" type="stmt"/>
        <line num="131" count="0" type="stmt"/>
        <line num="133" count="1" type="stmt"/>
        <line num="136" count="17" type="stmt"/>
        <line num="137" count="1" type="cond" truecount="3" falsecount="1"/>
        <line num="138" count="1" type="stmt"/>
        <line num="139" count="1" type="stmt"/>
        <line num="146" count="1" type="stmt"/>
        <line num="197" count="0" type="stmt"/>
      </file>
      <file name="CourseListPage.jsx" path="D:\SEPP\Cloud_Homework\UIPrototype\Code\src\Pages\Student\CourseListPage.jsx">
        <metrics statements="51" coveredstatements="48" conditionals="18" coveredconditionals="17" methods="17" coveredmethods="13"/>
        <line num="9" count="1" type="stmt"/>
        <line num="10" count="1" type="stmt"/>
        <line num="12" count="1" type="stmt"/>
        <line num="14" count="1" type="stmt"/>
        <line num="50" count="12" type="stmt"/>
        <line num="51" count="12" type="stmt"/>
        <line num="58" count="1" type="stmt"/>
        <line num="61" count="12" type="stmt"/>
        <line num="62" count="2" type="stmt"/>
        <line num="65" count="12" type="stmt"/>
        <line num="66" count="2" type="stmt"/>
        <line num="69" count="12" type="stmt"/>
        <line num="70" count="2" type="stmt"/>
        <line num="73" count="12" type="stmt"/>
        <line num="74" count="3" type="stmt"/>
        <line num="75" count="3" type="cond" truecount="2" falsecount="0"/>
        <line num="76" count="1" type="stmt"/>
        <line num="78" count="3" type="cond" truecount="2" falsecount="0"/>
        <line num="79" count="1" type="stmt"/>
        <line num="81" count="3" type="cond" truecount="2" falsecount="0"/>
        <line num="82" count="1" type="stmt"/>
        <line num="86" count="12" type="stmt"/>
        <line num="87" count="2" type="stmt"/>
        <line num="88" count="2" type="stmt"/>
        <line num="89" count="2" type="stmt"/>
        <line num="90" count="2" type="stmt"/>
        <line num="92" count="0" type="stmt"/>
        <line num="96" count="12" type="stmt"/>
        <line num="97" count="1" type="cond" truecount="3" falsecount="1"/>
        <line num="98" count="1" type="stmt"/>
        <line num="99" count="1" type="stmt"/>
        <line num="105" count="12" type="stmt"/>
        <line num="109" count="12" type="stmt"/>
        <line num="110" count="3" type="cond" truecount="2" falsecount="0"/>
        <line num="111" count="1" type="stmt"/>
        <line num="112" count="2" type="cond" truecount="2" falsecount="0"/>
        <line num="113" count="1" type="stmt"/>
        <line num="114" count="1" type="stmt"/>
        <line num="117" count="12" type="stmt"/>
        <line num="118" count="3" type="cond" truecount="2" falsecount="0"/>
        <line num="119" count="1" type="stmt"/>
        <line num="120" count="2" type="cond" truecount="2" falsecount="0"/>
        <line num="121" count="1" type="stmt"/>
        <line num="122" count="1" type="stmt"/>
        <line num="125" count="12" type="stmt"/>
        <line num="126" count="1" type="stmt"/>
        <line num="127" count="1" type="stmt"/>
        <line num="128" count="1" type="stmt"/>
        <line num="132" count="1" type="stmt"/>
        <line num="176" count="0" type="stmt"/>
        <line num="187" count="0" type="stmt"/>
      </file>
      <file name="HomeworkCommitPage.jsx" path="D:\SEPP\Cloud_Homework\UIPrototype\Code\src\Pages\Student\HomeworkCommitPage.jsx">
        <metrics statements="82" coveredstatements="70" conditionals="18" coveredconditionals="16" methods="24" coveredmethods="18"/>
        <line num="10" count="1" type="stmt"/>
        <line num="12" count="1" type="stmt"/>
        <line num="13" count="1" type="stmt"/>
        <line num="18" count="17" type="stmt"/>
        <line num="19" count="17" type="stmt"/>
        <line num="29" count="17" type="stmt"/>
        <line num="30" count="2" type="stmt"/>
        <line num="33" count="17" type="stmt"/>
        <line num="34" count="2" type="stmt"/>
        <line num="37" count="17" type="stmt"/>
        <line num="38" count="2" type="stmt"/>
        <line num="41" count="17" type="stmt"/>
        <line num="42" count="2" type="stmt"/>
        <line num="45" count="17" type="stmt"/>
        <line num="46" count="2" type="stmt"/>
        <line num="49" count="17" type="stmt"/>
        <line num="50" count="2" type="stmt"/>
        <line num="54" count="17" type="stmt"/>
        <line num="55" count="2" type="stmt"/>
        <line num="58" count="17" type="stmt"/>
        <line num="59" count="3" type="stmt"/>
        <line num="60" count="3" type="cond" truecount="2" falsecount="0"/>
        <line num="61" count="1" type="stmt"/>
        <line num="63" count="3" type="cond" truecount="2" falsecount="0"/>
        <line num="64" count="1" type="stmt"/>
        <line num="66" count="3" type="cond" truecount="2" falsecount="0"/>
        <line num="67" count="1" type="stmt"/>
        <line num="72" count="17" type="stmt"/>
        <line num="73" count="1" type="stmt"/>
        <line num="89" count="17" type="stmt"/>
        <line num="90" count="1" type="stmt"/>
        <line num="91" count="1" type="stmt"/>
        <line num="92" count="1" type="stmt"/>
        <line num="95" count="1" type="stmt"/>
        <line num="99" count="1" type="stmt"/>
        <line num="100" count="1" type="stmt"/>
        <line num="104" count="17" type="stmt"/>
        <line num="105" count="1" type="stmt"/>
        <line num="106" count="1" type="stmt"/>
        <line num="107" count="1" type="stmt"/>
        <line num="108" count="1" type="stmt"/>
        <line num="109" count="1" type="stmt"/>
        <line num="110" count="1" type="stmt"/>
        <line num="111" count="1" type="stmt"/>
        <line num="117" count="1" type="stmt"/>
        <line num="119" count="0" type="stmt"/>
        <line num="136" count="17" type="stmt"/>
        <line num="137" count="4" type="cond" truecount="3" falsecount="1"/>
        <line num="138" count="4" type="stmt"/>
        <line num="139" count="4" type="cond" truecount="2" falsecount="0"/>
        <line num="140" count="1" type="stmt"/>
        <line num="141" count="3" type="cond" truecount="2" falsecount="0"/>
        <line num="142" count="1" type="stmt"/>
        <line num="143" count="2" type="cond" truecount="2" falsecount="0"/>
        <line num="144" count="1" type="stmt"/>
        <line num="146" count="1" type="stmt"/>
        <line num="151" count="17" type="stmt"/>
        <line num="152" count="1" type="stmt"/>
        <line num="157" count="17" type="stmt"/>
        <line num="173" count="17" type="stmt"/>
        <line num="174" count="1" type="stmt"/>
        <line num="175" count="1" type="stmt"/>
        <line num="176" count="1" type="stmt"/>
        <line num="177" count="1" type="cond" truecount="1" falsecount="1"/>
        <line num="178" count="1" type="stmt"/>
        <line num="179" count="0" type="stmt"/>
        <line num="180" count="0" type="stmt"/>
        <line num="181" count="0" type="stmt"/>
        <line num="182" count="0" type="stmt"/>
        <line num="188" count="17" type="stmt"/>
        <line num="189" count="1" type="stmt"/>
        <line num="195" count="1" type="stmt"/>
        <line num="196" count="1" type="stmt"/>
        <line num="213" count="1" type="stmt"/>
        <line num="215" count="0" type="stmt"/>
        <line num="216" count="0" type="stmt"/>
        <line num="217" count="0" type="stmt"/>
        <line num="218" count="0" type="stmt"/>
        <line num="219" count="0" type="stmt"/>
        <line num="225" count="0" type="stmt"/>
        <line num="228" count="0" type="stmt"/>
        <line num="233" count="1" type="stmt"/>
      </file>
      <file name="HomeworkDetailPage.jsx" path="D:\SEPP\Cloud_Homework\UIPrototype\Code\src\Pages\Student\HomeworkDetailPage.jsx">
        <metrics statements="33" coveredstatements="31" conditionals="10" coveredconditionals="9" methods="12" coveredmethods="10"/>
        <line num="9" count="1" type="stmt"/>
        <line num="11" count="1" type="stmt"/>
        <line num="13" count="1" type="stmt"/>
        <line num="30" count="10" type="stmt"/>
        <line num="31" count="10" type="stmt"/>
        <line num="39" count="2" type="stmt"/>
        <line num="42" count="10" type="stmt"/>
        <line num="44" count="3" type="stmt"/>
        <line num="45" count="3" type="stmt"/>
        <line num="46" count="3" type="stmt"/>
        <line num="48" count="0" type="stmt"/>
        <line num="52" count="10" type="stmt"/>
        <line num="53" count="1" type="cond" truecount="3" falsecount="1"/>
        <line num="54" count="1" type="stmt"/>
        <line num="78" count="10" type="stmt"/>
        <line num="79" count="2" type="stmt"/>
        <line num="82" count="10" type="stmt"/>
        <line num="83" count="2" type="stmt"/>
        <line num="86" count="10" type="stmt"/>
        <line num="87" count="2" type="stmt"/>
        <line num="90" count="10" type="stmt"/>
        <line num="91" count="2" type="stmt"/>
        <line num="92" count="2" type="stmt"/>
        <line num="95" count="10" type="stmt"/>
        <line num="96" count="3" type="stmt"/>
        <line num="97" count="3" type="cond" truecount="2" falsecount="0"/>
        <line num="98" count="1" type="stmt"/>
        <line num="100" count="3" type="cond" truecount="2" falsecount="0"/>
        <line num="101" count="1" type="stmt"/>
        <line num="103" count="3" type="cond" truecount="2" falsecount="0"/>
        <line num="104" count="1" type="stmt"/>
        <line num="109" count="1" type="stmt"/>
        <line num="140" count="0" type="stmt"/>
      </file>
      <file name="HomeworkListPage.jsx" path="D:\SEPP\Cloud_Homework\UIPrototype\Code\src\Pages\Student\HomeworkListPage.jsx">
        <metrics statements="53" coveredstatements="46" conditionals="24" coveredconditionals="20" methods="17" coveredmethods="11"/>
        <line num="21" count="1" type="stmt"/>
        <line num="22" count="1" type="stmt"/>
        <line num="24" count="1" type="stmt"/>
        <line num="26" count="1" type="stmt"/>
        <line num="65" count="1" type="stmt"/>
        <line num="69" count="0" type="stmt"/>
        <line num="71" count="0" type="stmt"/>
        <line num="86" count="10" type="stmt"/>
        <line num="87" count="10" type="stmt"/>
        <line num="95" count="1" type="stmt"/>
        <line num="98" count="10" type="stmt"/>
        <line num="99" count="2" type="stmt"/>
        <line num="100" count="2" type="stmt"/>
        <line num="101" count="2" type="stmt"/>
        <line num="102" count="2" type="cond" truecount="1" falsecount="1"/>
        <line num="103" count="2" type="stmt"/>
        <line num="104" count="2" type="stmt"/>
        <line num="105" count="2" type="stmt"/>
        <line num="106" count="2" type="stmt"/>
        <line num="108" count="0" type="stmt"/>
        <line num="112" count="10" type="stmt"/>
        <line num="113" count="1" type="cond" truecount="3" falsecount="1"/>
        <line num="114" count="1" type="stmt"/>
        <line num="115" count="1" type="stmt"/>
        <line num="116" count="1" type="stmt"/>
        <line num="117" count="1" type="stmt"/>
        <line num="123" count="10" type="stmt"/>
        <line num="124" count="2" type="stmt"/>
        <line num="127" count="10" type="stmt"/>
        <line num="128" count="2" type="stmt"/>
        <line num="131" count="10" type="stmt"/>
        <line num="132" count="2" type="stmt"/>
        <line num="135" count="10" type="stmt"/>
        <line num="136" count="3" type="stmt"/>
        <line num="137" count="3" type="cond" truecount="2" falsecount="0"/>
        <line num="138" count="1" type="stmt"/>
        <line num="140" count="3" type="cond" truecount="2" falsecount="0"/>
        <line num="141" count="1" type="stmt"/>
        <line num="143" count="3" type="cond" truecount="2" falsecount="0"/>
        <line num="144" count="1" type="stmt"/>
        <line num="148" count="10" type="stmt"/>
        <line num="149" count="3" type="cond" truecount="2" falsecount="0"/>
        <line num="150" count="2" type="cond" truecount="2" falsecount="0"/>
        <line num="151" count="1" type="cond" truecount="1" falsecount="1"/>
        <line num="154" count="10" type="stmt"/>
        <line num="155" count="3" type="cond" truecount="2" falsecount="0"/>
        <line num="156" count="2" type="cond" truecount="2" falsecount="0"/>
        <line num="157" count="1" type="cond" truecount="1" falsecount="1"/>
        <line num="161" count="1" type="stmt"/>
        <line num="205" count="0" type="stmt"/>
        <line num="214" count="0" type="stmt"/>
        <line num="217" count="0" type="stmt"/>
        <line num="218" count="0" type="stmt"/>
      </file>
      <file name="UserInfoPage.jsx" path="D:\SEPP\Cloud_Homework\UIPrototype\Code\src\Pages\Student\UserInfoPage.jsx">
        <metrics statements="58" coveredstatements="56" conditionals="18" coveredconditionals="16" methods="15" coveredmethods="13"/>
        <line num="14" count="1" type="stmt"/>
        <line num="15" count="1" type="stmt"/>
        <line num="17" count="1" type="stmt"/>
        <line num="21" count="1" type="stmt"/>
        <line num="25" count="1" type="stmt"/>
        <line num="29" count="12" type="stmt"/>
        <line num="30" count="12" type="stmt"/>
        <line num="43" count="1" type="stmt"/>
        <line num="46" count="12" type="stmt"/>
        <line num="47" count="2" type="stmt"/>
        <line num="48" count="2" type="stmt"/>
        <line num="49" count="2" type="stmt"/>
        <line num="50" count="2" type="stmt"/>
        <line num="51" count="2" type="stmt"/>
        <line num="52" count="2" type="stmt"/>
        <line num="54" count="0" type="stmt"/>
        <line num="58" count="12" type="stmt"/>
        <line num="59" count="1" type="cond" truecount="3" falsecount="1"/>
        <line num="61" count="1" type="stmt"/>
        <line num="62" count="1" type="stmt"/>
        <line num="63" count="1" type="stmt"/>
        <line num="64" count="1" type="stmt"/>
        <line num="65" count="1" type="stmt"/>
        <line num="66" count="1" type="stmt"/>
        <line num="67" count="1" type="stmt"/>
        <line num="76" count="12" type="stmt"/>
        <line num="77" count="2" type="stmt"/>
        <line num="80" count="12" type="stmt"/>
        <line num="81" count="2" type="stmt"/>
        <line num="84" count="12" type="stmt"/>
        <line num="85" count="2" type="stmt"/>
        <line num="88" count="12" type="stmt"/>
        <line num="89" count="3" type="stmt"/>
        <line num="90" count="3" type="cond" truecount="2" falsecount="0"/>
        <line num="91" count="1" type="stmt"/>
        <line num="93" count="3" type="cond" truecount="2" falsecount="0"/>
        <line num="94" count="1" type="stmt"/>
        <line num="96" count="3" type="cond" truecount="2" falsecount="0"/>
        <line num="97" count="1" type="stmt"/>
        <line num="101" count="12" type="stmt"/>
        <line num="102" count="1" type="stmt"/>
        <line num="105" count="12" type="stmt"/>
        <line num="106" count="1" type="stmt"/>
        <line num="109" count="12" type="stmt"/>
        <line num="110" count="1" type="stmt"/>
        <line num="111" count="1" type="stmt"/>
        <line num="112" count="1" type="stmt"/>
        <line num="117" count="1" type="stmt"/>
        <line num="118" count="1" type="stmt"/>
        <line num="120" count="0" type="stmt"/>
        <line num="124" count="12" type="stmt"/>
        <line num="125" count="3" type="cond" truecount="3" falsecount="1"/>
        <line num="126" count="3" type="cond" truecount="2" falsecount="0"/>
        <line num="127" count="1" type="stmt"/>
        <line num="128" count="2" type="cond" truecount="2" falsecount="0"/>
        <line num="129" count="1" type="stmt"/>
        <line num="131" count="1" type="stmt"/>
        <line num="136" count="1" type="stmt"/>
      </file>
    </package>
    <package name="src.Pages.Teacher">
      <metrics statements="422" coveredstatements="384" conditionals="143" coveredconditionals="119" methods="135" coveredmethods="111"/>
      <file name="AddStudent2CoursePage.jsx" path="D:\SEPP\Cloud_Homework\UIPrototype\Code\src\Pages\Teacher\AddStudent2CoursePage.jsx">
        <metrics statements="57" coveredstatements="43" conditionals="20" coveredconditionals="13" methods="17" coveredmethods="12"/>
        <line num="7" count="1" type="stmt"/>
        <line num="8" count="1" type="stmt"/>
        <line num="9" count="1" type="stmt"/>
        <line num="10" count="1" type="stmt"/>
        <line num="11" count="1" type="stmt"/>
        <line num="122" count="11" type="stmt"/>
        <line num="124" count="11" type="stmt"/>
        <line num="133" count="11" type="stmt"/>
        <line num="134" count="11" type="cond" truecount="2" falsecount="0"/>
        <line num="135" count="11" type="cond" truecount="2" falsecount="0"/>
        <line num="140" count="1" type="stmt"/>
        <line num="143" count="11" type="stmt"/>
        <line num="144" count="2" type="stmt"/>
        <line num="145" count="2" type="stmt"/>
        <line num="146" count="2" type="stmt"/>
        <line num="148" count="0" type="stmt"/>
        <line num="152" count="11" type="stmt"/>
        <line num="153" count="1" type="cond" truecount="3" falsecount="1"/>
        <line num="154" count="1" type="stmt"/>
        <line num="155" count="1" type="stmt"/>
        <line num="156" count="1" type="stmt"/>
        <line num="162" count="11" type="stmt"/>
        <line num="163" count="1" type="stmt"/>
        <line num="167" count="1" type="stmt"/>
        <line num="170" count="11" type="stmt"/>
        <line num="171" count="1" type="stmt"/>
        <line num="173" count="11" type="stmt"/>
        <line num="174" count="2" type="stmt"/>
        <line num="177" count="11" type="stmt"/>
        <line num="178" count="2" type="stmt"/>
        <line num="185" count="11" type="stmt"/>
        <line num="186" count="2" type="stmt"/>
        <line num="189" count="11" type="stmt"/>
        <line num="190" count="1" type="stmt"/>
        <line num="193" count="11" type="stmt"/>
        <line num="194" count="4" type="stmt"/>
        <line num="195" count="4" type="cond" truecount="2" falsecount="0"/>
        <line num="196" count="1" type="stmt"/>
        <line num="201" count="4" type="cond" truecount="2" falsecount="0"/>
        <line num="202" count="1" type="stmt"/>
        <line num="207" count="4" type="cond" truecount="2" falsecount="0"/>
        <line num="208" count="1" type="stmt"/>
        <line num="214" count="1" type="stmt"/>
        <line num="237" count="1" type="stmt"/>
        <line num="272" count="0" type="stmt"/>
        <line num="286" count="0" type="stmt"/>
        <line num="289" count="0" type="stmt"/>
        <line num="290" count="0" type="stmt"/>
        <line num="291" count="0" type="stmt"/>
        <line num="292" count="0" type="stmt"/>
        <line num="293" count="0" type="stmt"/>
        <line num="296" count="0" type="stmt"/>
        <line num="298" count="0" type="stmt"/>
        <line num="299" count="0" type="cond" truecount="0" falsecount="4"/>
        <line num="300" count="0" type="cond" truecount="0" falsecount="2"/>
        <line num="301" count="0" type="stmt"/>
        <line num="303" count="0" type="stmt"/>
      </file>
      <file name="CheckHomeworkPage.jsx" path="D:\SEPP\Cloud_Homework\UIPrototype\Code\src\Pages\Teacher\CheckHomeworkPage.jsx">
        <metrics statements="33" coveredstatements="32" conditionals="12" coveredconditionals="11" methods="11" coveredmethods="10"/>
        <line num="6" count="1" type="stmt"/>
        <line num="7" count="1" type="stmt"/>
        <line num="10" count="1" type="stmt"/>
        <line num="48" count="9" type="stmt"/>
        <line num="49" count="9" type="stmt"/>
        <line num="60" count="9" type="stmt"/>
        <line num="61" count="1" type="stmt"/>
        <line num="63" count="9" type="stmt"/>
        <line num="64" count="1" type="stmt"/>
        <line num="67" count="9" type="stmt"/>
        <line num="68" count="2" type="stmt"/>
        <line num="71" count="9" type="stmt"/>
        <line num="72" count="2" type="stmt"/>
        <line num="75" count="9" type="stmt"/>
        <line num="76" count="2" type="stmt"/>
        <line num="79" count="9" type="stmt"/>
        <line num="80" count="2" type="stmt"/>
        <line num="83" count="9" type="stmt"/>
        <line num="84" count="2" type="stmt"/>
        <line num="87" count="9" type="stmt"/>
        <line num="88" count="6" type="stmt"/>
        <line num="89" count="6" type="cond" truecount="2" falsecount="0"/>
        <line num="90" count="1" type="stmt"/>
        <line num="92" count="6" type="cond" truecount="2" falsecount="0"/>
        <line num="93" count="1" type="stmt"/>
        <line num="95" count="6" type="cond" truecount="2" falsecount="0"/>
        <line num="96" count="1" type="stmt"/>
        <line num="98" count="6" type="cond" truecount="2" falsecount="0"/>
        <line num="99" count="1" type="stmt"/>
        <line num="101" count="6" type="cond" truecount="2" falsecount="0"/>
        <line num="102" count="1" type="stmt"/>
        <line num="108" count="1" type="stmt"/>
        <line num="208" count="0" type="stmt"/>
      </file>
      <file name="CourseDetailPage.jsx" path="D:\SEPP\Cloud_Homework\UIPrototype\Code\src\Pages\Teacher\CourseDetailPage.jsx">
        <metrics statements="43" coveredstatements="42" conditionals="14" coveredconditionals="13" methods="14" coveredmethods="13"/>
        <line num="7" count="1" type="stmt"/>
        <line num="8" count="1" type="stmt"/>
        <line num="9" count="1" type="stmt"/>
        <line num="35" count="13" type="stmt"/>
        <line num="36" count="13" type="stmt"/>
        <line num="49" count="13" type="stmt"/>
        <line num="50" count="3" type="stmt"/>
        <line num="51" count="3" type="stmt"/>
        <line num="52" count="3" type="stmt"/>
        <line num="54" count="0" type="stmt"/>
        <line num="58" count="13" type="stmt"/>
        <line num="59" count="1" type="cond" truecount="3" falsecount="1"/>
        <line num="60" count="1" type="stmt"/>
        <line num="61" count="1" type="stmt"/>
        <line num="62" count="1" type="stmt"/>
        <line num="74" count="2" type="stmt"/>
        <line num="77" count="13" type="stmt"/>
        <line num="78" count="2" type="stmt"/>
        <line num="81" count="13" type="stmt"/>
        <line num="82" count="2" type="stmt"/>
        <line num="85" count="13" type="stmt"/>
        <line num="86" count="2" type="stmt"/>
        <line num="89" count="13" type="stmt"/>
        <line num="90" count="2" type="stmt"/>
        <line num="93" count="13" type="stmt"/>
        <line num="94" count="2" type="stmt"/>
        <line num="97" count="13" type="stmt"/>
        <line num="98" count="1" type="stmt"/>
        <line num="101" count="13" type="stmt"/>
        <line num="102" count="1" type="stmt"/>
        <line num="105" count="13" type="stmt"/>
        <line num="106" count="6" type="stmt"/>
        <line num="107" count="6" type="cond" truecount="2" falsecount="0"/>
        <line num="108" count="1" type="stmt"/>
        <line num="110" count="6" type="cond" truecount="2" falsecount="0"/>
        <line num="111" count="1" type="stmt"/>
        <line num="113" count="6" type="cond" truecount="2" falsecount="0"/>
        <line num="114" count="1" type="stmt"/>
        <line num="116" count="6" type="cond" truecount="2" falsecount="0"/>
        <line num="117" count="1" type="stmt"/>
        <line num="119" count="6" type="cond" truecount="2" falsecount="0"/>
        <line num="120" count="1" type="stmt"/>
        <line num="125" count="1" type="stmt"/>
      </file>
      <file name="CourseListPage.jsx" path="D:\SEPP\Cloud_Homework\UIPrototype\Code\src\Pages\Teacher\CourseListPage.jsx">
        <metrics statements="59" coveredstatements="55" conditionals="22" coveredconditionals="21" methods="19" coveredmethods="14"/>
        <line num="7" count="1" type="stmt"/>
        <line num="8" count="1" type="stmt"/>
        <line num="9" count="1" type="stmt"/>
        <line num="11" count="1" type="stmt"/>
        <line num="49" count="13" type="stmt"/>
        <line num="50" count="13" type="stmt"/>
        <line num="55" count="13" type="stmt"/>
        <line num="56" count="1" type="stmt"/>
        <line num="57" count="1" type="stmt"/>
        <line num="58" count="1" type="stmt"/>
        <line num="59" count="1" type="stmt"/>
        <line num="61" count="0" type="stmt"/>
        <line num="66" count="13" type="stmt"/>
        <line num="67" count="1" type="cond" truecount="3" falsecount="1"/>
        <line num="68" count="1" type="stmt"/>
        <line num="69" count="1" type="stmt"/>
        <line num="70" count="1" type="stmt"/>
        <line num="77" count="13" type="stmt"/>
        <line num="78" count="3" type="cond" truecount="2" falsecount="0"/>
        <line num="79" count="1" type="stmt"/>
        <line num="80" count="2" type="cond" truecount="2" falsecount="0"/>
        <line num="81" count="1" type="stmt"/>
        <line num="82" count="1" type="stmt"/>
        <line num="85" count="13" type="stmt"/>
        <line num="86" count="3" type="cond" truecount="2" falsecount="0"/>
        <line num="87" count="1" type="stmt"/>
        <line num="88" count="2" type="cond" truecount="2" falsecount="0"/>
        <line num="89" count="1" type="stmt"/>
        <line num="90" count="1" type="stmt"/>
        <line num="93" count="13" type="stmt"/>
        <line num="94" count="1" type="stmt"/>
        <line num="97" count="13" type="stmt"/>
        <line num="98" count="2" type="stmt"/>
        <line num="101" count="13" type="stmt"/>
        <line num="102" count="2" type="stmt"/>
        <line num="105" count="13" type="stmt"/>
        <line num="106" count="2" type="stmt"/>
        <line num="109" count="13" type="stmt"/>
        <line num="110" count="2" type="stmt"/>
        <line num="113" count="13" type="stmt"/>
        <line num="114" count="2" type="stmt"/>
        <line num="117" count="13" type="stmt"/>
        <line num="118" count="1" type="stmt"/>
        <line num="121" count="13" type="stmt"/>
        <line num="122" count="6" type="stmt"/>
        <line num="123" count="6" type="cond" truecount="2" falsecount="0"/>
        <line num="124" count="1" type="stmt"/>
        <line num="126" count="6" type="cond" truecount="2" falsecount="0"/>
        <line num="127" count="1" type="stmt"/>
        <line num="129" count="6" type="cond" truecount="2" falsecount="0"/>
        <line num="130" count="1" type="stmt"/>
        <line num="132" count="6" type="cond" truecount="2" falsecount="0"/>
        <line num="133" count="1" type="stmt"/>
        <line num="135" count="6" type="cond" truecount="2" falsecount="0"/>
        <line num="136" count="1" type="stmt"/>
        <line num="141" count="0" type="stmt"/>
        <line num="145" count="1" type="stmt"/>
        <line num="193" count="0" type="stmt"/>
        <line num="205" count="0" type="stmt"/>
      </file>
      <file name="HomeworkListPage.jsx" path="D:\SEPP\Cloud_Homework\UIPrototype\Code\src\Pages\Teacher\HomeworkListPage.jsx">
        <metrics statements="64" coveredstatements="57" conditionals="14" coveredconditionals="13" methods="24" coveredmethods="17"/>
        <line num="7" count="1" type="stmt"/>
        <line num="8" count="1" type="stmt"/>
        <line num="9" count="1" type="stmt"/>
        <line num="10" count="1" type="stmt"/>
        <line num="12" count="1" type="stmt"/>
        <line num="25" count="1" type="stmt"/>
        <line num="39" count="0" type="stmt"/>
        <line num="53" count="16" type="stmt"/>
        <line num="54" count="16" type="stmt"/>
        <line num="62" count="16" type="stmt"/>
        <line num="63" count="1" type="stmt"/>
        <line num="86" count="16" type="stmt"/>
        <line num="87" count="1" type="stmt"/>
        <line num="88" count="1" type="stmt"/>
        <line num="93" count="16" type="stmt"/>
        <line num="94" count="1" type="stmt"/>
        <line num="95" count="1" type="stmt"/>
        <line num="99" count="16" type="stmt"/>
        <line num="100" count="1" type="stmt"/>
        <line num="103" count="16" type="stmt"/>
        <line num="104" count="1" type="stmt"/>
        <line num="105" count="1" type="stmt"/>
        <line num="124" count="16" type="stmt"/>
        <line num="129" count="0" type="stmt"/>
        <line num="135" count="0" type="stmt"/>
        <line num="141" count="0" type="stmt"/>
        <line num="147" count="0" type="stmt"/>
        <line num="165" count="0" type="stmt"/>
        <line num="179" count="16" type="stmt"/>
        <line num="180" count="2" type="stmt"/>
        <line num="183" count="16" type="stmt"/>
        <line num="184" count="2" type="stmt"/>
        <line num="187" count="16" type="stmt"/>
        <line num="188" count="2" type="stmt"/>
        <line num="191" count="16" type="stmt"/>
        <line num="192" count="2" type="stmt"/>
        <line num="195" count="16" type="stmt"/>
        <line num="196" count="2" type="stmt"/>
        <line num="199" count="16" type="stmt"/>
        <line num="200" count="1" type="stmt"/>
        <line num="203" count="16" type="stmt"/>
        <line num="204" count="6" type="stmt"/>
        <line num="205" count="6" type="cond" truecount="2" falsecount="0"/>
        <line num="206" count="1" type="stmt"/>
        <line num="208" count="6" type="cond" truecount="2" falsecount="0"/>
        <line num="209" count="1" type="stmt"/>
        <line num="211" count="6" type="cond" truecount="2" falsecount="0"/>
        <line num="212" count="1" type="stmt"/>
        <line num="214" count="6" type="cond" truecount="2" falsecount="0"/>
        <line num="215" count="1" type="stmt"/>
        <line num="217" count="6" type="cond" truecount="2" falsecount="0"/>
        <line num="218" count="1" type="stmt"/>
        <line num="223" count="1" type="stmt"/>
        <line num="226" count="16" type="stmt"/>
        <line num="227" count="2" type="stmt"/>
        <line num="228" count="2" type="stmt"/>
        <line num="229" count="2" type="stmt"/>
        <line num="230" count="2" type="stmt"/>
        <line num="232" count="0" type="stmt"/>
        <line num="236" count="16" type="stmt"/>
        <line num="237" count="1" type="cond" truecount="3" falsecount="1"/>
        <line num="238" count="1" type="stmt"/>
        <line num="239" count="1" type="stmt"/>
        <line num="263" count="1" type="stmt"/>
      </file>
      <file name="HomeworkReleasePage.jsx" path="D:\SEPP\Cloud_Homework\UIPrototype\Code\src\Pages\Teacher\HomeworkReleasePage.jsx">
        <metrics statements="50" coveredstatements="49" conditionals="16" coveredconditionals="15" methods="16" coveredmethods="15"/>
        <line num="7" count="1" type="stmt"/>
        <line num="8" count="1" type="stmt"/>
        <line num="9" count="1" type="stmt"/>
        <line num="14" count="15" type="stmt"/>
        <line num="15" count="15" type="stmt"/>
        <line num="25" count="15" type="stmt"/>
        <line num="26" count="1" type="stmt"/>
        <line num="29" count="15" type="stmt"/>
        <line num="30" count="1" type="stmt"/>
        <line num="32" count="15" type="stmt"/>
        <line num="33" count="1" type="stmt"/>
        <line num="36" count="15" type="stmt"/>
        <line num="37" count="1" type="stmt"/>
        <line num="41" count="15" type="stmt"/>
        <line num="42" count="2" type="stmt"/>
        <line num="46" count="15" type="stmt"/>
        <line num="47" count="2" type="stmt"/>
        <line num="50" count="15" type="stmt"/>
        <line num="51" count="2" type="stmt"/>
        <line num="54" count="15" type="stmt"/>
        <line num="55" count="2" type="stmt"/>
        <line num="58" count="15" type="stmt"/>
        <line num="59" count="2" type="stmt"/>
        <line num="62" count="15" type="stmt"/>
        <line num="63" count="2" type="stmt"/>
        <line num="66" count="15" type="stmt"/>
        <line num="67" count="6" type="stmt"/>
        <line num="68" count="6" type="cond" truecount="2" falsecount="0"/>
        <line num="69" count="1" type="stmt"/>
        <line num="71" count="6" type="cond" truecount="2" falsecount="0"/>
        <line num="72" count="1" type="stmt"/>
        <line num="74" count="6" type="cond" truecount="2" falsecount="0"/>
        <line num="75" count="1" type="stmt"/>
        <line num="77" count="6" type="cond" truecount="2" falsecount="0"/>
        <line num="78" count="1" type="stmt"/>
        <line num="80" count="6" type="cond" truecount="2" falsecount="0"/>
        <line num="81" count="1" type="stmt"/>
        <line num="85" count="15" type="stmt"/>
        <line num="86" count="1" type="stmt"/>
        <line num="87" count="1" type="stmt"/>
        <line num="95" count="1" type="stmt"/>
        <line num="96" count="1" type="stmt"/>
        <line num="97" count="1" type="stmt"/>
        <line num="99" count="0" type="stmt"/>
        <line num="103" count="15" type="stmt"/>
        <line num="104" count="2" type="cond" truecount="3" falsecount="1"/>
        <line num="105" count="2" type="cond" truecount="2" falsecount="0"/>
        <line num="106" count="1" type="stmt"/>
        <line num="108" count="1" type="stmt"/>
        <line num="113" count="1" type="stmt"/>
      </file>
      <file name="SubmitCoursePage.jsx" path="D:\SEPP\Cloud_Homework\UIPrototype\Code\src\Pages\Teacher\SubmitCoursePage.jsx">
        <metrics statements="59" coveredstatements="54" conditionals="25" coveredconditionals="20" methods="18" coveredmethods="16"/>
        <line num="13" count="1" type="stmt"/>
        <line num="14" count="1" type="stmt"/>
        <line num="16" count="1" type="stmt"/>
        <line num="17" count="0" type="stmt"/>
        <line num="18" count="0" type="cond" truecount="0" falsecount="2"/>
        <line num="19" count="0" type="stmt"/>
        <line num="21" count="0" type="cond" truecount="0" falsecount="2"/>
        <line num="23" count="1" type="stmt"/>
        <line num="27" count="15" type="stmt"/>
        <line num="28" count="15" type="stmt"/>
        <line num="37" count="15" type="stmt"/>
        <line num="38" count="2" type="stmt"/>
        <line num="41" count="15" type="stmt"/>
        <line num="42" count="2" type="stmt"/>
        <line num="45" count="15" type="stmt"/>
        <line num="46" count="2" type="stmt"/>
        <line num="49" count="15" type="stmt"/>
        <line num="50" count="2" type="stmt"/>
        <line num="53" count="15" type="stmt"/>
        <line num="54" count="2" type="stmt"/>
        <line num="57" count="15" type="stmt"/>
        <line num="58" count="6" type="stmt"/>
        <line num="59" count="6" type="cond" truecount="2" falsecount="0"/>
        <line num="60" count="1" type="stmt"/>
        <line num="62" count="6" type="cond" truecount="2" falsecount="0"/>
        <line num="63" count="1" type="stmt"/>
        <line num="65" count="6" type="cond" truecount="2" falsecount="0"/>
        <line num="66" count="1" type="stmt"/>
        <line num="68" count="6" type="cond" truecount="2" falsecount="0"/>
        <line num="69" count="1" type="stmt"/>
        <line num="71" count="6" type="cond" truecount="2" falsecount="0"/>
        <line num="72" count="1" type="stmt"/>
        <line num="76" count="15" type="stmt"/>
        <line num="77" count="1" type="stmt"/>
        <line num="80" count="15" type="stmt"/>
        <line num="81" count="1" type="stmt"/>
        <line num="83" count="15" type="stmt"/>
        <line num="84" count="1" type="stmt"/>
        <line num="87" count="15" type="stmt"/>
        <line num="88" count="1" type="stmt"/>
        <line num="91" count="15" type="stmt"/>
        <line num="92" count="2" type="stmt"/>
        <line num="95" count="15" type="stmt"/>
        <line num="96" count="1" type="stmt"/>
        <line num="99" count="15" type="stmt"/>
        <line num="100" count="2" type="stmt"/>
        <line num="101" count="2" type="stmt"/>
        <line num="107" count="2" type="stmt"/>
        <line num="108" count="2" type="cond" truecount="5" falsecount="0"/>
        <line num="109" count="1" type="stmt"/>
        <line num="111" count="1" type="stmt"/>
        <line num="112" count="1" type="stmt"/>
        <line num="114" count="0" type="stmt"/>
        <line num="119" count="15" type="stmt"/>
        <line num="120" count="2" type="cond" truecount="3" falsecount="1"/>
        <line num="121" count="2" type="cond" truecount="2" falsecount="0"/>
        <line num="122" count="1" type="stmt"/>
        <line num="124" count="1" type="stmt"/>
        <line num="129" count="1" type="stmt"/>
      </file>
      <file name="UserInfoPage.jsx" path="D:\SEPP\Cloud_Homework\UIPrototype\Code\src\Pages\Teacher\UserInfoPage.jsx">
        <metrics statements="57" coveredstatements="52" conditionals="20" coveredconditionals="13" methods="16" coveredmethods="14"/>
        <line num="8" count="1" type="stmt"/>
        <line num="10" count="1" type="stmt"/>
        <line num="12" count="1" type="stmt"/>
        <line num="46" count="12" type="stmt"/>
        <line num="47" count="12" type="stmt"/>
        <line num="59" count="12" type="stmt"/>
        <line num="60" count="1" type="stmt"/>
        <line num="61" count="1" type="stmt"/>
        <line num="62" count="1" type="stmt"/>
        <line num="63" count="1" type="stmt"/>
        <line num="65" count="0" type="stmt"/>
        <line num="69" count="12" type="stmt"/>
        <line num="70" count="1" type="cond" truecount="3" falsecount="1"/>
        <line num="72" count="1" type="stmt"/>
        <line num="73" count="1" type="stmt"/>
        <line num="74" count="1" type="stmt"/>
        <line num="75" count="1" type="stmt"/>
        <line num="76" count="1" type="stmt"/>
        <line num="77" count="1" type="stmt"/>
        <line num="87" count="12" type="stmt"/>
        <line num="88" count="2" type="stmt"/>
        <line num="91" count="12" type="stmt"/>
        <line num="92" count="2" type="stmt"/>
        <line num="95" count="12" type="stmt"/>
        <line num="96" count="2" type="stmt"/>
        <line num="99" count="12" type="stmt"/>
        <line num="100" count="2" type="stmt"/>
        <line num="103" count="12" type="stmt"/>
        <line num="104" count="2" type="stmt"/>
        <line num="107" count="12" type="stmt"/>
        <line num="108" count="6" type="stmt"/>
        <line num="109" count="6" type="cond" truecount="2" falsecount="0"/>
        <line num="110" count="1" type="stmt"/>
        <line num="112" count="6" type="cond" truecount="2" falsecount="0"/>
        <line num="113" count="1" type="stmt"/>
        <line num="115" count="6" type="cond" truecount="2" falsecount="0"/>
        <line num="116" count="1" type="stmt"/>
        <line num="118" count="6" type="cond" truecount="2" falsecount="0"/>
        <line num="119" count="1" type="stmt"/>
        <line num="121" count="6" type="cond" truecount="2" falsecount="0"/>
        <line num="122" count="1" type="stmt"/>
        <line num="126" count="12" type="stmt"/>
        <line num="127" count="1" type="stmt"/>
        <line num="130" count="12" type="stmt"/>
        <line num="131" count="1" type="stmt"/>
        <line num="134" count="12" type="stmt"/>
        <line num="135" count="1" type="stmt"/>
        <line num="136" count="1" type="stmt"/>
        <line num="137" count="1" type="stmt"/>
        <line num="143" count="1" type="stmt"/>
        <line num="144" count="1" type="stmt"/>
        <line num="146" count="0" type="cond" truecount="0" falsecount="4"/>
        <line num="147" count="0" type="cond" truecount="0" falsecount="2"/>
        <line num="148" count="0" type="stmt"/>
        <line num="150" count="0" type="stmt"/>
        <line num="157" count="1" type="stmt"/>
        <line num="238" count="7" type="stmt"/>
      </file>
    </package>
    <package name="src.Utils">
      <metrics statements="1" coveredstatements="1" conditionals="0" coveredconditionals="0" methods="0" coveredmethods="0"/>
      <file name="History.js" path="D:\SEPP\Cloud_Homework\UIPrototype\Code\src\Utils\History.js">
        <metrics statements="1" coveredstatements="1" conditionals="0" coveredconditionals="0" methods="0" coveredmethods="0"/>
        <line num="3" count="16" type="stmt"/>
      </file>
    </package>
  </project>
</coverage>
