{"D:\\SEPP\\Cloud_Homework\\UIPrototype\\Code\\src\\config.js": {"path":"D:\\SEPP\\Cloud_Homework\\UIPrototype\\Code\\src\\config.js","statementMap":{"0":{"start":{"line":1,"column":0},"end":{"line":3,"column":2}}},"fnMap":{},"branchMap":{},"s":{"0":15},"f":{},"b":{},"_coverageSchema":"1a1c01bbd47fc00a2c39e90264f33305004495a9","hash":"45f7e1cdc4d68abb734ce3090ca29310e99cdac0"}
,"D:\\SEPP\\Cloud_Homework\\UIPrototype\\Code\\src\\Pages\\Share\\login.jsx": {"path":"D:\\SEPP\\Cloud_Homework\\UIPrototype\\Code\\src\\Pages\\Share\\login.jsx","statementMap":{"0":{"start":{"line":13,"column":11},"end":{"line":13,"column":30}},"1":{"start":{"line":17,"column":4},"end":{"line":17,"column":17}},"2":{"start":{"line":18,"column":4},"end":{"line":22,"column":6}},"3":{"start":{"line":26,"column":14},"end":{"line":29,"column":3}},"4":{"start":{"line":27,"column":15},"end":{"line":27,"column":33}},"5":{"start":{"line":28,"column":4},"end":{"line":28,"column":32}},"6":{"start":{"line":31,"column":18},"end":{"line":34,"column":3}},"7":{"start":{"line":32,"column":13},"end":{"line":32,"column":31}},"8":{"start":{"line":33,"column":4},"end":{"line":33,"column":34}},"9":{"start":{"line":36,"column":18},"end":{"line":38,"column":3}},"10":{"start":{"line":37,"column":4},"end":{"line":37,"column":32}},"11":{"start":{"line":40,"column":19},"end":{"line":42,"column":3}},"12":{"start":{"line":41,"column":4},"end":{"line":41,"column":33}},"13":{"start":{"line":44,"column":10},"end":{"line":57,"column":3}},"14":{"start":{"line":45,"column":15},"end":{"line":45,"column":30}},"15":{"start":{"line":46,"column":19},"end":{"line":46,"column":38}},"16":{"start":{"line":47,"column":15},"end":{"line":50,"column":5}},"17":{"start":{"line":51,"column":14},"end":{"line":51,"column":33}},"18":{"start":{"line":52,"column":16},"end":{"line":52,"column":20}},"19":{"start":{"line":53,"column":4},"end":{"line":56,"column":11}},"20":{"start":{"line":55,"column":10},"end":{"line":55,"column":33}},"21":{"start":{"line":59,"column":15},"end":{"line":99,"column":3}},"22":{"start":{"line":60,"column":4},"end":{"line":98,"column":5}},"23":{"start":{"line":61,"column":6},"end":{"line":61,"column":50}},"24":{"start":{"line":62,"column":19},"end":{"line":62,"column":40}},"25":{"start":{"line":63,"column":16},"end":{"line":63,"column":33}},"26":{"start":{"line":64,"column":21},"end":{"line":64,"column":40}},"27":{"start":{"line":65,"column":18},"end":{"line":65,"column":38}},"28":{"start":{"line":66,"column":17},"end":{"line":66,"column":37}},"29":{"start":{"line":67,"column":6},"end":{"line":67,"column":25}},"30":{"start":{"line":68,"column":6},"end":{"line":68,"column":24}},"31":{"start":{"line":69,"column":6},"end":{"line":69,"column":28}},"32":{"start":{"line":70,"column":6},"end":{"line":70,"column":45}},"33":{"start":{"line":71,"column":6},"end":{"line":71,"column":39}},"34":{"start":{"line":72,"column":6},"end":{"line":72,"column":49}},"35":{"start":{"line":73,"column":6},"end":{"line":73,"column":52}},"36":{"start":{"line":74,"column":6},"end":{"line":74,"column":43}},"37":{"start":{"line":75,"column":6},"end":{"line":75,"column":41}},"38":{"start":{"line":76,"column":6},"end":{"line":76,"column":24}},"39":{"start":{"line":77,"column":6},"end":{"line":77,"column":49}},"40":{"start":{"line":78,"column":6},"end":{"line":78,"column":48}},"41":{"start":{"line":79,"column":6},"end":{"line":79,"column":40}},"42":{"start":{"line":81,"column":4},"end":{"line":98,"column":5}},"43":{"start":{"line":82,"column":6},"end":{"line":82,"column":50}},"44":{"start":{"line":83,"column":19},"end":{"line":83,"column":40}},"45":{"start":{"line":84,"column":16},"end":{"line":84,"column":33}},"46":{"start":{"line":85,"column":21},"end":{"line":85,"column":40}},"47":{"start":{"line":86,"column":18},"end":{"line":86,"column":38}},"48":{"start":{"line":87,"column":17},"end":{"line":87,"column":37}},"49":{"start":{"line":88,"column":6},"end":{"line":88,"column":45}},"50":{"start":{"line":89,"column":6},"end":{"line":89,"column":39}},"51":{"start":{"line":90,"column":6},"end":{"line":90,"column":49}},"52":{"start":{"line":91,"column":6},"end":{"line":91,"column":43}},"53":{"start":{"line":92,"column":6},"end":{"line":92,"column":41}},"54":{"start":{"line":93,"column":6},"end":{"line":93,"column":40}},"55":{"start":{"line":95,"column":4},"end":{"line":98,"column":5}},"56":{"start":{"line":96,"column":6},"end":{"line":96,"column":28}},"57":{"start":{"line":97,"column":6},"end":{"line":97,"column":27}},"58":{"start":{"line":101,"column":23},"end":{"line":104,"column":3}},"59":{"start":{"line":102,"column":4},"end":{"line":102,"column":33}},"60":{"start":{"line":103,"column":4},"end":{"line":103,"column":33}},"61":{"start":{"line":107,"column":4},"end":{"line":175,"column":6}}},"fnMap":{"0":{"name":"(anonymous_0)","decl":{"start":{"line":16,"column":2},"end":{"line":16,"column":3}},"loc":{"start":{"line":16,"column":21},"end":{"line":23,"column":3}},"line":16},"1":{"name":"(anonymous_1)","decl":{"start":{"line":26,"column":14},"end":{"line":26,"column":15}},"loc":{"start":{"line":26,"column":23},"end":{"line":29,"column":3}},"line":26},"2":{"name":"(anonymous_2)","decl":{"start":{"line":31,"column":18},"end":{"line":31,"column":19}},"loc":{"start":{"line":31,"column":27},"end":{"line":34,"column":3}},"line":31},"3":{"name":"(anonymous_3)","decl":{"start":{"line":36,"column":18},"end":{"line":36,"column":19}},"loc":{"start":{"line":36,"column":24},"end":{"line":38,"column":3}},"line":36},"4":{"name":"(anonymous_4)","decl":{"start":{"line":40,"column":19},"end":{"line":40,"column":20}},"loc":{"start":{"line":40,"column":25},"end":{"line":42,"column":3}},"line":40},"5":{"name":"(anonymous_5)","decl":{"start":{"line":44,"column":10},"end":{"line":44,"column":11}},"loc":{"start":{"line":44,"column":16},"end":{"line":57,"column":3}},"line":44},"6":{"name":"(anonymous_6)","decl":{"start":{"line":54,"column":14},"end":{"line":54,"column":15}},"loc":{"start":{"line":54,"column":22},"end":{"line":56,"column":9}},"line":54},"7":{"name":"(anonymous_7)","decl":{"start":{"line":59,"column":15},"end":{"line":59,"column":16}},"loc":{"start":{"line":59,"column":23},"end":{"line":99,"column":3}},"line":59},"8":{"name":"(anonymous_8)","decl":{"start":{"line":101,"column":23},"end":{"line":101,"column":24}},"loc":{"start":{"line":101,"column":29},"end":{"line":104,"column":3}},"line":101},"9":{"name":"(anonymous_9)","decl":{"start":{"line":106,"column":2},"end":{"line":106,"column":3}},"loc":{"start":{"line":106,"column":11},"end":{"line":176,"column":3}},"line":106}},"branchMap":{"0":{"loc":{"start":{"line":60,"column":4},"end":{"line":98,"column":5}},"type":"if","locations":[{"start":{"line":60,"column":4},"end":{"line":98,"column":5}},{"start":{"line":60,"column":4},"end":{"line":98,"column":5}}],"line":60},"1":{"loc":{"start":{"line":81,"column":4},"end":{"line":98,"column":5}},"type":"if","locations":[{"start":{"line":81,"column":4},"end":{"line":98,"column":5}},{"start":{"line":81,"column":4},"end":{"line":98,"column":5}}],"line":81},"2":{"loc":{"start":{"line":95,"column":4},"end":{"line":98,"column":5}},"type":"if","locations":[{"start":{"line":95,"column":4},"end":{"line":98,"column":5}},{"start":{"line":95,"column":4},"end":{"line":98,"column":5}}],"line":95}},"s":{"0":1,"1":8,"2":8,"3":8,"4":1,"5":1,"6":8,"7":1,"8":1,"9":8,"10":2,"11":8,"12":1,"13":8,"14":1,"15":1,"16":1,"17":1,"18":1,"19":1,"20":0,"21":8,"22":3,"23":1,"24":1,"25":1,"26":1,"27":1,"28":1,"29":1,"30":1,"31":1,"32":1,"33":1,"34":1,"35":1,"36":1,"37":1,"38":1,"39":1,"40":1,"41":1,"42":2,"43":1,"44":1,"45":1,"46":1,"47":1,"48":1,"49":1,"50":1,"51":1,"52":1,"53":1,"54":1,"55":1,"56":1,"57":1,"58":8,"59":1,"60":1,"61":1},"f":{"0":8,"1":1,"2":1,"3":2,"4":1,"5":1,"6":0,"7":3,"8":1,"9":1},"b":{"0":[1,2],"1":[1,1],"2":[1,0]},"_coverageSchema":"1a1c01bbd47fc00a2c39e90264f33305004495a9","hash":"5ecf1b4b0781941f240a432641ff10e4ab4328a9"}
,"D:\\SEPP\\Cloud_Homework\\UIPrototype\\Code\\src\\Pages\\Share\\register.jsx": {"path":"D:\\SEPP\\Cloud_Homework\\UIPrototype\\Code\\src\\Pages\\Share\\register.jsx","statementMap":{"0":{"start":{"line":13,"column":11},"end":{"line":13,"column":30}},"1":{"start":{"line":17,"column":4},"end":{"line":17,"column":17}},"2":{"start":{"line":18,"column":4},"end":{"line":27,"column":5}},"3":{"start":{"line":30,"column":19},"end":{"line":32,"column":3}},"4":{"start":{"line":31,"column":4},"end":{"line":31,"column":26}},"5":{"start":{"line":34,"column":16},"end":{"line":36,"column":3}},"6":{"start":{"line":35,"column":4},"end":{"line":35,"column":34}},"7":{"start":{"line":38,"column":12},"end":{"line":40,"column":3}},"8":{"start":{"line":39,"column":4},"end":{"line":39,"column":44}},"9":{"start":{"line":42,"column":14},"end":{"line":44,"column":3}},"10":{"start":{"line":43,"column":4},"end":{"line":43,"column":45}},"11":{"start":{"line":46,"column":14},"end":{"line":48,"column":3}},"12":{"start":{"line":47,"column":4},"end":{"line":47,"column":46}},"13":{"start":{"line":50,"column":15},"end":{"line":52,"column":3}},"14":{"start":{"line":51,"column":4},"end":{"line":51,"column":47}},"15":{"start":{"line":54,"column":20},"end":{"line":56,"column":3}},"16":{"start":{"line":55,"column":4},"end":{"line":55,"column":52}},"17":{"start":{"line":58,"column":15},"end":{"line":60,"column":3}},"18":{"start":{"line":59,"column":4},"end":{"line":59,"column":47}},"19":{"start":{"line":62,"column":18},"end":{"line":64,"column":3}},"20":{"start":{"line":63,"column":4},"end":{"line":63,"column":50}},"21":{"start":{"line":66,"column":18},"end":{"line":69,"column":3}},"22":{"start":{"line":67,"column":4},"end":{"line":67,"column":50}},"23":{"start":{"line":68,"column":4},"end":{"line":68,"column":36}},"24":{"start":{"line":71,"column":18},"end":{"line":73,"column":3}},"25":{"start":{"line":72,"column":4},"end":{"line":72,"column":50}},"26":{"start":{"line":75,"column":16},"end":{"line":77,"column":3}},"27":{"start":{"line":76,"column":4},"end":{"line":76,"column":30}},"28":{"start":{"line":79,"column":14},"end":{"line":91,"column":3}},"29":{"start":{"line":80,"column":15},"end":{"line":80,"column":28}},"30":{"start":{"line":81,"column":21},"end":{"line":81,"column":40}},"31":{"start":{"line":82,"column":17},"end":{"line":82,"column":32}},"32":{"start":{"line":83,"column":17},"end":{"line":83,"column":32}},"33":{"start":{"line":84,"column":18},"end":{"line":84,"column":34}},"34":{"start":{"line":85,"column":21},"end":{"line":85,"column":40}},"35":{"start":{"line":86,"column":21},"end":{"line":86,"column":40}},"36":{"start":{"line":87,"column":4},"end":{"line":89,"column":15}},"37":{"start":{"line":89,"column":6},"end":{"line":89,"column":15}},"38":{"start":{"line":90,"column":4},"end":{"line":90,"column":13}},"39":{"start":{"line":93,"column":13},"end":{"line":116,"column":3}},"40":{"start":{"line":94,"column":16},"end":{"line":94,"column":32}},"41":{"start":{"line":95,"column":4},"end":{"line":98,"column":5}},"42":{"start":{"line":96,"column":6},"end":{"line":96,"column":31}},"43":{"start":{"line":97,"column":6},"end":{"line":97,"column":13}},"44":{"start":{"line":99,"column":14},"end":{"line":99,"column":36}},"45":{"start":{"line":100,"column":15},"end":{"line":108,"column":5}},"46":{"start":{"line":109,"column":4},"end":{"line":109,"column":22}},"47":{"start":{"line":110,"column":16},"end":{"line":110,"column":20}},"48":{"start":{"line":111,"column":4},"end":{"line":115,"column":7}},"49":{"start":{"line":113,"column":10},"end":{"line":113,"column":36}},"50":{"start":{"line":118,"column":18},"end":{"line":132,"column":3}},"51":{"start":{"line":119,"column":4},"end":{"line":131,"column":5}},"52":{"start":{"line":120,"column":17},"end":{"line":120,"column":31}},"53":{"start":{"line":121,"column":6},"end":{"line":130,"column":7}},"54":{"start":{"line":122,"column":8},"end":{"line":122,"column":30}},"55":{"start":{"line":123,"column":8},"end":{"line":123,"column":27}},"56":{"start":{"line":124,"column":13},"end":{"line":130,"column":7}},"57":{"start":{"line":125,"column":8},"end":{"line":125,"column":32}},"58":{"start":{"line":129,"column":8},"end":{"line":129,"column":27}},"59":{"start":{"line":135,"column":4},"end":{"line":174,"column":6}}},"fnMap":{"0":{"name":"(anonymous_0)","decl":{"start":{"line":16,"column":2},"end":{"line":16,"column":3}},"loc":{"start":{"line":16,"column":21},"end":{"line":28,"column":3}},"line":16},"1":{"name":"(anonymous_1)","decl":{"start":{"line":30,"column":19},"end":{"line":30,"column":20}},"loc":{"start":{"line":30,"column":25},"end":{"line":32,"column":3}},"line":30},"2":{"name":"(anonymous_2)","decl":{"start":{"line":34,"column":16},"end":{"line":34,"column":17}},"loc":{"start":{"line":34,"column":22},"end":{"line":36,"column":3}},"line":34},"3":{"name":"(anonymous_3)","decl":{"start":{"line":38,"column":12},"end":{"line":38,"column":13}},"loc":{"start":{"line":38,"column":23},"end":{"line":40,"column":3}},"line":38},"4":{"name":"(anonymous_4)","decl":{"start":{"line":42,"column":14},"end":{"line":42,"column":15}},"loc":{"start":{"line":42,"column":25},"end":{"line":44,"column":3}},"line":42},"5":{"name":"(anonymous_5)","decl":{"start":{"line":46,"column":14},"end":{"line":46,"column":15}},"loc":{"start":{"line":46,"column":25},"end":{"line":48,"column":3}},"line":46},"6":{"name":"(anonymous_6)","decl":{"start":{"line":50,"column":15},"end":{"line":50,"column":16}},"loc":{"start":{"line":50,"column":26},"end":{"line":52,"column":3}},"line":50},"7":{"name":"(anonymous_7)","decl":{"start":{"line":54,"column":20},"end":{"line":54,"column":21}},"loc":{"start":{"line":54,"column":31},"end":{"line":56,"column":3}},"line":54},"8":{"name":"(anonymous_8)","decl":{"start":{"line":58,"column":15},"end":{"line":58,"column":16}},"loc":{"start":{"line":58,"column":26},"end":{"line":60,"column":3}},"line":58},"9":{"name":"(anonymous_9)","decl":{"start":{"line":62,"column":18},"end":{"line":62,"column":19}},"loc":{"start":{"line":62,"column":29},"end":{"line":64,"column":3}},"line":62},"10":{"name":"(anonymous_10)","decl":{"start":{"line":66,"column":18},"end":{"line":66,"column":19}},"loc":{"start":{"line":66,"column":29},"end":{"line":69,"column":3}},"line":66},"11":{"name":"(anonymous_11)","decl":{"start":{"line":71,"column":18},"end":{"line":71,"column":19}},"loc":{"start":{"line":71,"column":29},"end":{"line":73,"column":3}},"line":71},"12":{"name":"(anonymous_12)","decl":{"start":{"line":75,"column":16},"end":{"line":75,"column":17}},"loc":{"start":{"line":75,"column":22},"end":{"line":77,"column":3}},"line":75},"13":{"name":"(anonymous_13)","decl":{"start":{"line":79,"column":14},"end":{"line":79,"column":15}},"loc":{"start":{"line":79,"column":20},"end":{"line":91,"column":3}},"line":79},"14":{"name":"(anonymous_14)","decl":{"start":{"line":93,"column":13},"end":{"line":93,"column":14}},"loc":{"start":{"line":93,"column":19},"end":{"line":116,"column":3}},"line":93},"15":{"name":"(anonymous_15)","decl":{"start":{"line":112,"column":14},"end":{"line":112,"column":15}},"loc":{"start":{"line":112,"column":22},"end":{"line":114,"column":9}},"line":112},"16":{"name":"(anonymous_16)","decl":{"start":{"line":118,"column":18},"end":{"line":118,"column":19}},"loc":{"start":{"line":118,"column":28},"end":{"line":132,"column":3}},"line":118},"17":{"name":"(anonymous_17)","decl":{"start":{"line":134,"column":2},"end":{"line":134,"column":3}},"loc":{"start":{"line":134,"column":11},"end":{"line":175,"column":3}},"line":134}},"branchMap":{"0":{"loc":{"start":{"line":87,"column":4},"end":{"line":89,"column":15}},"type":"if","locations":[{"start":{"line":87,"column":4},"end":{"line":89,"column":15}},{"start":{"line":87,"column":4},"end":{"line":89,"column":15}}],"line":87},"1":{"loc":{"start":{"line":87,"column":7},"end":{"line":88,"column":80}},"type":"binary-expr","locations":[{"start":{"line":87,"column":7},"end":{"line":87,"column":18}},{"start":{"line":87,"column":22},"end":{"line":87,"column":39}},{"start":{"line":87,"column":43},"end":{"line":87,"column":56}},{"start":{"line":88,"column":7},"end":{"line":88,"column":20}},{"start":{"line":88,"column":24},"end":{"line":88,"column":38}},{"start":{"line":88,"column":42},"end":{"line":88,"column":59}},{"start":{"line":88,"column":63},"end":{"line":88,"column":80}}],"line":87},"2":{"loc":{"start":{"line":95,"column":4},"end":{"line":98,"column":5}},"type":"if","locations":[{"start":{"line":95,"column":4},"end":{"line":98,"column":5}},{"start":{"line":95,"column":4},"end":{"line":98,"column":5}}],"line":95},"3":{"loc":{"start":{"line":119,"column":4},"end":{"line":131,"column":5}},"type":"if","locations":[{"start":{"line":119,"column":4},"end":{"line":131,"column":5}},{"start":{"line":119,"column":4},"end":{"line":131,"column":5}}],"line":119},"4":{"loc":{"start":{"line":119,"column":7},"end":{"line":119,"column":34}},"type":"binary-expr","locations":[{"start":{"line":119,"column":7},"end":{"line":119,"column":11}},{"start":{"line":119,"column":15},"end":{"line":119,"column":34}}],"line":119},"5":{"loc":{"start":{"line":121,"column":6},"end":{"line":130,"column":7}},"type":"if","locations":[{"start":{"line":121,"column":6},"end":{"line":130,"column":7}},{"start":{"line":121,"column":6},"end":{"line":130,"column":7}}],"line":121},"6":{"loc":{"start":{"line":124,"column":13},"end":{"line":130,"column":7}},"type":"if","locations":[{"start":{"line":124,"column":13},"end":{"line":130,"column":7}},{"start":{"line":124,"column":13},"end":{"line":130,"column":7}}],"line":124}},"s":{"0":1,"1":16,"2":16,"3":16,"4":2,"5":16,"6":2,"7":16,"8":1,"9":16,"10":1,"11":16,"12":1,"13":16,"14":1,"15":16,"16":1,"17":16,"18":1,"19":16,"20":1,"21":16,"22":1,"23":1,"24":16,"25":1,"26":16,"27":2,"28":16,"29":4,"30":4,"31":4,"32":4,"33":4,"34":4,"35":4,"36":4,"37":2,"38":2,"39":16,"40":2,"41":2,"42":1,"43":1,"44":1,"45":1,"46":1,"47":1,"48":1,"49":0,"50":16,"51":3,"52":3,"53":3,"54":1,"55":1,"56":2,"57":1,"58":1,"59":1},"f":{"0":16,"1":2,"2":2,"3":1,"4":1,"5":1,"6":1,"7":1,"8":1,"9":1,"10":1,"11":1,"12":2,"13":4,"14":2,"15":0,"16":3,"17":1},"b":{"0":[2,2],"1":[4,3,3,3,3,3,3],"2":[1,1],"3":[3,0],"4":[3,3],"5":[1,2],"6":[1,1]},"_coverageSchema":"1a1c01bbd47fc00a2c39e90264f33305004495a9","hash":"933630d9ec3be20251de32955450ecbf09d0e137"}
,"D:\\SEPP\\Cloud_Homework\\UIPrototype\\Code\\src\\Pages\\Student\\CourseDetailPage.jsx": {"path":"D:\\SEPP\\Cloud_Homework\\UIPrototype\\Code\\src\\Pages\\Student\\CourseDetailPage.jsx","statementMap":{"0":{"start":{"line":13,"column":43},"end":{"line":13,"column":49}},"1":{"start":{"line":15,"column":13},"end":{"line":22,"column":1}},"2":{"start":{"line":24,"column":11},"end":{"line":24,"column":30}},"3":{"start":{"line":28,"column":8},"end":{"line":28,"column":21}},"4":{"start":{"line":29,"column":8},"end":{"line":37,"column":10}},"5":{"start":{"line":40,"column":21},"end":{"line":46,"column":5}},"6":{"start":{"line":41,"column":8},"end":{"line":42,"column":26}},"7":{"start":{"line":42,"column":12},"end":{"line":42,"column":26}},"8":{"start":{"line":43,"column":8},"end":{"line":44,"column":26}},"9":{"start":{"line":44,"column":12},"end":{"line":44,"column":26}},"10":{"start":{"line":45,"column":8},"end":{"line":45,"column":21}},"11":{"start":{"line":49,"column":8},"end":{"line":49,"column":29}},"12":{"start":{"line":52,"column":17},"end":{"line":54,"column":5}},"13":{"start":{"line":53,"column":8},"end":{"line":53,"column":42}},"14":{"start":{"line":56,"column":15},"end":{"line":58,"column":5}},"15":{"start":{"line":57,"column":8},"end":{"line":57,"column":40}},"16":{"start":{"line":60,"column":16},"end":{"line":62,"column":5}},"17":{"start":{"line":61,"column":8},"end":{"line":61,"column":41}},"18":{"start":{"line":64,"column":20},"end":{"line":72,"column":5}},"19":{"start":{"line":65,"column":18},"end":{"line":65,"column":73}},"20":{"start":{"line":66,"column":20},"end":{"line":66,"column":24}},"21":{"start":{"line":67,"column":8},"end":{"line":70,"column":14}},"22":{"start":{"line":69,"column":16},"end":{"line":69,"column":46}},"23":{"start":{"line":74,"column":24},"end":{"line":81,"column":5}},"24":{"start":{"line":75,"column":8},"end":{"line":80,"column":9}},"25":{"start":{"line":76,"column":31},"end":{"line":76,"column":40}},"26":{"start":{"line":77,"column":12},"end":{"line":79,"column":15}},"27":{"start":{"line":83,"column":16},"end":{"line":85,"column":5}},"28":{"start":{"line":84,"column":8},"end":{"line":84,"column":40}},"29":{"start":{"line":87,"column":22},"end":{"line":89,"column":5}},"30":{"start":{"line":88,"column":8},"end":{"line":88,"column":42}},"31":{"start":{"line":91,"column":24},"end":{"line":93,"column":5}},"32":{"start":{"line":92,"column":8},"end":{"line":92,"column":55}},"33":{"start":{"line":95,"column":22},"end":{"line":106,"column":5}},"34":{"start":{"line":96,"column":18},"end":{"line":96,"column":27}},"35":{"start":{"line":97,"column":8},"end":{"line":99,"column":9}},"36":{"start":{"line":98,"column":12},"end":{"line":98,"column":29}},"37":{"start":{"line":100,"column":8},"end":{"line":102,"column":9}},"38":{"start":{"line":101,"column":12},"end":{"line":101,"column":35}},"39":{"start":{"line":103,"column":8},"end":{"line":105,"column":9}},"40":{"start":{"line":104,"column":12},"end":{"line":104,"column":37}},"41":{"start":{"line":110,"column":21},"end":{"line":112,"column":5}},"42":{"start":{"line":111,"column":8},"end":{"line":111,"column":83}},"43":{"start":{"line":114,"column":28},"end":{"line":116,"column":5}},"44":{"start":{"line":115,"column":8},"end":{"line":115,"column":83}},"45":{"start":{"line":118,"column":26},"end":{"line":120,"column":5}},"46":{"start":{"line":119,"column":8},"end":{"line":119,"column":83}},"47":{"start":{"line":123,"column":15},"end":{"line":134,"column":5}},"48":{"start":{"line":125,"column":20},"end":{"line":125,"column":24}},"49":{"start":{"line":126,"column":21},"end":{"line":126,"column":41}},"50":{"start":{"line":127,"column":23},"end":{"line":127,"column":47}},"51":{"start":{"line":128,"column":18},"end":{"line":128,"column":70}},"52":{"start":{"line":129,"column":8},"end":{"line":132,"column":15}},"53":{"start":{"line":131,"column":16},"end":{"line":131,"column":41}},"54":{"start":{"line":133,"column":8},"end":{"line":133,"column":41}},"55":{"start":{"line":136,"column":19},"end":{"line":143,"column":5}},"56":{"start":{"line":137,"column":8},"end":{"line":142,"column":9}},"57":{"start":{"line":138,"column":24},"end":{"line":138,"column":33}},"58":{"start":{"line":139,"column":12},"end":{"line":141,"column":15}},"59":{"start":{"line":146,"column":8},"end":{"line":232,"column":9}},"60":{"start":{"line":197,"column":46},"end":{"line":197,"column":50}}},"fnMap":{"0":{"name":"(anonymous_0)","decl":{"start":{"line":27,"column":4},"end":{"line":27,"column":5}},"loc":{"start":{"line":27,"column":23},"end":{"line":38,"column":5}},"line":27},"1":{"name":"(anonymous_1)","decl":{"start":{"line":40,"column":21},"end":{"line":40,"column":22}},"loc":{"start":{"line":40,"column":28},"end":{"line":46,"column":5}},"line":40},"2":{"name":"(anonymous_2)","decl":{"start":{"line":48,"column":4},"end":{"line":48,"column":5}},"loc":{"start":{"line":48,"column":24},"end":{"line":50,"column":5}},"line":48},"3":{"name":"(anonymous_3)","decl":{"start":{"line":52,"column":17},"end":{"line":52,"column":18}},"loc":{"start":{"line":52,"column":23},"end":{"line":54,"column":5}},"line":52},"4":{"name":"(anonymous_4)","decl":{"start":{"line":56,"column":15},"end":{"line":56,"column":16}},"loc":{"start":{"line":56,"column":21},"end":{"line":58,"column":5}},"line":56},"5":{"name":"(anonymous_5)","decl":{"start":{"line":60,"column":16},"end":{"line":60,"column":17}},"loc":{"start":{"line":60,"column":22},"end":{"line":62,"column":5}},"line":60},"6":{"name":"(anonymous_6)","decl":{"start":{"line":64,"column":20},"end":{"line":64,"column":21}},"loc":{"start":{"line":64,"column":26},"end":{"line":72,"column":5}},"line":64},"7":{"name":"(anonymous_7)","decl":{"start":{"line":68,"column":18},"end":{"line":68,"column":19}},"loc":{"start":{"line":68,"column":26},"end":{"line":70,"column":13}},"line":68},"8":{"name":"(anonymous_8)","decl":{"start":{"line":74,"column":24},"end":{"line":74,"column":25}},"loc":{"start":{"line":74,"column":34},"end":{"line":81,"column":5}},"line":74},"9":{"name":"(anonymous_9)","decl":{"start":{"line":83,"column":16},"end":{"line":83,"column":17}},"loc":{"start":{"line":83,"column":22},"end":{"line":85,"column":5}},"line":83},"10":{"name":"(anonymous_10)","decl":{"start":{"line":87,"column":22},"end":{"line":87,"column":23}},"loc":{"start":{"line":87,"column":28},"end":{"line":89,"column":5}},"line":87},"11":{"name":"(anonymous_11)","decl":{"start":{"line":91,"column":24},"end":{"line":91,"column":25}},"loc":{"start":{"line":91,"column":30},"end":{"line":93,"column":5}},"line":91},"12":{"name":"(anonymous_12)","decl":{"start":{"line":95,"column":22},"end":{"line":95,"column":23}},"loc":{"start":{"line":95,"column":33},"end":{"line":106,"column":5}},"line":95},"13":{"name":"(anonymous_13)","decl":{"start":{"line":110,"column":21},"end":{"line":110,"column":22}},"loc":{"start":{"line":110,"column":27},"end":{"line":112,"column":5}},"line":110},"14":{"name":"(anonymous_14)","decl":{"start":{"line":114,"column":28},"end":{"line":114,"column":29}},"loc":{"start":{"line":114,"column":34},"end":{"line":116,"column":5}},"line":114},"15":{"name":"(anonymous_15)","decl":{"start":{"line":118,"column":26},"end":{"line":118,"column":27}},"loc":{"start":{"line":118,"column":32},"end":{"line":120,"column":5}},"line":118},"16":{"name":"(anonymous_16)","decl":{"start":{"line":123,"column":15},"end":{"line":123,"column":16}},"loc":{"start":{"line":123,"column":21},"end":{"line":134,"column":5}},"line":123},"17":{"name":"(anonymous_17)","decl":{"start":{"line":130,"column":18},"end":{"line":130,"column":19}},"loc":{"start":{"line":130,"column":26},"end":{"line":132,"column":13}},"line":130},"18":{"name":"(anonymous_18)","decl":{"start":{"line":136,"column":19},"end":{"line":136,"column":20}},"loc":{"start":{"line":136,"column":29},"end":{"line":143,"column":5}},"line":136},"19":{"name":"(anonymous_19)","decl":{"start":{"line":145,"column":4},"end":{"line":145,"column":5}},"loc":{"start":{"line":145,"column":12},"end":{"line":233,"column":5}},"line":145},"20":{"name":"(anonymous_20)","decl":{"start":{"line":197,"column":40},"end":{"line":197,"column":41}},"loc":{"start":{"line":197,"column":46},"end":{"line":197,"column":50}},"line":197}},"branchMap":{"0":{"loc":{"start":{"line":41,"column":8},"end":{"line":42,"column":26}},"type":"if","locations":[{"start":{"line":41,"column":8},"end":{"line":42,"column":26}},{"start":{"line":41,"column":8},"end":{"line":42,"column":26}}],"line":41},"1":{"loc":{"start":{"line":43,"column":8},"end":{"line":44,"column":26}},"type":"if","locations":[{"start":{"line":43,"column":8},"end":{"line":44,"column":26}},{"start":{"line":43,"column":8},"end":{"line":44,"column":26}}],"line":43},"2":{"loc":{"start":{"line":75,"column":8},"end":{"line":80,"column":9}},"type":"if","locations":[{"start":{"line":75,"column":8},"end":{"line":80,"column":9}},{"start":{"line":75,"column":8},"end":{"line":80,"column":9}}],"line":75},"3":{"loc":{"start":{"line":75,"column":11},"end":{"line":75,"column":38}},"type":"binary-expr","locations":[{"start":{"line":75,"column":11},"end":{"line":75,"column":15}},{"start":{"line":75,"column":19},"end":{"line":75,"column":38}}],"line":75},"4":{"loc":{"start":{"line":97,"column":8},"end":{"line":99,"column":9}},"type":"if","locations":[{"start":{"line":97,"column":8},"end":{"line":99,"column":9}},{"start":{"line":97,"column":8},"end":{"line":99,"column":9}}],"line":97},"5":{"loc":{"start":{"line":100,"column":8},"end":{"line":102,"column":9}},"type":"if","locations":[{"start":{"line":100,"column":8},"end":{"line":102,"column":9}},{"start":{"line":100,"column":8},"end":{"line":102,"column":9}}],"line":100},"6":{"loc":{"start":{"line":103,"column":8},"end":{"line":105,"column":9}},"type":"if","locations":[{"start":{"line":103,"column":8},"end":{"line":105,"column":9}},{"start":{"line":103,"column":8},"end":{"line":105,"column":9}}],"line":103},"7":{"loc":{"start":{"line":137,"column":8},"end":{"line":142,"column":9}},"type":"if","locations":[{"start":{"line":137,"column":8},"end":{"line":142,"column":9}},{"start":{"line":137,"column":8},"end":{"line":142,"column":9}}],"line":137},"8":{"loc":{"start":{"line":137,"column":11},"end":{"line":137,"column":38}},"type":"binary-expr","locations":[{"start":{"line":137,"column":11},"end":{"line":137,"column":15}},{"start":{"line":137,"column":19},"end":{"line":137,"column":38}}],"line":137}},"s":{"0":1,"1":1,"2":1,"3":17,"4":17,"5":17,"6":4,"7":1,"8":3,"9":1,"10":2,"11":1,"12":17,"13":1,"14":17,"15":1,"16":17,"17":1,"18":17,"19":2,"20":2,"21":2,"22":0,"23":17,"24":1,"25":1,"26":1,"27":17,"28":2,"29":17,"30":2,"31":17,"32":2,"33":17,"34":3,"35":3,"36":1,"37":3,"38":1,"39":3,"40":1,"41":17,"42":1,"43":17,"44":1,"45":17,"46":1,"47":17,"48":1,"49":1,"50":1,"51":1,"52":1,"53":0,"54":1,"55":17,"56":1,"57":1,"58":1,"59":1,"60":0},"f":{"0":17,"1":4,"2":1,"3":1,"4":1,"5":1,"6":2,"7":0,"8":1,"9":2,"10":2,"11":2,"12":3,"13":1,"14":1,"15":1,"16":1,"17":0,"18":1,"19":1,"20":0},"b":{"0":[1,3],"1":[1,2],"2":[1,0],"3":[1,1],"4":[1,2],"5":[1,2],"6":[1,2],"7":[1,0],"8":[1,1]},"_coverageSchema":"1a1c01bbd47fc00a2c39e90264f33305004495a9","hash":"520ee26390e42d5ae7937450f2866bb2aab2db86"}
,"D:\\SEPP\\Cloud_Homework\\UIPrototype\\Code\\src\\Pages\\Student\\CourseListPage.jsx": {"path":"D:\\SEPP\\Cloud_Homework\\UIPrototype\\Code\\src\\Pages\\Student\\CourseListPage.jsx","statementMap":{"0":{"start":{"line":9,"column":41},"end":{"line":9,"column":47}},"1":{"start":{"line":10,"column":30},"end":{"line":10,"column":35}},"2":{"start":{"line":12,"column":11},"end":{"line":12,"column":30}},"3":{"start":{"line":14,"column":13},"end":{"line":45,"column":1}},"4":{"start":{"line":50,"column":8},"end":{"line":50,"column":21}},"5":{"start":{"line":51,"column":8},"end":{"line":54,"column":9}},"6":{"start":{"line":58,"column":4},"end":{"line":58,"column":25}},"7":{"start":{"line":61,"column":14},"end":{"line":63,"column":3}},"8":{"start":{"line":62,"column":4},"end":{"line":62,"column":36}},"9":{"start":{"line":65,"column":20},"end":{"line":67,"column":3}},"10":{"start":{"line":66,"column":4},"end":{"line":66,"column":38}},"11":{"start":{"line":69,"column":22},"end":{"line":71,"column":3}},"12":{"start":{"line":70,"column":4},"end":{"line":70,"column":51}},"13":{"start":{"line":73,"column":22},"end":{"line":84,"column":5}},"14":{"start":{"line":74,"column":18},"end":{"line":74,"column":27}},"15":{"start":{"line":75,"column":8},"end":{"line":77,"column":9}},"16":{"start":{"line":76,"column":12},"end":{"line":76,"column":29}},"17":{"start":{"line":78,"column":8},"end":{"line":80,"column":9}},"18":{"start":{"line":79,"column":12},"end":{"line":79,"column":35}},"19":{"start":{"line":81,"column":8},"end":{"line":83,"column":9}},"20":{"start":{"line":82,"column":12},"end":{"line":82,"column":37}},"21":{"start":{"line":86,"column":20},"end":{"line":94,"column":5}},"22":{"start":{"line":87,"column":21},"end":{"line":87,"column":48}},"23":{"start":{"line":88,"column":18},"end":{"line":88,"column":60}},"24":{"start":{"line":89,"column":20},"end":{"line":89,"column":24}},"25":{"start":{"line":90,"column":8},"end":{"line":93,"column":14}},"26":{"start":{"line":92,"column":16},"end":{"line":92,"column":46}},"27":{"start":{"line":96,"column":24},"end":{"line":103,"column":5}},"28":{"start":{"line":97,"column":6},"end":{"line":102,"column":7}},"29":{"start":{"line":98,"column":25},"end":{"line":98,"column":34}},"30":{"start":{"line":99,"column":8},"end":{"line":101,"column":11}},"31":{"start":{"line":105,"column":15},"end":{"line":107,"column":5}},"32":{"start":{"line":109,"column":15},"end":{"line":115,"column":5}},"33":{"start":{"line":110,"column":8},"end":{"line":111,"column":27}},"34":{"start":{"line":111,"column":12},"end":{"line":111,"column":27}},"35":{"start":{"line":112,"column":8},"end":{"line":113,"column":26}},"36":{"start":{"line":113,"column":12},"end":{"line":113,"column":26}},"37":{"start":{"line":114,"column":8},"end":{"line":114,"column":20}},"38":{"start":{"line":117,"column":21},"end":{"line":123,"column":5}},"39":{"start":{"line":118,"column":8},"end":{"line":119,"column":26}},"40":{"start":{"line":119,"column":12},"end":{"line":119,"column":26}},"41":{"start":{"line":120,"column":8},"end":{"line":121,"column":26}},"42":{"start":{"line":121,"column":12},"end":{"line":121,"column":26}},"43":{"start":{"line":122,"column":8},"end":{"line":122,"column":22}},"44":{"start":{"line":125,"column":21},"end":{"line":129,"column":5}},"45":{"start":{"line":126,"column":8},"end":{"line":126,"column":31}},"46":{"start":{"line":127,"column":8},"end":{"line":127,"column":25}},"47":{"start":{"line":128,"column":8},"end":{"line":128,"column":62}},"48":{"start":{"line":132,"column":8},"end":{"line":201,"column":9}},"49":{"start":{"line":176,"column":36},"end":{"line":178,"column":42}},"50":{"start":{"line":187,"column":36},"end":{"line":189,"column":49}},"51":{"start":{"line":187,"column":81},"end":{"line":187,"column":111}}},"fnMap":{"0":{"name":"(anonymous_0)","decl":{"start":{"line":49,"column":4},"end":{"line":49,"column":5}},"loc":{"start":{"line":49,"column":23},"end":{"line":55,"column":5}},"line":49},"1":{"name":"(anonymous_1)","decl":{"start":{"line":57,"column":2},"end":{"line":57,"column":3}},"loc":{"start":{"line":57,"column":22},"end":{"line":59,"column":3}},"line":57},"2":{"name":"(anonymous_2)","decl":{"start":{"line":61,"column":14},"end":{"line":61,"column":15}},"loc":{"start":{"line":61,"column":20},"end":{"line":63,"column":3}},"line":61},"3":{"name":"(anonymous_3)","decl":{"start":{"line":65,"column":20},"end":{"line":65,"column":21}},"loc":{"start":{"line":65,"column":26},"end":{"line":67,"column":3}},"line":65},"4":{"name":"(anonymous_4)","decl":{"start":{"line":69,"column":22},"end":{"line":69,"column":23}},"loc":{"start":{"line":69,"column":28},"end":{"line":71,"column":3}},"line":69},"5":{"name":"(anonymous_5)","decl":{"start":{"line":73,"column":22},"end":{"line":73,"column":23}},"loc":{"start":{"line":73,"column":33},"end":{"line":84,"column":5}},"line":73},"6":{"name":"(anonymous_6)","decl":{"start":{"line":86,"column":20},"end":{"line":86,"column":21}},"loc":{"start":{"line":86,"column":26},"end":{"line":94,"column":5}},"line":86},"7":{"name":"(anonymous_7)","decl":{"start":{"line":91,"column":18},"end":{"line":91,"column":19}},"loc":{"start":{"line":91,"column":26},"end":{"line":93,"column":13}},"line":91},"8":{"name":"(anonymous_8)","decl":{"start":{"line":96,"column":24},"end":{"line":96,"column":25}},"loc":{"start":{"line":96,"column":34},"end":{"line":103,"column":5}},"line":96},"9":{"name":"(anonymous_9)","decl":{"start":{"line":105,"column":15},"end":{"line":105,"column":16}},"loc":{"start":{"line":105,"column":21},"end":{"line":107,"column":5}},"line":105},"10":{"name":"(anonymous_10)","decl":{"start":{"line":109,"column":15},"end":{"line":109,"column":16}},"loc":{"start":{"line":109,"column":22},"end":{"line":115,"column":5}},"line":109},"11":{"name":"(anonymous_11)","decl":{"start":{"line":117,"column":21},"end":{"line":117,"column":22}},"loc":{"start":{"line":117,"column":28},"end":{"line":123,"column":5}},"line":117},"12":{"name":"(anonymous_12)","decl":{"start":{"line":125,"column":21},"end":{"line":125,"column":22}},"loc":{"start":{"line":125,"column":30},"end":{"line":129,"column":5}},"line":125},"13":{"name":"(anonymous_13)","decl":{"start":{"line":131,"column":4},"end":{"line":131,"column":5}},"loc":{"start":{"line":131,"column":12},"end":{"line":202,"column":3}},"line":131},"14":{"name":"(anonymous_14)","decl":{"start":{"line":175,"column":40},"end":{"line":175,"column":41}},"loc":{"start":{"line":176,"column":36},"end":{"line":178,"column":42}},"line":176},"15":{"name":"(anonymous_15)","decl":{"start":{"line":185,"column":40},"end":{"line":185,"column":41}},"loc":{"start":{"line":187,"column":36},"end":{"line":189,"column":49}},"line":187},"16":{"name":"(anonymous_16)","decl":{"start":{"line":187,"column":75},"end":{"line":187,"column":76}},"loc":{"start":{"line":187,"column":81},"end":{"line":187,"column":111}},"line":187}},"branchMap":{"0":{"loc":{"start":{"line":75,"column":8},"end":{"line":77,"column":9}},"type":"if","locations":[{"start":{"line":75,"column":8},"end":{"line":77,"column":9}},{"start":{"line":75,"column":8},"end":{"line":77,"column":9}}],"line":75},"1":{"loc":{"start":{"line":78,"column":8},"end":{"line":80,"column":9}},"type":"if","locations":[{"start":{"line":78,"column":8},"end":{"line":80,"column":9}},{"start":{"line":78,"column":8},"end":{"line":80,"column":9}}],"line":78},"2":{"loc":{"start":{"line":81,"column":8},"end":{"line":83,"column":9}},"type":"if","locations":[{"start":{"line":81,"column":8},"end":{"line":83,"column":9}},{"start":{"line":81,"column":8},"end":{"line":83,"column":9}}],"line":81},"3":{"loc":{"start":{"line":97,"column":6},"end":{"line":102,"column":7}},"type":"if","locations":[{"start":{"line":97,"column":6},"end":{"line":102,"column":7}},{"start":{"line":97,"column":6},"end":{"line":102,"column":7}}],"line":97},"4":{"loc":{"start":{"line":97,"column":9},"end":{"line":97,"column":36}},"type":"binary-expr","locations":[{"start":{"line":97,"column":9},"end":{"line":97,"column":13}},{"start":{"line":97,"column":17},"end":{"line":97,"column":36}}],"line":97},"5":{"loc":{"start":{"line":110,"column":8},"end":{"line":111,"column":27}},"type":"if","locations":[{"start":{"line":110,"column":8},"end":{"line":111,"column":27}},{"start":{"line":110,"column":8},"end":{"line":111,"column":27}}],"line":110},"6":{"loc":{"start":{"line":112,"column":8},"end":{"line":113,"column":26}},"type":"if","locations":[{"start":{"line":112,"column":8},"end":{"line":113,"column":26}},{"start":{"line":112,"column":8},"end":{"line":113,"column":26}}],"line":112},"7":{"loc":{"start":{"line":118,"column":8},"end":{"line":119,"column":26}},"type":"if","locations":[{"start":{"line":118,"column":8},"end":{"line":119,"column":26}},{"start":{"line":118,"column":8},"end":{"line":119,"column":26}}],"line":118},"8":{"loc":{"start":{"line":120,"column":8},"end":{"line":121,"column":26}},"type":"if","locations":[{"start":{"line":120,"column":8},"end":{"line":121,"column":26}},{"start":{"line":120,"column":8},"end":{"line":121,"column":26}}],"line":120}},"s":{"0":1,"1":1,"2":1,"3":1,"4":12,"5":12,"6":1,"7":12,"8":2,"9":12,"10":2,"11":12,"12":2,"13":12,"14":3,"15":3,"16":1,"17":3,"18":1,"19":3,"20":1,"21":12,"22":2,"23":2,"24":2,"25":2,"26":0,"27":12,"28":1,"29":1,"30":1,"31":12,"32":12,"33":3,"34":1,"35":2,"36":1,"37":1,"38":12,"39":3,"40":1,"41":2,"42":1,"43":1,"44":12,"45":1,"46":1,"47":1,"48":1,"49":0,"50":0,"51":0},"f":{"0":12,"1":1,"2":2,"3":2,"4":2,"5":3,"6":2,"7":0,"8":1,"9":1,"10":3,"11":3,"12":1,"13":1,"14":0,"15":0,"16":0},"b":{"0":[1,2],"1":[1,2],"2":[1,2],"3":[1,0],"4":[1,1],"5":[1,2],"6":[1,1],"7":[1,2],"8":[1,1]},"_coverageSchema":"1a1c01bbd47fc00a2c39e90264f33305004495a9","hash":"537fb33bc87cc5a96fc5df9e836bb4d537f22a41"}
,"D:\\SEPP\\Cloud_Homework\\UIPrototype\\Code\\src\\Pages\\Student\\HomeworkCommitPage.jsx": {"path":"D:\\SEPP\\Cloud_Homework\\UIPrototype\\Code\\src\\Pages\\Student\\HomeworkCommitPage.jsx","statementMap":{"0":{"start":{"line":10,"column":11},"end":{"line":10,"column":30}},"1":{"start":{"line":12,"column":41},"end":{"line":12,"column":47}},"2":{"start":{"line":13,"column":19},"end":{"line":13,"column":24}},"3":{"start":{"line":18,"column":8},"end":{"line":18,"column":21}},"4":{"start":{"line":19,"column":8},"end":{"line":26,"column":9}},"5":{"start":{"line":29,"column":14},"end":{"line":31,"column":3}},"6":{"start":{"line":30,"column":4},"end":{"line":30,"column":36}},"7":{"start":{"line":33,"column":20},"end":{"line":35,"column":3}},"8":{"start":{"line":34,"column":4},"end":{"line":34,"column":38}},"9":{"start":{"line":37,"column":22},"end":{"line":39,"column":3}},"10":{"start":{"line":38,"column":4},"end":{"line":38,"column":51}},"11":{"start":{"line":41,"column":19},"end":{"line":43,"column":3}},"12":{"start":{"line":42,"column":4},"end":{"line":42,"column":29}},"13":{"start":{"line":45,"column":17},"end":{"line":47,"column":3}},"14":{"start":{"line":46,"column":4},"end":{"line":46,"column":31}},"15":{"start":{"line":49,"column":20},"end":{"line":51,"column":3}},"16":{"start":{"line":50,"column":4},"end":{"line":50,"column":31}},"17":{"start":{"line":54,"column":20},"end":{"line":56,"column":5}},"18":{"start":{"line":55,"column":8},"end":{"line":55,"column":38}},"19":{"start":{"line":58,"column":22},"end":{"line":69,"column":5}},"20":{"start":{"line":59,"column":18},"end":{"line":59,"column":27}},"21":{"start":{"line":60,"column":8},"end":{"line":62,"column":9}},"22":{"start":{"line":61,"column":12},"end":{"line":61,"column":29}},"23":{"start":{"line":63,"column":8},"end":{"line":65,"column":9}},"24":{"start":{"line":64,"column":12},"end":{"line":64,"column":35}},"25":{"start":{"line":66,"column":8},"end":{"line":68,"column":9}},"26":{"start":{"line":67,"column":12},"end":{"line":67,"column":37}},"27":{"start":{"line":72,"column":21},"end":{"line":74,"column":3}},"28":{"start":{"line":73,"column":4},"end":{"line":73,"column":20}},"29":{"start":{"line":89,"column":17},"end":{"line":101,"column":3}},"30":{"start":{"line":90,"column":23},"end":{"line":90,"column":33}},"31":{"start":{"line":91,"column":21},"end":{"line":91,"column":35}},"32":{"start":{"line":92,"column":4},"end":{"line":92,"column":42}},"33":{"start":{"line":95,"column":4},"end":{"line":97,"column":7}},"34":{"start":{"line":99,"column":4},"end":{"line":99,"column":37}},"35":{"start":{"line":100,"column":4},"end":{"line":100,"column":26}},"36":{"start":{"line":104,"column":19},"end":{"line":134,"column":3}},"37":{"start":{"line":105,"column":18},"end":{"line":105,"column":49}},"38":{"start":{"line":106,"column":20},"end":{"line":106,"column":24}},"39":{"start":{"line":107,"column":24},"end":{"line":107,"column":51}},"40":{"start":{"line":108,"column":18},"end":{"line":108,"column":39}},"41":{"start":{"line":109,"column":22},"end":{"line":109,"column":40}},"42":{"start":{"line":110,"column":22},"end":{"line":110,"column":36}},"43":{"start":{"line":111,"column":19},"end":{"line":116,"column":9}},"44":{"start":{"line":117,"column":8},"end":{"line":120,"column":15}},"45":{"start":{"line":119,"column":16},"end":{"line":119,"column":46}},"46":{"start":{"line":136,"column":22},"end":{"line":149,"column":3}},"47":{"start":{"line":137,"column":4},"end":{"line":148,"column":3}},"48":{"start":{"line":138,"column":17},"end":{"line":138,"column":31}},"49":{"start":{"line":139,"column":6},"end":{"line":147,"column":7}},"50":{"start":{"line":140,"column":10},"end":{"line":140,"column":32}},"51":{"start":{"line":141,"column":13},"end":{"line":147,"column":7}},"52":{"start":{"line":142,"column":10},"end":{"line":142,"column":30}},"53":{"start":{"line":143,"column":13},"end":{"line":147,"column":7}},"54":{"start":{"line":144,"column":10},"end":{"line":144,"column":31}},"55":{"start":{"line":146,"column":10},"end":{"line":146,"column":33}},"56":{"start":{"line":151,"column":17},"end":{"line":155,"column":3}},"57":{"start":{"line":152,"column":4},"end":{"line":154,"column":7}},"58":{"start":{"line":157,"column":23},"end":{"line":171,"column":3}},"59":{"start":{"line":173,"column":15},"end":{"line":186,"column":3}},"60":{"start":{"line":174,"column":16},"end":{"line":174,"column":20}},"61":{"start":{"line":175,"column":16},"end":{"line":175,"column":30}},"62":{"start":{"line":176,"column":16},"end":{"line":176,"column":28}},"63":{"start":{"line":177,"column":4},"end":{"line":178,"column":13}},"64":{"start":{"line":178,"column":6},"end":{"line":178,"column":13}},"65":{"start":{"line":179,"column":17},"end":{"line":179,"column":55}},"66":{"start":{"line":180,"column":4},"end":{"line":185,"column":7}},"67":{"start":{"line":181,"column":6},"end":{"line":181,"column":29}},"68":{"start":{"line":182,"column":6},"end":{"line":184,"column":9}},"69":{"start":{"line":188,"column":17},"end":{"line":192,"column":3}},"70":{"start":{"line":189,"column":4},"end":{"line":191,"column":7}},"71":{"start":{"line":195,"column":16},"end":{"line":195,"column":20}},"72":{"start":{"line":196,"column":34},"end":{"line":196,"column":44}},"73":{"start":{"line":213,"column":18},"end":{"line":231,"column":5}},"74":{"start":{"line":215,"column":8},"end":{"line":222,"column":11}},"75":{"start":{"line":216,"column":24},"end":{"line":216,"column":52}},"76":{"start":{"line":217,"column":30},"end":{"line":217,"column":52}},"77":{"start":{"line":218,"column":10},"end":{"line":218,"column":39}},"78":{"start":{"line":219,"column":10},"end":{"line":221,"column":12}},"79":{"start":{"line":225,"column":8},"end":{"line":227,"column":12}},"80":{"start":{"line":225,"column":32},"end":{"line":227,"column":9}},"81":{"start":{"line":228,"column":8},"end":{"line":228,"column":21}},"82":{"start":{"line":233,"column":4},"end":{"line":332,"column":5}}},"fnMap":{"0":{"name":"(anonymous_0)","decl":{"start":{"line":17,"column":4},"end":{"line":17,"column":5}},"loc":{"start":{"line":17,"column":23},"end":{"line":27,"column":5}},"line":17},"1":{"name":"(anonymous_1)","decl":{"start":{"line":29,"column":14},"end":{"line":29,"column":15}},"loc":{"start":{"line":29,"column":20},"end":{"line":31,"column":3}},"line":29},"2":{"name":"(anonymous_2)","decl":{"start":{"line":33,"column":20},"end":{"line":33,"column":21}},"loc":{"start":{"line":33,"column":26},"end":{"line":35,"column":3}},"line":33},"3":{"name":"(anonymous_3)","decl":{"start":{"line":37,"column":22},"end":{"line":37,"column":23}},"loc":{"start":{"line":37,"column":28},"end":{"line":39,"column":3}},"line":37},"4":{"name":"(anonymous_4)","decl":{"start":{"line":41,"column":19},"end":{"line":41,"column":20}},"loc":{"start":{"line":41,"column":25},"end":{"line":43,"column":3}},"line":41},"5":{"name":"(anonymous_5)","decl":{"start":{"line":45,"column":17},"end":{"line":45,"column":18}},"loc":{"start":{"line":45,"column":23},"end":{"line":47,"column":3}},"line":45},"6":{"name":"(anonymous_6)","decl":{"start":{"line":49,"column":20},"end":{"line":49,"column":21}},"loc":{"start":{"line":49,"column":26},"end":{"line":51,"column":3}},"line":49},"7":{"name":"(anonymous_7)","decl":{"start":{"line":54,"column":20},"end":{"line":54,"column":21}},"loc":{"start":{"line":54,"column":26},"end":{"line":56,"column":5}},"line":54},"8":{"name":"(anonymous_8)","decl":{"start":{"line":58,"column":22},"end":{"line":58,"column":23}},"loc":{"start":{"line":58,"column":33},"end":{"line":69,"column":5}},"line":58},"9":{"name":"(anonymous_9)","decl":{"start":{"line":72,"column":21},"end":{"line":72,"column":22}},"loc":{"start":{"line":72,"column":27},"end":{"line":74,"column":3}},"line":72},"10":{"name":"(anonymous_10)","decl":{"start":{"line":89,"column":17},"end":{"line":89,"column":18}},"loc":{"start":{"line":89,"column":23},"end":{"line":101,"column":3}},"line":89},"11":{"name":"(anonymous_11)","decl":{"start":{"line":104,"column":19},"end":{"line":104,"column":20}},"loc":{"start":{"line":104,"column":25},"end":{"line":134,"column":3}},"line":104},"12":{"name":"(anonymous_12)","decl":{"start":{"line":118,"column":18},"end":{"line":118,"column":19}},"loc":{"start":{"line":118,"column":26},"end":{"line":120,"column":13}},"line":118},"13":{"name":"(anonymous_13)","decl":{"start":{"line":136,"column":22},"end":{"line":136,"column":23}},"loc":{"start":{"line":136,"column":32},"end":{"line":149,"column":3}},"line":136},"14":{"name":"(anonymous_14)","decl":{"start":{"line":151,"column":17},"end":{"line":151,"column":18}},"loc":{"start":{"line":151,"column":26},"end":{"line":155,"column":3}},"line":151},"15":{"name":"(anonymous_15)","decl":{"start":{"line":157,"column":23},"end":{"line":157,"column":24}},"loc":{"start":{"line":157,"column":56},"end":{"line":171,"column":3}},"line":157},"16":{"name":"(anonymous_16)","decl":{"start":{"line":173,"column":15},"end":{"line":173,"column":16}},"loc":{"start":{"line":173,"column":22},"end":{"line":186,"column":3}},"line":173},"17":{"name":"(anonymous_17)","decl":{"start":{"line":180,"column":34},"end":{"line":180,"column":35}},"loc":{"start":{"line":180,"column":55},"end":{"line":185,"column":5}},"line":180},"18":{"name":"(anonymous_18)","decl":{"start":{"line":188,"column":17},"end":{"line":188,"column":18}},"loc":{"start":{"line":188,"column":23},"end":{"line":192,"column":3}},"line":188},"19":{"name":"(anonymous_19)","decl":{"start":{"line":194,"column":2},"end":{"line":194,"column":3}},"loc":{"start":{"line":194,"column":11},"end":{"line":333,"column":3}},"line":194},"20":{"name":"(anonymous_20)","decl":{"start":{"line":214,"column":16},"end":{"line":214,"column":17}},"loc":{"start":{"line":214,"column":26},"end":{"line":223,"column":7}},"line":214},"21":{"name":"(anonymous_21)","decl":{"start":{"line":215,"column":22},"end":{"line":215,"column":23}},"loc":{"start":{"line":215,"column":33},"end":{"line":222,"column":9}},"line":215},"22":{"name":"(anonymous_22)","decl":{"start":{"line":224,"column":20},"end":{"line":224,"column":21}},"loc":{"start":{"line":224,"column":30},"end":{"line":229,"column":7}},"line":224},"23":{"name":"(anonymous_23)","decl":{"start":{"line":225,"column":22},"end":{"line":225,"column":23}},"loc":{"start":{"line":225,"column":32},"end":{"line":227,"column":9}},"line":225}},"branchMap":{"0":{"loc":{"start":{"line":60,"column":8},"end":{"line":62,"column":9}},"type":"if","locations":[{"start":{"line":60,"column":8},"end":{"line":62,"column":9}},{"start":{"line":60,"column":8},"end":{"line":62,"column":9}}],"line":60},"1":{"loc":{"start":{"line":63,"column":8},"end":{"line":65,"column":9}},"type":"if","locations":[{"start":{"line":63,"column":8},"end":{"line":65,"column":9}},{"start":{"line":63,"column":8},"end":{"line":65,"column":9}}],"line":63},"2":{"loc":{"start":{"line":66,"column":8},"end":{"line":68,"column":9}},"type":"if","locations":[{"start":{"line":66,"column":8},"end":{"line":68,"column":9}},{"start":{"line":66,"column":8},"end":{"line":68,"column":9}}],"line":66},"3":{"loc":{"start":{"line":137,"column":4},"end":{"line":148,"column":3}},"type":"if","locations":[{"start":{"line":137,"column":4},"end":{"line":148,"column":3}},{"start":{"line":137,"column":4},"end":{"line":148,"column":3}}],"line":137},"4":{"loc":{"start":{"line":137,"column":7},"end":{"line":137,"column":34}},"type":"binary-expr","locations":[{"start":{"line":137,"column":7},"end":{"line":137,"column":11}},{"start":{"line":137,"column":15},"end":{"line":137,"column":34}}],"line":137},"5":{"loc":{"start":{"line":139,"column":6},"end":{"line":147,"column":7}},"type":"if","locations":[{"start":{"line":139,"column":6},"end":{"line":147,"column":7}},{"start":{"line":139,"column":6},"end":{"line":147,"column":7}}],"line":139},"6":{"loc":{"start":{"line":141,"column":13},"end":{"line":147,"column":7}},"type":"if","locations":[{"start":{"line":141,"column":13},"end":{"line":147,"column":7}},{"start":{"line":141,"column":13},"end":{"line":147,"column":7}}],"line":141},"7":{"loc":{"start":{"line":143,"column":13},"end":{"line":147,"column":7}},"type":"if","locations":[{"start":{"line":143,"column":13},"end":{"line":147,"column":7}},{"start":{"line":143,"column":13},"end":{"line":147,"column":7}}],"line":143},"8":{"loc":{"start":{"line":177,"column":4},"end":{"line":178,"column":13}},"type":"if","locations":[{"start":{"line":177,"column":4},"end":{"line":178,"column":13}},{"start":{"line":177,"column":4},"end":{"line":178,"column":13}}],"line":177}},"s":{"0":1,"1":1,"2":1,"3":17,"4":17,"5":17,"6":2,"7":17,"8":2,"9":17,"10":2,"11":17,"12":2,"13":17,"14":2,"15":17,"16":2,"17":17,"18":2,"19":17,"20":3,"21":3,"22":1,"23":3,"24":1,"25":3,"26":1,"27":17,"28":1,"29":17,"30":1,"31":1,"32":1,"33":1,"34":1,"35":1,"36":17,"37":1,"38":1,"39":1,"40":1,"41":1,"42":1,"43":1,"44":1,"45":0,"46":17,"47":4,"48":4,"49":4,"50":1,"51":3,"52":1,"53":2,"54":1,"55":1,"56":17,"57":1,"58":17,"59":17,"60":1,"61":1,"62":1,"63":1,"64":1,"65":0,"66":0,"67":0,"68":0,"69":17,"70":1,"71":1,"72":1,"73":1,"74":0,"75":0,"76":0,"77":0,"78":0,"79":0,"80":0,"81":0,"82":1},"f":{"0":17,"1":2,"2":2,"3":2,"4":2,"5":2,"6":2,"7":2,"8":3,"9":1,"10":1,"11":1,"12":0,"13":4,"14":1,"15":1,"16":1,"17":0,"18":1,"19":1,"20":0,"21":0,"22":0,"23":0},"b":{"0":[1,2],"1":[1,2],"2":[1,2],"3":[4,0],"4":[4,4],"5":[1,3],"6":[1,2],"7":[1,1],"8":[1,0]},"_coverageSchema":"1a1c01bbd47fc00a2c39e90264f33305004495a9","hash":"271e4544086dfda3e1871214ac06a58ddac532df"}
,"D:\\SEPP\\Cloud_Homework\\UIPrototype\\Code\\src\\Pages\\Student\\HomeworkDetailPage.jsx": {"path":"D:\\SEPP\\Cloud_Homework\\UIPrototype\\Code\\src\\Pages\\Student\\HomeworkDetailPage.jsx","statementMap":{"0":{"start":{"line":9,"column":11},"end":{"line":9,"column":30}},"1":{"start":{"line":11,"column":41},"end":{"line":11,"column":47}},"2":{"start":{"line":13,"column":18},"end":{"line":26,"column":1}},"3":{"start":{"line":30,"column":8},"end":{"line":30,"column":21}},"4":{"start":{"line":31,"column":8},"end":{"line":35,"column":10}},"5":{"start":{"line":39,"column":8},"end":{"line":39,"column":27}},"6":{"start":{"line":42,"column":18},"end":{"line":50,"column":5}},"7":{"start":{"line":44,"column":18},"end":{"line":44,"column":69}},"8":{"start":{"line":45,"column":20},"end":{"line":45,"column":24}},"9":{"start":{"line":46,"column":8},"end":{"line":49,"column":14}},"10":{"start":{"line":48,"column":16},"end":{"line":48,"column":44}},"11":{"start":{"line":52,"column":22},"end":{"line":58,"column":5}},"12":{"start":{"line":53,"column":6},"end":{"line":57,"column":5}},"13":{"start":{"line":54,"column":8},"end":{"line":56,"column":11}},"14":{"start":{"line":78,"column":14},"end":{"line":80,"column":3}},"15":{"start":{"line":79,"column":4},"end":{"line":79,"column":36}},"16":{"start":{"line":82,"column":20},"end":{"line":84,"column":3}},"17":{"start":{"line":83,"column":4},"end":{"line":83,"column":38}},"18":{"start":{"line":86,"column":22},"end":{"line":88,"column":3}},"19":{"start":{"line":87,"column":4},"end":{"line":87,"column":51}},"20":{"start":{"line":90,"column":21},"end":{"line":93,"column":3}},"21":{"start":{"line":91,"column":21},"end":{"line":91,"column":34}},"22":{"start":{"line":92,"column":4},"end":{"line":92,"column":58}},"23":{"start":{"line":95,"column":20},"end":{"line":106,"column":3}},"24":{"start":{"line":96,"column":14},"end":{"line":96,"column":23}},"25":{"start":{"line":97,"column":4},"end":{"line":99,"column":5}},"26":{"start":{"line":98,"column":6},"end":{"line":98,"column":23}},"27":{"start":{"line":100,"column":4},"end":{"line":102,"column":5}},"28":{"start":{"line":101,"column":6},"end":{"line":101,"column":29}},"29":{"start":{"line":103,"column":4},"end":{"line":105,"column":5}},"30":{"start":{"line":104,"column":6},"end":{"line":104,"column":31}},"31":{"start":{"line":109,"column":4},"end":{"line":166,"column":5}},"32":{"start":{"line":140,"column":28},"end":{"line":140,"column":32}}},"fnMap":{"0":{"name":"(anonymous_0)","decl":{"start":{"line":29,"column":4},"end":{"line":29,"column":5}},"loc":{"start":{"line":29,"column":23},"end":{"line":36,"column":5}},"line":29},"1":{"name":"(anonymous_1)","decl":{"start":{"line":38,"column":4},"end":{"line":38,"column":5}},"loc":{"start":{"line":38,"column":24},"end":{"line":40,"column":5}},"line":38},"2":{"name":"(anonymous_2)","decl":{"start":{"line":42,"column":18},"end":{"line":42,"column":19}},"loc":{"start":{"line":42,"column":24},"end":{"line":50,"column":5}},"line":42},"3":{"name":"(anonymous_3)","decl":{"start":{"line":47,"column":18},"end":{"line":47,"column":19}},"loc":{"start":{"line":47,"column":26},"end":{"line":49,"column":13}},"line":47},"4":{"name":"(anonymous_4)","decl":{"start":{"line":52,"column":22},"end":{"line":52,"column":23}},"loc":{"start":{"line":52,"column":32},"end":{"line":58,"column":5}},"line":52},"5":{"name":"(anonymous_5)","decl":{"start":{"line":78,"column":14},"end":{"line":78,"column":15}},"loc":{"start":{"line":78,"column":20},"end":{"line":80,"column":3}},"line":78},"6":{"name":"(anonymous_6)","decl":{"start":{"line":82,"column":20},"end":{"line":82,"column":21}},"loc":{"start":{"line":82,"column":26},"end":{"line":84,"column":3}},"line":82},"7":{"name":"(anonymous_7)","decl":{"start":{"line":86,"column":22},"end":{"line":86,"column":23}},"loc":{"start":{"line":86,"column":28},"end":{"line":88,"column":3}},"line":86},"8":{"name":"(anonymous_8)","decl":{"start":{"line":90,"column":21},"end":{"line":90,"column":22}},"loc":{"start":{"line":90,"column":27},"end":{"line":93,"column":3}},"line":90},"9":{"name":"(anonymous_9)","decl":{"start":{"line":95,"column":20},"end":{"line":95,"column":21}},"loc":{"start":{"line":95,"column":31},"end":{"line":106,"column":3}},"line":95},"10":{"name":"(anonymous_10)","decl":{"start":{"line":108,"column":2},"end":{"line":108,"column":3}},"loc":{"start":{"line":108,"column":11},"end":{"line":167,"column":3}},"line":108},"11":{"name":"(anonymous_11)","decl":{"start":{"line":140,"column":22},"end":{"line":140,"column":23}},"loc":{"start":{"line":140,"column":28},"end":{"line":140,"column":32}},"line":140}},"branchMap":{"0":{"loc":{"start":{"line":53,"column":6},"end":{"line":57,"column":5}},"type":"if","locations":[{"start":{"line":53,"column":6},"end":{"line":57,"column":5}},{"start":{"line":53,"column":6},"end":{"line":57,"column":5}}],"line":53},"1":{"loc":{"start":{"line":53,"column":9},"end":{"line":53,"column":36}},"type":"binary-expr","locations":[{"start":{"line":53,"column":9},"end":{"line":53,"column":13}},{"start":{"line":53,"column":17},"end":{"line":53,"column":36}}],"line":53},"2":{"loc":{"start":{"line":97,"column":4},"end":{"line":99,"column":5}},"type":"if","locations":[{"start":{"line":97,"column":4},"end":{"line":99,"column":5}},{"start":{"line":97,"column":4},"end":{"line":99,"column":5}}],"line":97},"3":{"loc":{"start":{"line":100,"column":4},"end":{"line":102,"column":5}},"type":"if","locations":[{"start":{"line":100,"column":4},"end":{"line":102,"column":5}},{"start":{"line":100,"column":4},"end":{"line":102,"column":5}}],"line":100},"4":{"loc":{"start":{"line":103,"column":4},"end":{"line":105,"column":5}},"type":"if","locations":[{"start":{"line":103,"column":4},"end":{"line":105,"column":5}},{"start":{"line":103,"column":4},"end":{"line":105,"column":5}}],"line":103}},"s":{"0":1,"1":1,"2":1,"3":10,"4":10,"5":2,"6":10,"7":3,"8":3,"9":3,"10":0,"11":10,"12":1,"13":1,"14":10,"15":2,"16":10,"17":2,"18":10,"19":2,"20":10,"21":2,"22":2,"23":10,"24":3,"25":3,"26":1,"27":3,"28":1,"29":3,"30":1,"31":1,"32":0},"f":{"0":10,"1":2,"2":3,"3":0,"4":1,"5":2,"6":2,"7":2,"8":2,"9":3,"10":1,"11":0},"b":{"0":[1,0],"1":[1,1],"2":[1,2],"3":[1,2],"4":[1,2]},"_coverageSchema":"1a1c01bbd47fc00a2c39e90264f33305004495a9","hash":"8c6b9ee6784adc30869ffc8e256635e71dfaa2ee"}
,"D:\\SEPP\\Cloud_Homework\\UIPrototype\\Code\\src\\Pages\\Student\\HomeworkListPage.jsx": {"path":"D:\\SEPP\\Cloud_Homework\\UIPrototype\\Code\\src\\Pages\\Student\\HomeworkListPage.jsx","statementMap":{"0":{"start":{"line":21,"column":43},"end":{"line":21,"column":49}},"1":{"start":{"line":22,"column":32},"end":{"line":22,"column":37}},"2":{"start":{"line":24,"column":11},"end":{"line":24,"column":30}},"3":{"start":{"line":26,"column":13},"end":{"line":63,"column":1}},"4":{"start":{"line":65,"column":16},"end":{"line":82,"column":1}},"5":{"start":{"line":69,"column":12},"end":{"line":75,"column":18}},"6":{"start":{"line":71,"column":20},"end":{"line":71,"column":57}},"7":{"start":{"line":86,"column":8},"end":{"line":86,"column":21}},"8":{"start":{"line":87,"column":8},"end":{"line":91,"column":10}},"9":{"start":{"line":95,"column":8},"end":{"line":95,"column":27}},"10":{"start":{"line":98,"column":18},"end":{"line":110,"column":5}},"11":{"start":{"line":99,"column":20},"end":{"line":99,"column":24}},"12":{"start":{"line":100,"column":19},"end":{"line":100,"column":34}},"13":{"start":{"line":101,"column":23},"end":{"line":101,"column":24}},"14":{"start":{"line":102,"column":8},"end":{"line":103,"column":58}},"15":{"start":{"line":103,"column":12},"end":{"line":103,"column":58}},"16":{"start":{"line":104,"column":24},"end":{"line":104,"column":51}},"17":{"start":{"line":105,"column":18},"end":{"line":105,"column":90}},"18":{"start":{"line":106,"column":8},"end":{"line":109,"column":14}},"19":{"start":{"line":108,"column":16},"end":{"line":108,"column":44}},"20":{"start":{"line":112,"column":23},"end":{"line":121,"column":5}},"21":{"start":{"line":113,"column":8},"end":{"line":120,"column":9}},"22":{"start":{"line":114,"column":23},"end":{"line":114,"column":32}},"23":{"start":{"line":115,"column":12},"end":{"line":115,"column":40}},"24":{"start":{"line":116,"column":12},"end":{"line":116,"column":30}},"25":{"start":{"line":117,"column":12},"end":{"line":119,"column":15}},"26":{"start":{"line":123,"column":16},"end":{"line":125,"column":5}},"27":{"start":{"line":124,"column":8},"end":{"line":124,"column":40}},"28":{"start":{"line":127,"column":22},"end":{"line":129,"column":5}},"29":{"start":{"line":128,"column":8},"end":{"line":128,"column":42}},"30":{"start":{"line":131,"column":24},"end":{"line":133,"column":5}},"31":{"start":{"line":132,"column":8},"end":{"line":132,"column":55}},"32":{"start":{"line":135,"column":22},"end":{"line":146,"column":5}},"33":{"start":{"line":136,"column":18},"end":{"line":136,"column":27}},"34":{"start":{"line":137,"column":8},"end":{"line":139,"column":9}},"35":{"start":{"line":138,"column":12},"end":{"line":138,"column":29}},"36":{"start":{"line":140,"column":8},"end":{"line":142,"column":9}},"37":{"start":{"line":141,"column":12},"end":{"line":141,"column":35}},"38":{"start":{"line":143,"column":8},"end":{"line":145,"column":9}},"39":{"start":{"line":144,"column":12},"end":{"line":144,"column":37}},"40":{"start":{"line":148,"column":23},"end":{"line":152,"column":5}},"41":{"start":{"line":149,"column":8},"end":{"line":149,"column":34}},"42":{"start":{"line":149,"column":20},"end":{"line":149,"column":34}},"43":{"start":{"line":150,"column":8},"end":{"line":150,"column":35}},"44":{"start":{"line":150,"column":20},"end":{"line":150,"column":35}},"45":{"start":{"line":151,"column":8},"end":{"line":151,"column":33}},"46":{"start":{"line":151,"column":20},"end":{"line":151,"column":33}},"47":{"start":{"line":154,"column":22},"end":{"line":158,"column":5}},"48":{"start":{"line":155,"column":8},"end":{"line":155,"column":33}},"49":{"start":{"line":155,"column":20},"end":{"line":155,"column":33}},"50":{"start":{"line":156,"column":8},"end":{"line":156,"column":33}},"51":{"start":{"line":156,"column":20},"end":{"line":156,"column":33}},"52":{"start":{"line":157,"column":8},"end":{"line":157,"column":33}},"53":{"start":{"line":157,"column":20},"end":{"line":157,"column":33}},"54":{"start":{"line":161,"column":8},"end":{"line":233,"column":9}},"55":{"start":{"line":205,"column":32},"end":{"line":207,"column":38}},"56":{"start":{"line":214,"column":32},"end":{"line":223,"column":38}},"57":{"start":{"line":217,"column":50},"end":{"line":217,"column":59}},"58":{"start":{"line":218,"column":41},"end":{"line":218,"column":94}}},"fnMap":{"0":{"name":"(anonymous_0)","decl":{"start":{"line":68,"column":16},"end":{"line":68,"column":17}},"loc":{"start":{"line":69,"column":12},"end":{"line":75,"column":18}},"line":69},"1":{"name":"(anonymous_1)","decl":{"start":{"line":70,"column":56},"end":{"line":70,"column":57}},"loc":{"start":{"line":70,"column":60},"end":{"line":72,"column":17}},"line":70},"2":{"name":"(anonymous_2)","decl":{"start":{"line":85,"column":4},"end":{"line":85,"column":5}},"loc":{"start":{"line":85,"column":23},"end":{"line":92,"column":5}},"line":85},"3":{"name":"(anonymous_3)","decl":{"start":{"line":94,"column":4},"end":{"line":94,"column":5}},"loc":{"start":{"line":94,"column":24},"end":{"line":96,"column":5}},"line":94},"4":{"name":"(anonymous_4)","decl":{"start":{"line":98,"column":18},"end":{"line":98,"column":19}},"loc":{"start":{"line":98,"column":24},"end":{"line":110,"column":5}},"line":98},"5":{"name":"(anonymous_5)","decl":{"start":{"line":107,"column":18},"end":{"line":107,"column":19}},"loc":{"start":{"line":107,"column":26},"end":{"line":109,"column":13}},"line":107},"6":{"name":"(anonymous_6)","decl":{"start":{"line":112,"column":23},"end":{"line":112,"column":24}},"loc":{"start":{"line":112,"column":33},"end":{"line":121,"column":5}},"line":112},"7":{"name":"(anonymous_7)","decl":{"start":{"line":123,"column":16},"end":{"line":123,"column":17}},"loc":{"start":{"line":123,"column":22},"end":{"line":125,"column":5}},"line":123},"8":{"name":"(anonymous_8)","decl":{"start":{"line":127,"column":22},"end":{"line":127,"column":23}},"loc":{"start":{"line":127,"column":28},"end":{"line":129,"column":5}},"line":127},"9":{"name":"(anonymous_9)","decl":{"start":{"line":131,"column":24},"end":{"line":131,"column":25}},"loc":{"start":{"line":131,"column":30},"end":{"line":133,"column":5}},"line":131},"10":{"name":"(anonymous_10)","decl":{"start":{"line":135,"column":22},"end":{"line":135,"column":23}},"loc":{"start":{"line":135,"column":33},"end":{"line":146,"column":5}},"line":135},"11":{"name":"(anonymous_11)","decl":{"start":{"line":148,"column":23},"end":{"line":148,"column":24}},"loc":{"start":{"line":148,"column":30},"end":{"line":152,"column":5}},"line":148},"12":{"name":"(anonymous_12)","decl":{"start":{"line":154,"column":22},"end":{"line":154,"column":23}},"loc":{"start":{"line":154,"column":29},"end":{"line":158,"column":5}},"line":154},"13":{"name":"(anonymous_13)","decl":{"start":{"line":160,"column":4},"end":{"line":160,"column":5}},"loc":{"start":{"line":160,"column":12},"end":{"line":234,"column":5}},"line":160},"14":{"name":"(anonymous_14)","decl":{"start":{"line":204,"column":36},"end":{"line":204,"column":37}},"loc":{"start":{"line":205,"column":32},"end":{"line":207,"column":38}},"line":205},"15":{"name":"(anonymous_15)","decl":{"start":{"line":213,"column":36},"end":{"line":213,"column":37}},"loc":{"start":{"line":214,"column":32},"end":{"line":223,"column":38}},"line":214},"16":{"name":"(anonymous_16)","decl":{"start":{"line":216,"column":46},"end":{"line":216,"column":47}},"loc":{"start":{"line":216,"column":50},"end":{"line":219,"column":38}},"line":216}},"branchMap":{"0":{"loc":{"start":{"line":102,"column":8},"end":{"line":103,"column":58}},"type":"if","locations":[{"start":{"line":102,"column":8},"end":{"line":103,"column":58}},{"start":{"line":102,"column":8},"end":{"line":103,"column":58}}],"line":102},"1":{"loc":{"start":{"line":113,"column":8},"end":{"line":120,"column":9}},"type":"if","locations":[{"start":{"line":113,"column":8},"end":{"line":120,"column":9}},{"start":{"line":113,"column":8},"end":{"line":120,"column":9}}],"line":113},"2":{"loc":{"start":{"line":113,"column":11},"end":{"line":113,"column":38}},"type":"binary-expr","locations":[{"start":{"line":113,"column":11},"end":{"line":113,"column":15}},{"start":{"line":113,"column":19},"end":{"line":113,"column":38}}],"line":113},"3":{"loc":{"start":{"line":137,"column":8},"end":{"line":139,"column":9}},"type":"if","locations":[{"start":{"line":137,"column":8},"end":{"line":139,"column":9}},{"start":{"line":137,"column":8},"end":{"line":139,"column":9}}],"line":137},"4":{"loc":{"start":{"line":140,"column":8},"end":{"line":142,"column":9}},"type":"if","locations":[{"start":{"line":140,"column":8},"end":{"line":142,"column":9}},{"start":{"line":140,"column":8},"end":{"line":142,"column":9}}],"line":140},"5":{"loc":{"start":{"line":143,"column":8},"end":{"line":145,"column":9}},"type":"if","locations":[{"start":{"line":143,"column":8},"end":{"line":145,"column":9}},{"start":{"line":143,"column":8},"end":{"line":145,"column":9}}],"line":143},"6":{"loc":{"start":{"line":149,"column":8},"end":{"line":149,"column":34}},"type":"if","locations":[{"start":{"line":149,"column":8},"end":{"line":149,"column":34}},{"start":{"line":149,"column":8},"end":{"line":149,"column":34}}],"line":149},"7":{"loc":{"start":{"line":150,"column":8},"end":{"line":150,"column":35}},"type":"if","locations":[{"start":{"line":150,"column":8},"end":{"line":150,"column":35}},{"start":{"line":150,"column":8},"end":{"line":150,"column":35}}],"line":150},"8":{"loc":{"start":{"line":151,"column":8},"end":{"line":151,"column":33}},"type":"if","locations":[{"start":{"line":151,"column":8},"end":{"line":151,"column":33}},{"start":{"line":151,"column":8},"end":{"line":151,"column":33}}],"line":151},"9":{"loc":{"start":{"line":155,"column":8},"end":{"line":155,"column":33}},"type":"if","locations":[{"start":{"line":155,"column":8},"end":{"line":155,"column":33}},{"start":{"line":155,"column":8},"end":{"line":155,"column":33}}],"line":155},"10":{"loc":{"start":{"line":156,"column":8},"end":{"line":156,"column":33}},"type":"if","locations":[{"start":{"line":156,"column":8},"end":{"line":156,"column":33}},{"start":{"line":156,"column":8},"end":{"line":156,"column":33}}],"line":156},"11":{"loc":{"start":{"line":157,"column":8},"end":{"line":157,"column":33}},"type":"if","locations":[{"start":{"line":157,"column":8},"end":{"line":157,"column":33}},{"start":{"line":157,"column":8},"end":{"line":157,"column":33}}],"line":157}},"s":{"0":1,"1":1,"2":1,"3":1,"4":1,"5":0,"6":0,"7":10,"8":10,"9":1,"10":10,"11":2,"12":2,"13":2,"14":2,"15":2,"16":2,"17":2,"18":2,"19":0,"20":10,"21":1,"22":1,"23":1,"24":1,"25":1,"26":10,"27":2,"28":10,"29":2,"30":10,"31":2,"32":10,"33":3,"34":3,"35":1,"36":3,"37":1,"38":3,"39":1,"40":10,"41":3,"42":1,"43":2,"44":1,"45":1,"46":1,"47":10,"48":3,"49":1,"50":2,"51":1,"52":1,"53":1,"54":1,"55":0,"56":0,"57":0,"58":0},"f":{"0":0,"1":0,"2":10,"3":1,"4":2,"5":0,"6":1,"7":2,"8":2,"9":2,"10":3,"11":3,"12":3,"13":1,"14":0,"15":0,"16":0},"b":{"0":[2,0],"1":[1,0],"2":[1,1],"3":[1,2],"4":[1,2],"5":[1,2],"6":[1,2],"7":[1,1],"8":[1,0],"9":[1,2],"10":[1,1],"11":[1,0]},"_coverageSchema":"1a1c01bbd47fc00a2c39e90264f33305004495a9","hash":"b53d8321f97fb90bdb291099998db8dbb497c3bb"}
,"D:\\SEPP\\Cloud_Homework\\UIPrototype\\Code\\src\\Pages\\Student\\UserInfoPage.jsx": {"path":"D:\\SEPP\\Cloud_Homework\\UIPrototype\\Code\\src\\Pages\\Student\\UserInfoPage.jsx","statementMap":{"0":{"start":{"line":14,"column":43},"end":{"line":14,"column":49}},"1":{"start":{"line":15,"column":21},"end":{"line":15,"column":26}},"2":{"start":{"line":17,"column":15},"end":{"line":20,"column":1}},"3":{"start":{"line":21,"column":19},"end":{"line":23,"column":1}},"4":{"start":{"line":25,"column":11},"end":{"line":25,"column":30}},"5":{"start":{"line":29,"column":8},"end":{"line":29,"column":21}},"6":{"start":{"line":30,"column":8},"end":{"line":39,"column":10}},"7":{"start":{"line":43,"column":8},"end":{"line":43,"column":27}},"8":{"start":{"line":46,"column":18},"end":{"line":56,"column":5}},"9":{"start":{"line":47,"column":8},"end":{"line":47,"column":33}},"10":{"start":{"line":48,"column":8},"end":{"line":48,"column":32}},"11":{"start":{"line":49,"column":21},"end":{"line":49,"column":51}},"12":{"start":{"line":50,"column":18},"end":{"line":50,"column":52}},"13":{"start":{"line":51,"column":20},"end":{"line":51,"column":24}},"14":{"start":{"line":52,"column":8},"end":{"line":55,"column":15}},"15":{"start":{"line":54,"column":16},"end":{"line":54,"column":44}},"16":{"start":{"line":58,"column":22},"end":{"line":74,"column":5}},"17":{"start":{"line":59,"column":8},"end":{"line":73,"column":9}},"18":{"start":{"line":61,"column":27},"end":{"line":61,"column":45}},"19":{"start":{"line":62,"column":25},"end":{"line":62,"column":41}},"20":{"start":{"line":63,"column":24},"end":{"line":63,"column":39}},"21":{"start":{"line":64,"column":23},"end":{"line":64,"column":38}},"22":{"start":{"line":65,"column":12},"end":{"line":65,"column":34}},"23":{"start":{"line":66,"column":12},"end":{"line":66,"column":32}},"24":{"start":{"line":67,"column":12},"end":{"line":72,"column":15}},"25":{"start":{"line":76,"column":16},"end":{"line":78,"column":5}},"26":{"start":{"line":77,"column":8},"end":{"line":77,"column":40}},"27":{"start":{"line":80,"column":22},"end":{"line":82,"column":5}},"28":{"start":{"line":81,"column":8},"end":{"line":81,"column":42}},"29":{"start":{"line":84,"column":24},"end":{"line":86,"column":5}},"30":{"start":{"line":85,"column":8},"end":{"line":85,"column":55}},"31":{"start":{"line":88,"column":22},"end":{"line":99,"column":5}},"32":{"start":{"line":89,"column":18},"end":{"line":89,"column":27}},"33":{"start":{"line":90,"column":8},"end":{"line":92,"column":9}},"34":{"start":{"line":91,"column":12},"end":{"line":91,"column":29}},"35":{"start":{"line":93,"column":8},"end":{"line":95,"column":9}},"36":{"start":{"line":94,"column":12},"end":{"line":94,"column":35}},"37":{"start":{"line":96,"column":8},"end":{"line":98,"column":9}},"38":{"start":{"line":97,"column":12},"end":{"line":97,"column":37}},"39":{"start":{"line":101,"column":18},"end":{"line":103,"column":5}},"40":{"start":{"line":102,"column":8},"end":{"line":102,"column":54}},"41":{"start":{"line":105,"column":17},"end":{"line":107,"column":5}},"42":{"start":{"line":106,"column":8},"end":{"line":106,"column":53}},"43":{"start":{"line":109,"column":19},"end":{"line":122,"column":5}},"44":{"start":{"line":110,"column":18},"end":{"line":110,"column":38}},"45":{"start":{"line":111,"column":21},"end":{"line":111,"column":34}},"46":{"start":{"line":112,"column":19},"end":{"line":116,"column":9}},"47":{"start":{"line":117,"column":20},"end":{"line":117,"column":24}},"48":{"start":{"line":118,"column":8},"end":{"line":121,"column":14}},"49":{"start":{"line":120,"column":16},"end":{"line":120,"column":46}},"50":{"start":{"line":124,"column":24},"end":{"line":133,"column":5}},"51":{"start":{"line":125,"column":8},"end":{"line":132,"column":9}},"52":{"start":{"line":126,"column":12},"end":{"line":131,"column":38}},"53":{"start":{"line":127,"column":16},"end":{"line":127,"column":40}},"54":{"start":{"line":128,"column":19},"end":{"line":131,"column":38}},"55":{"start":{"line":129,"column":16},"end":{"line":129,"column":39}},"56":{"start":{"line":131,"column":16},"end":{"line":131,"column":38}},"57":{"start":{"line":136,"column":8},"end":{"line":277,"column":9}}},"fnMap":{"0":{"name":"(anonymous_0)","decl":{"start":{"line":28,"column":4},"end":{"line":28,"column":5}},"loc":{"start":{"line":28,"column":23},"end":{"line":40,"column":5}},"line":28},"1":{"name":"(anonymous_1)","decl":{"start":{"line":42,"column":4},"end":{"line":42,"column":5}},"loc":{"start":{"line":42,"column":24},"end":{"line":44,"column":5}},"line":42},"2":{"name":"(anonymous_2)","decl":{"start":{"line":46,"column":18},"end":{"line":46,"column":19}},"loc":{"start":{"line":46,"column":24},"end":{"line":56,"column":5}},"line":46},"3":{"name":"(anonymous_3)","decl":{"start":{"line":53,"column":18},"end":{"line":53,"column":19}},"loc":{"start":{"line":53,"column":26},"end":{"line":55,"column":13}},"line":53},"4":{"name":"(anonymous_4)","decl":{"start":{"line":58,"column":22},"end":{"line":58,"column":23}},"loc":{"start":{"line":58,"column":32},"end":{"line":74,"column":5}},"line":58},"5":{"name":"(anonymous_5)","decl":{"start":{"line":76,"column":16},"end":{"line":76,"column":17}},"loc":{"start":{"line":76,"column":22},"end":{"line":78,"column":5}},"line":76},"6":{"name":"(anonymous_6)","decl":{"start":{"line":80,"column":22},"end":{"line":80,"column":23}},"loc":{"start":{"line":80,"column":28},"end":{"line":82,"column":5}},"line":80},"7":{"name":"(anonymous_7)","decl":{"start":{"line":84,"column":24},"end":{"line":84,"column":25}},"loc":{"start":{"line":84,"column":30},"end":{"line":86,"column":5}},"line":84},"8":{"name":"(anonymous_8)","decl":{"start":{"line":88,"column":22},"end":{"line":88,"column":23}},"loc":{"start":{"line":88,"column":33},"end":{"line":99,"column":5}},"line":88},"9":{"name":"(anonymous_9)","decl":{"start":{"line":101,"column":18},"end":{"line":101,"column":19}},"loc":{"start":{"line":101,"column":29},"end":{"line":103,"column":5}},"line":101},"10":{"name":"(anonymous_10)","decl":{"start":{"line":105,"column":17},"end":{"line":105,"column":18}},"loc":{"start":{"line":105,"column":28},"end":{"line":107,"column":5}},"line":105},"11":{"name":"(anonymous_11)","decl":{"start":{"line":109,"column":19},"end":{"line":109,"column":20}},"loc":{"start":{"line":109,"column":25},"end":{"line":122,"column":5}},"line":109},"12":{"name":"(anonymous_12)","decl":{"start":{"line":119,"column":18},"end":{"line":119,"column":19}},"loc":{"start":{"line":119,"column":26},"end":{"line":121,"column":13}},"line":119},"13":{"name":"(anonymous_13)","decl":{"start":{"line":124,"column":24},"end":{"line":124,"column":25}},"loc":{"start":{"line":124,"column":34},"end":{"line":133,"column":5}},"line":124},"14":{"name":"(anonymous_14)","decl":{"start":{"line":135,"column":4},"end":{"line":135,"column":5}},"loc":{"start":{"line":135,"column":12},"end":{"line":278,"column":5}},"line":135}},"branchMap":{"0":{"loc":{"start":{"line":59,"column":8},"end":{"line":73,"column":9}},"type":"if","locations":[{"start":{"line":59,"column":8},"end":{"line":73,"column":9}},{"start":{"line":59,"column":8},"end":{"line":73,"column":9}}],"line":59},"1":{"loc":{"start":{"line":59,"column":11},"end":{"line":59,"column":38}},"type":"binary-expr","locations":[{"start":{"line":59,"column":11},"end":{"line":59,"column":15}},{"start":{"line":59,"column":19},"end":{"line":59,"column":38}}],"line":59},"2":{"loc":{"start":{"line":90,"column":8},"end":{"line":92,"column":9}},"type":"if","locations":[{"start":{"line":90,"column":8},"end":{"line":92,"column":9}},{"start":{"line":90,"column":8},"end":{"line":92,"column":9}}],"line":90},"3":{"loc":{"start":{"line":93,"column":8},"end":{"line":95,"column":9}},"type":"if","locations":[{"start":{"line":93,"column":8},"end":{"line":95,"column":9}},{"start":{"line":93,"column":8},"end":{"line":95,"column":9}}],"line":93},"4":{"loc":{"start":{"line":96,"column":8},"end":{"line":98,"column":9}},"type":"if","locations":[{"start":{"line":96,"column":8},"end":{"line":98,"column":9}},{"start":{"line":96,"column":8},"end":{"line":98,"column":9}}],"line":96},"5":{"loc":{"start":{"line":125,"column":8},"end":{"line":132,"column":9}},"type":"if","locations":[{"start":{"line":125,"column":8},"end":{"line":132,"column":9}},{"start":{"line":125,"column":8},"end":{"line":132,"column":9}}],"line":125},"6":{"loc":{"start":{"line":125,"column":11},"end":{"line":125,"column":38}},"type":"binary-expr","locations":[{"start":{"line":125,"column":11},"end":{"line":125,"column":15}},{"start":{"line":125,"column":19},"end":{"line":125,"column":38}}],"line":125},"7":{"loc":{"start":{"line":126,"column":12},"end":{"line":131,"column":38}},"type":"if","locations":[{"start":{"line":126,"column":12},"end":{"line":131,"column":38}},{"start":{"line":126,"column":12},"end":{"line":131,"column":38}}],"line":126},"8":{"loc":{"start":{"line":128,"column":19},"end":{"line":131,"column":38}},"type":"if","locations":[{"start":{"line":128,"column":19},"end":{"line":131,"column":38}},{"start":{"line":128,"column":19},"end":{"line":131,"column":38}}],"line":128}},"s":{"0":1,"1":1,"2":1,"3":1,"4":1,"5":12,"6":12,"7":1,"8":12,"9":2,"10":2,"11":2,"12":2,"13":2,"14":2,"15":0,"16":12,"17":1,"18":1,"19":1,"20":1,"21":1,"22":1,"23":1,"24":1,"25":12,"26":2,"27":12,"28":2,"29":12,"30":2,"31":12,"32":3,"33":3,"34":1,"35":3,"36":1,"37":3,"38":1,"39":12,"40":1,"41":12,"42":1,"43":12,"44":1,"45":1,"46":1,"47":1,"48":1,"49":0,"50":12,"51":3,"52":3,"53":1,"54":2,"55":1,"56":1,"57":1},"f":{"0":12,"1":1,"2":2,"3":0,"4":1,"5":2,"6":2,"7":2,"8":3,"9":1,"10":1,"11":1,"12":0,"13":3,"14":1},"b":{"0":[1,0],"1":[1,1],"2":[1,2],"3":[1,2],"4":[1,2],"5":[3,0],"6":[3,3],"7":[1,2],"8":[1,1]},"_covera
[...]
column":5}},"25":{"start":{"line":63,"column":6},"end":{"line":63,"column":31}},"26":{"start":{"line":65,"column":4},"end":{"line":67,"column":5}},"27":{"start":{"line":66,"column":6},"end":{"line":66,"column":29}},"28":{"start":{"line":68,"column":4},"end":{"line":70,"column":5}},"29":{"start":{"line":69,"column":6},"end":{"line":69,"column":34}},"30":{"start":{"line":71,"column":4},"end":{"line":73,"column":5}},"31":{"start":{"line":72,"column":6},"end":{"line":72,"column":31}},"32":{"start":{"line":76,"column":14},"end":{"line":78,"column":3}},"33":{"start":{"line":77,"column":4},"end":{"line":77,"column":46}},"34":{"start":{"line":80,"column":18},"end":{"line":82,"column":3}},"35":{"start":{"line":81,"column":4},"end":{"line":81,"column":50}},"36":{"start":{"line":83,"column":20},"end":{"line":85,"column":3}},"37":{"start":{"line":84,"column":4},"end":{"line":84,"column":52}},"38":{"start":{"line":87,"column":19},"end":{"line":89,"column":3}},"39":{"start":{"line":88,"column":4},"end":{"line":88,"column":51}},"40":{"start":{"line":91,"column":18},"end":{"line":93,"column":3}},"41":{"start":{"line":92,"column":4},"end":{"line":92,"column":32}},"42":{"start":{"line":95,"column":19},"end":{"line":97,"column":3}},"43":{"start":{"line":96,"column":4},"end":{"line":96,"column":33}},"44":{"start":{"line":99,"column":17},"end":{"line":117,"column":3}},"45":{"start":{"line":100,"column":14},"end":{"line":100,"column":43}},"46":{"start":{"line":101,"column":15},"end":{"line":106,"column":5}},"47":{"start":{"line":107,"column":14},"end":{"line":107,"column":18}},"48":{"start":{"line":108,"column":4},"end":{"line":116,"column":5}},"49":{"start":{"line":109,"column":6},"end":{"line":109,"column":27}},"50":{"start":{"line":111,"column":6},"end":{"line":111,"column":23}},"51":{"start":{"line":112,"column":6},"end":{"line":115,"column":10}},"52":{"start":{"line":114,"column":10},"end":{"line":114,"column":40}},"53":{"start":{"line":119,"column":22},"end":{"line":126,"column":3}},"54":{"start":{"line":120,"column":4},"end":{"line":125,"column":5}},"55":{"start":{"line":121,"column":6},"end":{"line":124,"column":30}},"56":{"start":{"line":122,"column":8},"end":{"line":122,"column":32}},"57":{"start":{"line":124,"column":8},"end":{"line":124,"column":30}},"58":{"start":{"line":129,"column":4},"end":{"line":263,"column":5}}},"fnMap":{"0":{"name":"(anonymous_0)","decl":{"start":{"line":16,"column":17},"end":{"line":16,"column":18}},"loc":{"start":{"line":16,"column":22},"end":{"line":22,"column":1}},"line":16},"1":{"name":"(anonymous_1)","decl":{"start":{"line":26,"column":2},"end":{"line":26,"column":3}},"loc":{"start":{"line":26,"column":21},"end":{"line":35,"column":3}},"line":26},"2":{"name":"(anonymous_2)","decl":{"start":{"line":37,"column":14},"end":{"line":37,"column":15}},"loc":{"start":{"line":37,"column":20},"end":{"line":39,"column":3}},"line":37},"3":{"name":"(anonymous_3)","decl":{"start":{"line":41,"column":20},"end":{"line":41,"column":21}},"loc":{"start":{"line":41,"column":26},"end":{"line":43,"column":3}},"line":41},"4":{"name":"(anonymous_4)","decl":{"start":{"line":45,"column":22},"end":{"line":45,"column":23}},"loc":{"start":{"line":45,"column":28},"end":{"line":47,"column":3}},"line":45},"5":{"name":"(anonymous_5)","decl":{"start":{"line":49,"column":22},"end":{"line":49,"column":23}},"loc":{"start":{"line":49,"column":28},"end":{"line":51,"column":3}},"line":49},"6":{"name":"(anonymous_6)","decl":{"start":{"line":53,"column":25},"end":{"line":53,"column":26}},"loc":{"start":{"line":53,"column":31},"end":{"line":55,"column":3}},"line":53},"7":{"name":"(anonymous_7)","decl":{"start":{"line":57,"column":20},"end":{"line":57,"column":21}},"loc":{"start":{"line":57,"column":31},"end":{"line":74,"column":3}},"line":57},"8":{"name":"(anonymous_8)","decl":{"start":{"line":76,"column":14},"end":{"line":76,"column":15}},"loc":{"start":{"line":76,"column":25},"end":{"line":78,"column":3}},"line":76},"9":{"name":"(anonymous_9)","decl":{"start":{"line":80,"column":18},"end":{"line":80,"column":19}},"loc":{"start":{"line":80,"column":29},"end":{"line":82,"column":3}},"line":80},"10":{"name":"(anonymous_10)","decl":{"start":{"line":83,"column":20},"end":{"line":83,"column":21}},"loc":{"start":{"line":83,"column":31},"end":{"line":85,"column":3}},"line":83},"11":{"name":"(anonymous_11)","decl":{"start":{"line":87,"column":19},"end":{"line":87,"column":20}},"loc":{"start":{"line":87,"column":30},"end":{"line":89,"column":3}},"line":87},"12":{"name":"(anonymous_12)","decl":{"start":{"line":91,"column":18},"end":{"line":91,"column":19}},"loc":{"start":{"line":91,"column":24},"end":{"line":93,"column":3}},"line":91},"13":{"name":"(anonymous_13)","decl":{"start":{"line":95,"column":19},"end":{"line":95,"column":20}},"loc":{"start":{"line":95,"column":25},"end":{"line":97,"column":3}},"line":95},"14":{"name":"(anonymous_14)","decl":{"start":{"line":99,"column":17},"end":{"line":99,"column":18}},"loc":{"start":{"line":99,"column":23},"end":{"line":117,"column":3}},"line":99},"15":{"name":"(anonymous_15)","decl":{"start":{"line":113,"column":14},"end":{"line":113,"column":15}},"loc":{"start":{"line":113,"column":22},"end":{"line":115,"column":9}},"line":113},"16":{"name":"(anonymous_16)","decl":{"start":{"line":119,"column":22},"end":{"line":119,"column":23}},"loc":{"start":{"line":119,"column":32},"end":{"line":126,"column":3}},"line":119},"17":{"name":"(anonymous_17)","decl":{"start":{"line":128,"column":2},"end":{"line":128,"column":3}},"loc":{"start":{"line":128,"column":11},"end":{"line":264,"column":3}},"line":128}},"branchMap":{"0":{"loc":{"start":{"line":18,"column":2},"end":{"line":20,"column":3}},"type":"if","locations":[{"start":{"line":18,"column":2},"end":{"line":20,"column":3}},{"start":{"line":18,"column":2},"end":{"line":20,"column":3}}],"line":18},"1":{"loc":{"start":{"line":21,"column":9},"end":{"line":21,"column":24}},"type":"binary-expr","locations":[{"start":{"line":21,"column":9},"end":{"line":21,"column":10}},{"start":{"line":21,"column":14},"end":{"line":21,"column":24}}],"line":21},"2":{"loc":{"start":{"line":59,"column":4},"end":{"line":61,"column":5}},"type":"if","locations":[{"start":{"line":59,"column":4},"end":{"line":61,"column":5}},{"start":{"line":59,"column":4},"end":{"line":61,"column":5}}],"line":59},"3":{"loc":{"start":{"line":62,"column":4},"end":{"line":64,"column":5}},"type":"if","locations":[{"start":{"line":62,"column":4},"end":{"line":64,"column":5}},{"start":{"line":62,"column":4},"end":{"line":64,"column":5}}],"line":62},"4":{"loc":{"start":{"line":65,"column":4},"end":{"line":67,"column":5}},"type":"if","locations":[{"start":{"line":65,"column":4},"end":{"line":67,"column":5}},{"start":{"line":65,"column":4},"end":{"line":67,"column":5}}],"line":65},"5":{"loc":{"start":{"line":68,"column":4},"end":{"line":70,"column":5}},"type":"if","locations":[{"start":{"line":68,"column":4},"end":{"line":70,"column":5}},{"start":{"line":68,"column":4},"end":{"line":70,"column":5}}],"line":68},"6":{"loc":{"start":{"line":71,"column":4},"end":{"line":73,"column":5}},"type":"if","locations":[{"start":{"line":71,"column":4},"end":{"line":73,"column":5}},{"start":{"line":71,"column":4},"end":{"line":73,"column":5}}],"line":71},"7":{"loc":{"start":{"line":108,"column":4},"end":{"line":116,"column":5}},"type":"if","locations":[{"start":{"line":108,"column":4},"end":{"line":116,"column":5}},{"start":{"line":108,"column":4},"end":{"line":116,"column":5}}],"line":108},"8":{"loc":{"start":{"line":108,"column":8},"end":{"line":108,"column":74}},"type":"binary-expr","locations":[{"start":{"line":108,"column":8},"end":{"line":108,"column":24}},{"start":{"line":108,"column":28},"end":{"line":108,"column":50}},{"start":{"line":108,"column":54},"end":{"line":108,"column":74}}],"line":108},"9":{"loc":{"start":{"line":120,"column":4},"end":{"line":125,"column":5}},"type":"if","locations":[{"start":{"line":120,"column":4},"end":{"line":125,"column":5}},{"start":{"line":120,"column":4},"end":{"line":125,"column":5}}],"line":120},"10":{"loc":{"start":{"line":120,"column":8},"end":{"line":120,"column":35}},"type":"binary-expr","locations":[{"start":{"line":120,"column":8},"end":{"line":120,"column":12}},{"start":{"line":120,"column":16},"end":{"line":120,"column":35}}],"line":120},"11":{"loc":{"start":{"line":121,"column":6},"end":{"line":124,"column":30}},"type":"if","locations":[{"start":{"line":121,"column":6},"end":{"line":124,"column":30}},{"start":{"line":121,"column":6},"end":{"line":124,"column":30}}],"line":121}},"s":{"0":1,"1":1,"2":1,"3":0,"4":0,"5":0,"6":0,"7":1,"8":15,"9":15,"10":15,"11":2,"12":15,"13":2,"14":15,"15":2,"16":15,"17":2,"18":15,"19":2,"20":15,"21":6,"22":6,"23":1,"24":6,"25":1,"26":6,"27":1,"28":6,"29":1,"30":6,"31":1,"32":15,"33":1,"34":15,"35":1,"36":15,"37":1,"38":15,"39":1,"40":15,"41":2,"42":15,"43":1,"44":15,"45":2,"46":2,"47":2,"48":2,"49":1,"50":1,"51":1,"52":0,"53":15,"54":2,"55":2,"56":1,"57":1,"58":1},"f":{"0":0,"1":15,"2":2,"3":2,"4":2,"5":2,"6":2,"7":6,"8":1,"9":1,"10":1,"11":1,"12":2,"13":1,"14":2,"15":0,"16":2,"17":1},"b":{"0":[0,0],"1":[0,0],"2":[1,5],"3":[1,5],"4":[1,5],"5":[1,5],"6":[1,5],"7":[1,1],"8":[2,1,1],"9":[2,0],"10":[2,2],"11":[1,1]},"_coverageSchema":"1a1c01bbd47fc00a2c39e90264f33305004495a9","hash":"d690d9402fc5ee8c48c83aa0194130549f346d68"}
,"D:\\SEPP\\Cloud_Homework\\UIPrototype\\Code\\src\\Pages\\Teacher\\UserInfoPage.jsx": {"path":"D:\\SEPP\\Cloud_Homework\\UIPrototype\\Code\\src\\Pages\\Teacher\\UserInfoPage.jsx","statementMap":{"0":{"start":{"line":8,"column":11},"end":{"line":8,"column":30}},"1":{"start":{"line":10,"column":41},"end":{"line":10,"column":47}},"2":{"start":{"line":12,"column":19},"end":{"line":41,"column":1}},"3":{"start":{"line":46,"column":4},"end":{"line":46,"column":17}},"4":{"start":{"line":47,"column":4},"end":{"line":56,"column":6}},"5":{"start":{"line":59,"column":16},"end":{"line":67,"column":3}},"6":{"start":{"line":60,"column":17},"end":{"line":60,"column":47}},"7":{"start":{"line":61,"column":14},"end":{"line":61,"column":48}},"8":{"start":{"line":62,"column":16},"end":{"line":62,"column":20}},"9":{"start":{"line":63,"column":4},"end":{"line":66,"column":9}},"10":{"start":{"line":65,"column":8},"end":{"line":65,"column":36}},"11":{"start":{"line":69,"column":20},"end":{"line":85,"column":3}},"12":{"start":{"line":70,"column":4},"end":{"line":84,"column":5}},"13":{"start":{"line":72,"column":21},"end":{"line":72,"column":39}},"14":{"start":{"line":73,"column":19},"end":{"line":73,"column":35}},"15":{"start":{"line":74,"column":18},"end":{"line":74,"column":33}},"16":{"start":{"line":75,"column":17},"end":{"line":75,"column":32}},"17":{"start":{"line":76,"column":17},"end":{"line":76,"column":31}},"18":{"start":{"line":77,"column":6},"end":{"line":83,"column":9}},"19":{"start":{"line":87,"column":14},"end":{"line":89,"column":3}},"20":{"start":{"line":88,"column":4},"end":{"line":88,"column":35}},"21":{"start":{"line":91,"column":20},"end":{"line":93,"column":3}},"22":{"start":{"line":92,"column":4},"end":{"line":92,"column":37}},"23":{"start":{"line":95,"column":22},"end":{"line":97,"column":3}},"24":{"start":{"line":96,"column":4},"end":{"line":96,"column":39}},"25":{"start":{"line":99,"column":22},"end":{"line":101,"column":3}},"26":{"start":{"line":100,"column":4},"end":{"line":100,"column":39}},"27":{"start":{"line":103,"column":25},"end":{"line":105,"column":3}},"28":{"start":{"line":104,"column":4},"end":{"line":104,"column":42}},"29":{"start":{"line":107,"column":20},"end":{"line":124,"column":3}},"30":{"start":{"line":108,"column":14},"end":{"line":108,"column":23}},"31":{"start":{"line":109,"column":4},"end":{"line":111,"column":5}},"32":{"start":{"line":110,"column":6},"end":{"line":110,"column":23}},"33":{"start":{"line":112,"column":4},"end":{"line":114,"column":5}},"34":{"start":{"line":113,"column":6},"end":{"line":113,"column":31}},"35":{"start":{"line":115,"column":4},"end":{"line":117,"column":5}},"36":{"start":{"line":116,"column":6},"end":{"line":116,"column":29}},"37":{"start":{"line":118,"column":4},"end":{"line":120,"column":5}},"38":{"start":{"line":119,"column":6},"end":{"line":119,"column":34}},"39":{"start":{"line":121,"column":4},"end":{"line":123,"column":5}},"40":{"start":{"line":122,"column":6},"end":{"line":122,"column":31}},"41":{"start":{"line":126,"column":16},"end":{"line":128,"column":3}},"42":{"start":{"line":127,"column":4},"end":{"line":127,"column":50}},"43":{"start":{"line":130,"column":15},"end":{"line":132,"column":3}},"44":{"start":{"line":131,"column":4},"end":{"line":131,"column":49}},"45":{"start":{"line":134,"column":17},"end":{"line":153,"column":3}},"46":{"start":{"line":135,"column":14},"end":{"line":135,"column":38}},"47":{"start":{"line":136,"column":17},"end":{"line":136,"column":39}},"48":{"start":{"line":137,"column":15},"end":{"line":141,"column":5}},"49":{"start":{"line":143,"column":4},"end":{"line":143,"column":21}},"50":{"start":{"line":144,"column":4},"end":{"line":152,"column":8}},"51":{"start":{"line":146,"column":8},"end":{"line":151,"column":9}},"52":{"start":{"line":147,"column":10},"end":{"line":150,"column":34}},"53":{"start":{"line":148,"column":12},"end":{"line":148,"column":36}},"54":{"start":{"line":150,"column":12},"end":{"line":150,"column":34}},"55":{"start":{"line":157,"column":4},"end":{"line":280,"column":5}},"56":{"start":{"line":238,"column":24},"end":{"line":240,"column":35}}},"fnMap":{"0":{"name":"(anonymous_0)","decl":{"start":{"line":45,"column":2},"end":{"line":45,"column":3}},"loc":{"start":{"line":45,"column":21},"end":{"line":57,"column":3}},"line":45},"1":{"name":"(anonymous_1)","decl":{"start":{"line":59,"column":16},"end":{"line":59,"column":17}},"loc":{"start":{"line":59,"column":22},"end":{"line":67,"column":3}},"line":59},"2":{"name":"(anonymous_2)","decl":{"start":{"line":64,"column":12},"end":{"line":64,"column":13}},"loc":{"start":{"line":64,"column":20},"end":{"line":66,"column":7}},"line":64},"3":{"name":"(anonymous_3)","decl":{"start":{"line":69,"column":20},"end":{"line":69,"column":21}},"loc":{"start":{"line":69,"column":30},"end":{"line":85,"column":3}},"line":69},"4":{"name":"(anonymous_4)","decl":{"start":{"line":87,"column":14},"end":{"line":87,"column":15}},"loc":{"start":{"line":87,"column":20},"end":{"line":89,"column":3}},"line":87},"5":{"name":"(anonymous_5)","decl":{"start":{"line":91,"column":20},"end":{"line":91,"column":21}},"loc":{"start":{"line":91,"column":26},"end":{"line":93,"column":3}},"line":91},"6":{"name":"(anonymous_6)","decl":{"start":{"line":95,"column":22},"end":{"line":95,"column":23}},"loc":{"start":{"line":95,"column":28},"end":{"line":97,"column":3}},"line":95},"7":{"name":"(anonymous_7)","decl":{"start":{"line":99,"column":22},"end":{"line":99,"column":23}},"loc":{"start":{"line":99,"column":28},"end":{"line":101,"column":3}},"line":99},"8":{"name":"(anonymous_8)","decl":{"start":{"line":103,"column":25},"end":{"line":103,"column":26}},"loc":{"start":{"line":103,"column":31},"end":{"line":105,"column":3}},"line":103},"9":{"name":"(anonymous_9)","decl":{"start":{"line":107,"column":20},"end":{"line":107,"column":21}},"loc":{"start":{"line":107,"column":31},"end":{"line":124,"column":3}},"line":107},"10":{"name":"(anonymous_10)","decl":{"start":{"line":126,"column":16},"end":{"line":126,"column":17}},"loc":{"start":{"line":126,"column":27},"end":{"line":128,"column":3}},"line":126},"11":{"name":"(anonymous_11)","decl":{"start":{"line":130,"column":15},"end":{"line":130,"column":16}},"loc":{"start":{"line":130,"column":26},"end":{"line":132,"column":3}},"line":130},"12":{"name":"(anonymous_12)","decl":{"start":{"line":134,"column":17},"end":{"line":134,"column":18}},"loc":{"start":{"line":134,"column":23},"end":{"line":153,"column":3}},"line":134},"13":{"name":"(anonymous_13)","decl":{"start":{"line":145,"column":12},"end":{"line":145,"column":13}},"loc":{"start":{"line":145,"column":20},"end":{"line":152,"column":7}},"line":145},"14":{"name":"(anonymous_14)","decl":{"start":{"line":156,"column":2},"end":{"line":156,"column":3}},"loc":{"start":{"line":156,"column":11},"end":{"line":281,"column":3}},"line":156},"15":{"name":"(anonymous_15)","decl":{"start":{"line":237,"column":38},"end":{"line":237,"column":39}},"loc":{"start":{"line":238,"column":24},"end":{"line":240,"column":35}},"line":238}},"branchMap":{"0":{"loc":{"start":{"line":70,"column":4},"end":{"line":84,"column":5}},"type":"if","locations":[{"start":{"line":70,"column":4},"end":{"line":84,"column":5}},{"start":{"line":70,"column":4},"end":{"line":84,"column":5}}],"line":70},"1":{"loc":{"start":{"line":70,"column":8},"end":{"line":70,"column":35}},"type":"binary-expr","locations":[{"start":{"line":70,"column":8},"end":{"line":70,"column":12}},{"start":{"line":70,"column":16},"end":{"line":70,"column":35}}],"line":70},"2":{"loc":{"start":{"line":109,"column":4},"end":{"line":111,"column":5}},"type":"if","locations":[{"start":{"line":109,"column":4},"end":{"line":111,"column":5}},{"start":{"line":109,"column":4},"end":{"line":111,"column":5}}],"line":109},"3":{"loc":{"start":{"line":112,"column":4},"end":{"line":114,"column":5}},"type":"if","locations":[{"start":{"line":112,"column":4},"end":{"line":114,"column":5}},{"start":{"line":112,"column":4},"end":{"line":114,"column":5}}],"line":112},"4":{"loc":{"start":{"line":115,"column":4},"end":{"line":117,"column":5}},"type":"if","locations":[{"start":{"line":115,"column":4},"end":{"line":117,"column":5}},{"start":{"line":115,"column":4},"end":{"line":117,"column":5}}],"line":115},"5":{"loc":{"start":{"line":118,"column":4},"end":{"line":120,"column":5}},"type":"if","locations":[{"start":{"line":118,"column":4},"end":{"line":120,"column":5}},{"start":{"line":118,"column":4},"end":{"line":120,"column":5}}],"line":118},"6":{"loc":{"start":{"line":121,"column":4},"end":{"line":123,"column":5}},"type":"if","locations":[{"start":{"line":121,"column":4},"end":{"line":123,"column":5}},{"start":{"line":121,"column":4},"end":{"line":123,"column":5}}],"line":121},"7":{"loc":{"start":{"line":146,"column":8},"end":{"line":151,"column":9}},"type":"if","locations":[{"start":{"line":146,"column":8},"end":{"line":151,"column":9}},{"start":{"line":146,"column":8},"end":{"line":151,"column":9}}],"line":146},"8":{"loc":{"start":{"line":146,"column":12},"end":{"line":146,"column":39}},"type":"binary-expr","locations":[{"start":{"line":146,"column":12},"end":{"line":146,"column":16}},{"start":{"line":146,"column":20},"end":{"line":146,"column":39}}],"line":146},"9":{"loc":{"start":{"line":147,"column":10},"end":{"line":150,"column":34}},"type":"if","locations":[{"start":{"line":147,"column":10},"end":{"line":150,"column":34}},{"start":{"line":147,"column":10},"end":{"line":150,"column":34}}],"line":147}},"s":{"0":1,"1":1,"2":1,"3":12,"4":12,"5":12,"6":1,"7":1,"8":1,"9":1,"10":0,"11":12,"12":1,"13":1,"14":1,"15":1,"16":1,"17":1,"18":1,"19":12,"20":2,"21":12,"22":2,"23":12,"24":2,"25":12,"26":2,"27":12,"28":2,"29":12,"30":6,"31":6,"32":1,"33":6,"34":1,"35":6,"36":1,"37":6,"38":1,"39":6,"40":1,"41":12,"42":1,"43":12,"44":1,"45":12,"46":1,"47":1,"48":1,"49":1,"50":1,"51":0,"52":0,"53":0,"54":0,"55":1,"56":7},"f":{"0":12,"1":1,"2":0,"3":1,"4":2,"5":2,"6":2,"7":2,"8":2,"9":6,"10":1,"11":1,"12":1,"13":0,"14":1,"15":7},"b":{"0":[1,0],"1":[1,1],"2":[1,5],"3":[1,5],"4":[1,5],"5":[1,5],"6":[1,5],"7":[0,0],"8":[0,0],"9":[0,0]},"_coverageSchema":"1a1c01bbd47fc00a2c39e90264f33305004495a9","hash":"b9708bdf15fa5ad3f9d472ce0a79106a2ed91bc5"}
,"D:\\SEPP\\Cloud_Homework\\UIPrototype\\Code\\src\\Utils\\History.js": {"path":"D:\\SEPP\\Cloud_Homework\\UIPrototype\\Code\\src\\Utils\\History.js","statementMap":{"0":{"start":{"line":3,"column":23},"end":{"line":3,"column":45}}},"fnMap":{},"branchMap":{},"s":{"0":16},"f":{},"b":{},"_coverageSchema":"1a1c01bbd47fc00a2c39e90264f33305004495a9","hash":"0dc2f93ed007933621b00add7caff152b131a97c"}
}
