TN:
SF:src\config.js
FNF:0
FNH:0
DA:1,15
LF:1
LH:1
BRF:0
BRH:0
end_of_record
TN:
SF:src\Pages\Share\login.jsx
FN:16,(anonymous_0)
FN:26,(anonymous_1)
FN:31,(anonymous_2)
FN:36,(anonymous_3)
FN:40,(anonymous_4)
FN:44,(anonymous_5)
FN:54,(anonymous_6)
FN:59,(anonymous_7)
FN:101,(anonymous_8)
FN:106,(anonymous_9)
FNF:10
FNH:9
FNDA:8,(anonymous_0)
FNDA:1,(anonymous_1)
FNDA:1,(anonymous_2)
FNDA:2,(anonymous_3)
FNDA:1,(anonymous_4)
FNDA:1,(anonymous_5)
FNDA:0,(anonymous_6)
FNDA:3,(anonymous_7)
FNDA:1,(anonymous_8)
FNDA:1,(anonymous_9)
DA:13,1
DA:17,8
DA:18,8
DA:26,8
DA:27,1
DA:28,1
DA:31,8
DA:32,1
DA:33,1
DA:36,8
DA:37,2
DA:40,8
DA:41,1
DA:44,8
DA:45,1
DA:46,1
DA:47,1
DA:51,1
DA:52,1
DA:53,1
DA:55,0
DA:59,8
DA:60,3
DA:61,1
DA:62,1
DA:63,1
DA:64,1
DA:65,1
DA:66,1
DA:67,1
DA:68,1
DA:69,1
DA:70,1
DA:71,1
DA:72,1
DA:73,1
DA:74,1
DA:75,1
DA:76,1
DA:77,1
DA:78,1
DA:79,1
DA:81,2
DA:82,1
DA:83,1
DA:84,1
DA:85,1
DA:86,1
DA:87,1
DA:88,1
DA:89,1
DA:90,1
DA:91,1
DA:92,1
DA:93,1
DA:95,1
DA:96,1
DA:97,1
DA:101,8
DA:102,1
DA:103,1
DA:107,1
LF:62
LH:61
BRDA:60,0,0,1
BRDA:60,0,1,2
BRDA:81,1,0,1
BRDA:81,1,1,1
BRDA:95,2,0,1
BRDA:95,2,1,0
BRF:6
BRH:5
end_of_record
TN:
SF:src\Pages\Share\register.jsx
FN:16,(anonymous_0)
FN:30,(anonymous_1)
FN:34,(anonymous_2)
FN:38,(anonymous_3)
FN:42,(anonymous_4)
FN:46,(anonymous_5)
FN:50,(anonymous_6)
FN:54,(anonymous_7)
FN:58,(anonymous_8)
FN:62,(anonymous_9)
FN:66,(anonymous_10)
FN:71,(anonymous_11)
FN:75,(anonymous_12)
FN:79,(anonymous_13)
FN:93,(anonymous_14)
FN:112,(anonymous_15)
FN:118,(anonymous_16)
FN:134,(anonymous_17)
FNF:18
FNH:17
FNDA:16,(anonymous_0)
FNDA:2,(anonymous_1)
FNDA:2,(anonymous_2)
FNDA:1,(anonymous_3)
FNDA:1,(anonymous_4)
FNDA:1,(anonymous_5)
FNDA:1,(anonymous_6)
FNDA:1,(anonymous_7)
FNDA:1,(anonymous_8)
FNDA:1,(anonymous_9)
FNDA:1,(anonymous_10)
FNDA:1,(anonymous_11)
FNDA:2,(anonymous_12)
FNDA:4,(anonymous_13)
FNDA:2,(anonymous_14)
FNDA:0,(anonymous_15)
FNDA:3,(anonymous_16)
FNDA:1,(anonymous_17)
DA:13,1
DA:17,16
DA:18,16
DA:30,16
DA:31,2
DA:34,16
DA:35,2
DA:38,16
DA:39,1
DA:42,16
DA:43,1
DA:46,16
DA:47,1
DA:50,16
DA:51,1
DA:54,16
DA:55,1
DA:58,16
DA:59,1
DA:62,16
DA:63,1
DA:66,16
DA:67,1
DA:68,1
DA:71,16
DA:72,1
DA:75,16
DA:76,2
DA:79,16
DA:80,4
DA:81,4
DA:82,4
DA:83,4
DA:84,4
DA:85,4
DA:86,4
DA:87,4
DA:89,2
DA:90,2
DA:93,16
DA:94,2
DA:95,2
DA:96,1
DA:97,1
DA:99,1
DA:100,1
DA:109,1
DA:110,1
DA:111,1
DA:113,0
DA:118,16
DA:119,3
DA:120,3
DA:121,3
DA:122,1
DA:123,1
DA:124,2
DA:125,1
DA:129,1
DA:135,1
LF:60
LH:59
BRDA:87,0,0,2
BRDA:87,0,1,2
BRDA:87,1,0,4
BRDA:87,1,1,3
BRDA:87,1,2,3
BRDA:87,1,3,3
BRDA:87,1,4,3
BRDA:87,1,5,3
BRDA:87,1,6,3
BRDA:95,2,0,1
BRDA:95,2,1,1
BRDA:119,3,0,3
BRDA:119,3,1,0
BRDA:119,4,0,3
BRDA:119,4,1,3
BRDA:121,5,0,1
BRDA:121,5,1,2
BRDA:124,6,0,1
BRDA:124,6,1,1
BRF:19
BRH:18
end_of_record
TN:
SF:src\Pages\Student\CourseDetailPage.jsx
FN:27,(anonymous_0)
FN:40,(anonymous_1)
FN:48,(anonymous_2)
FN:52,(anonymous_3)
FN:56,(anonymous_4)
FN:60,(anonymous_5)
FN:64,(anonymous_6)
FN:68,(anonymous_7)
FN:74,(anonymous_8)
FN:83,(anonymous_9)
FN:87,(anonymous_10)
FN:91,(anonymous_11)
FN:95,(anonymous_12)
FN:110,(anonymous_13)
FN:114,(anonymous_14)
FN:118,(anonymous_15)
FN:123,(anonymous_16)
FN:130,(anonymous_17)
FN:136,(anonymous_18)
FN:145,(anonymous_19)
FN:197,(anonymous_20)
FNF:21
FNH:18
FNDA:17,(anonymous_0)
FNDA:4,(anonymous_1)
FNDA:1,(anonymous_2)
FNDA:1,(anonymous_3)
FNDA:1,(anonymous_4)
FNDA:1,(anonymous_5)
FNDA:2,(anonymous_6)
FNDA:0,(anonymous_7)
FNDA:1,(anonymous_8)
FNDA:2,(anonymous_9)
FNDA:2,(anonymous_10)
FNDA:2,(anonymous_11)
FNDA:3,(anonymous_12)
FNDA:1,(anonymous_13)
FNDA:1,(anonymous_14)
FNDA:1,(anonymous_15)
FNDA:1,(anonymous_16)
FNDA:0,(anonymous_17)
FNDA:1,(anonymous_18)
FNDA:1,(anonymous_19)
FNDA:0,(anonymous_20)
DA:13,1
DA:15,1
DA:24,1
DA:28,17
DA:29,17
DA:40,17
DA:41,4
DA:42,1
DA:43,3
DA:44,1
DA:45,2
DA:49,1
DA:52,17
DA:53,1
DA:56,17
DA:57,1
DA:60,17
DA:61,1
DA:64,17
DA:65,2
DA:66,2
DA:67,2
DA:69,0
DA:74,17
DA:75,1
DA:76,1
DA:77,1
DA:83,17
DA:84,2
DA:87,17
DA:88,2
DA:91,17
DA:92,2
DA:95,17
DA:96,3
DA:97,3
DA:98,1
DA:100,3
DA:101,1
DA:103,3
DA:104,1
DA:110,17
DA:111,1
DA:114,17
DA:115,1
DA:118,17
DA:119,1
DA:123,17
DA:125,1
DA:126,1
DA:127,1
DA:128,1
DA:129,1
DA:131,0
DA:133,1
DA:136,17
DA:137,1
DA:138,1
DA:139,1
DA:146,1
DA:197,0
LF:61
LH:58
BRDA:41,0,0,1
BRDA:41,0,1,3
BRDA:43,1,0,1
BRDA:43,1,1,2
BRDA:75,2,0,1
BRDA:75,2,1,0
BRDA:75,3,0,1
BRDA:75,3,1,1
BRDA:97,4,0,1
BRDA:97,4,1,2
BRDA:100,5,0,1
BRDA:100,5,1,2
BRDA:103,6,0,1
BRDA:103,6,1,2
BRDA:137,7,0,1
BRDA:137,7,1,0
BRDA:137,8,0,1
BRDA:137,8,1,1
BRF:18
BRH:16
end_of_record
TN:
SF:src\Pages\Student\CourseListPage.jsx
FN:49,(anonymous_0)
FN:57,(anonymous_1)
FN:61,(anonymous_2)
FN:65,(anonymous_3)
FN:69,(anonymous_4)
FN:73,(anonymous_5)
FN:86,(anonymous_6)
FN:91,(anonymous_7)
FN:96,(anonymous_8)
FN:105,(anonymous_9)
FN:109,(anonymous_10)
FN:117,(anonymous_11)
FN:125,(anonymous_12)
FN:131,(anonymous_13)
FN:175,(anonymous_14)
FN:185,(anonymous_15)
FN:187,(anonymous_16)
FNF:17
FNH:13
FNDA:12,(anonymous_0)
FNDA:1,(anonymous_1)
FNDA:2,(anonymous_2)
FNDA:2,(anonymous_3)
FNDA:2,(anonymous_4)
FNDA:3,(anonymous_5)
FNDA:2,(anonymous_6)
FNDA:0,(anonymous_7)
FNDA:1,(anonymous_8)
FNDA:1,(anonymous_9)
FNDA:3,(anonymous_10)
FNDA:3,(anonymous_11)
FNDA:1,(anonymous_12)
FNDA:1,(anonymous_13)
FNDA:0,(anonymous_14)
FNDA:0,(anonymous_15)
FNDA:0,(anonymous_16)
DA:9,1
DA:10,1
DA:12,1
DA:14,1
DA:50,12
DA:51,12
DA:58,1
DA:61,12
DA:62,2
DA:65,12
DA:66,2
DA:69,12
DA:70,2
DA:73,12
DA:74,3
DA:75,3
DA:76,1
DA:78,3
DA:79,1
DA:81,3
DA:82,1
DA:86,12
DA:87,2
DA:88,2
DA:89,2
DA:90,2
DA:92,0
DA:96,12
DA:97,1
DA:98,1
DA:99,1
DA:105,12
DA:109,12
DA:110,3
DA:111,1
DA:112,2
DA:113,1
DA:114,1
DA:117,12
DA:118,3
DA:119,1
DA:120,2
DA:121,1
DA:122,1
DA:125,12
DA:126,1
DA:127,1
DA:128,1
DA:132,1
DA:176,0
DA:187,0
LF:51
LH:48
BRDA:75,0,0,1
BRDA:75,0,1,2
BRDA:78,1,0,1
BRDA:78,1,1,2
BRDA:81,2,0,1
BRDA:81,2,1,2
BRDA:97,3,0,1
BRDA:97,3,1,0
BRDA:97,4,0,1
BRDA:97,4,1,1
BRDA:110,5,0,1
BRDA:110,5,1,2
BRDA:112,6,0,1
BRDA:112,6,1,1
BRDA:118,7,0,1
BRDA:118,7,1,2
BRDA:120,8,0,1
BRDA:120,8,1,1
BRF:18
BRH:17
end_of_record
TN:
SF:src\Pages\Student\HomeworkCommitPage.jsx
FN:17,(anonymous_0)
FN:29,(anonymous_1)
FN:33,(anonymous_2)
FN:37,(anonymous_3)
FN:41,(anonymous_4)
FN:45,(anonymous_5)
FN:49,(anonymous_6)
FN:54,(anonymous_7)
FN:58,(anonymous_8)
FN:72,(anonymous_9)
FN:89,(anonymous_10)
FN:104,(anonymous_11)
FN:118,(anonymous_12)
FN:136,(anonymous_13)
FN:151,(anonymous_14)
FN:157,(anonymous_15)
FN:173,(anonymous_16)
FN:180,(anonymous_17)
FN:188,(anonymous_18)
FN:194,(anonymous_19)
FN:214,(anonymous_20)
FN:215,(anonymous_21)
FN:224,(anonymous_22)
FN:225,(anonymous_23)
FNF:24
FNH:18
FNDA:17,(anonymous_0)
FNDA:2,(anonymous_1)
FNDA:2,(anonymous_2)
FNDA:2,(anonymous_3)
FNDA:2,(anonymous_4)
FNDA:2,(anonymous_5)
FNDA:2,(anonymous_6)
FNDA:2,(anonymous_7)
FNDA:3,(anonymous_8)
FNDA:1,(anonymous_9)
FNDA:1,(anonymous_10)
FNDA:1,(anonymous_11)
FNDA:0,(anonymous_12)
FNDA:4,(anonymous_13)
FNDA:1,(anonymous_14)
FNDA:1,(anonymous_15)
FNDA:1,(anonymous_16)
FNDA:0,(anonymous_17)
FNDA:1,(anonymous_18)
FNDA:1,(anonymous_19)
FNDA:0,(anonymous_20)
FNDA:0,(anonymous_21)
FNDA:0,(anonymous_22)
FNDA:0,(anonymous_23)
DA:10,1
DA:12,1
DA:13,1
DA:18,17
DA:19,17
DA:29,17
DA:30,2
DA:33,17
DA:34,2
DA:37,17
DA:38,2
DA:41,17
DA:42,2
DA:45,17
DA:46,2
DA:49,17
DA:50,2
DA:54,17
DA:55,2
DA:58,17
DA:59,3
DA:60,3
DA:61,1
DA:63,3
DA:64,1
DA:66,3
DA:67,1
DA:72,17
DA:73,1
DA:89,17
DA:90,1
DA:91,1
DA:92,1
DA:95,1
DA:99,1
DA:100,1
DA:104,17
DA:105,1
DA:106,1
DA:107,1
DA:108,1
DA:109,1
DA:110,1
DA:111,1
DA:117,1
DA:119,0
DA:136,17
DA:137,4
DA:138,4
DA:139,4
DA:140,1
DA:141,3
DA:142,1
DA:143,2
DA:144,1
DA:146,1
DA:151,17
DA:152,1
DA:157,17
DA:173,17
DA:174,1
DA:175,1
DA:176,1
DA:177,1
DA:178,1
DA:179,0
DA:180,0
DA:181,0
DA:182,0
DA:188,17
DA:189,1
DA:195,1
DA:196,1
DA:213,1
DA:215,0
DA:216,0
DA:217,0
DA:218,0
DA:219,0
DA:225,0
DA:228,0
DA:233,1
LF:82
LH:70
BRDA:60,0,0,1
BRDA:60,0,1,2
BRDA:63,1,0,1
BRDA:63,1,1,2
BRDA:66,2,0,1
BRDA:66,2,1,2
BRDA:137,3,0,4
BRDA:137,3,1,0
BRDA:137,4,0,4
BRDA:137,4,1,4
BRDA:139,5,0,1
BRDA:139,5,1,3
BRDA:141,6,0,1
BRDA:141,6,1,2
BRDA:143,7,0,1
BRDA:143,7,1,1
BRDA:177,8,0,1
BRDA:177,8,1,0
BRF:18
BRH:16
end_of_record
TN:
SF:src\Pages\Student\HomeworkDetailPage.jsx
FN:29,(anonymous_0)
FN:38,(anonymous_1)
FN:42,(anonymous_2)
FN:47,(anonymous_3)
FN:52,(anonymous_4)
FN:78,(anonymous_5)
FN:82,(anonymous_6)
FN:86,(anonymous_7)
FN:90,(anonymous_8)
FN:95,(anonymous_9)
FN:108,(anonymous_10)
FN:140,(anonymous_11)
FNF:12
FNH:10
FNDA:10,(anonymous_0)
FNDA:2,(anonymous_1)
FNDA:3,(anonymous_2)
FNDA:0,(anonymous_3)
FNDA:1,(anonymous_4)
FNDA:2,(anonymous_5)
FNDA:2,(anonymous_6)
FNDA:2,(anonymous_7)
FNDA:2,(anonymous_8)
FNDA:3,(anonymous_9)
FNDA:1,(anonymous_10)
FNDA:0,(anonymous_11)
DA:9,1
DA:11,1
DA:13,1
DA:30,10
DA:31,10
DA:39,2
DA:42,10
DA:44,3
DA:45,3
DA:46,3
DA:48,0
DA:52,10
DA:53,1
DA:54,1
DA:78,10
DA:79,2
DA:82,10
DA:83,2
DA:86,10
DA:87,2
DA:90,10
DA:91,2
DA:92,2
DA:95,10
DA:96,3
DA:97,3
DA:98,1
DA:100,3
DA:101,1
DA:103,3
DA:104,1
DA:109,1
DA:140,0
LF:33
LH:31
BRDA:53,0,0,1
BRDA:53,0,1,0
BRDA:53,1,0,1
BRDA:53,1,1,1
BRDA:97,2,0,1
BRDA:97,2,1,2
BRDA:100,3,0,1
BRDA:100,3,1,2
BRDA:103,4,0,1
BRDA:103,4,1,2
BRF:10
BRH:9
end_of_record
TN:
SF:src\Pages\Student\HomeworkListPage.jsx
FN:68,(anonymous_0)
FN:70,(anonymous_1)
FN:85,(anonymous_2)
FN:94,(anonymous_3)
FN:98,(anonymous_4)
FN:107,(anonymous_5)
FN:112,(anonymous_6)
FN:123,(anonymous_7)
FN:127,(anonymous_8)
FN:131,(anonymous_9)
FN:135,(anonymous_10)
FN:148,(anonymous_11)
FN:154,(anonymous_12)
FN:160,(anonymous_13)
FN:204,(anonymous_14)
FN:213,(anonymous_15)
FN:216,(anonymous_16)
FNF:17
FNH:11
FNDA:0,(anonymous_0)
FNDA:0,(anonymous_1)
FNDA:10,(anonymous_2)
FNDA:1,(anonymous_3)
FNDA:2,(anonymous_4)
FNDA:0,(anonymous_5)
FNDA:1,(anonymous_6)
FNDA:2,(anonymous_7)
FNDA:2,(anonymous_8)
FNDA:2,(anonymous_9)
FNDA:3,(anonymous_10)
FNDA:3,(anonymous_11)
FNDA:3,(anonymous_12)
FNDA:1,(anonymous_13)
FNDA:0,(anonymous_14)
FNDA:0,(anonymous_15)
FNDA:0,(anonymous_16)
DA:21,1
DA:22,1
DA:24,1
DA:26,1
DA:65,1
DA:69,0
DA:71,0
DA:86,10
DA:87,10
DA:95,1
DA:98,10
DA:99,2
DA:100,2
DA:101,2
DA:102,2
DA:103,2
DA:104,2
DA:105,2
DA:106,2
DA:108,0
DA:112,10
DA:113,1
DA:114,1
DA:115,1
DA:116,1
DA:117,1
DA:123,10
DA:124,2
DA:127,10
DA:128,2
DA:131,10
DA:132,2
DA:135,10
DA:136,3
DA:137,3
DA:138,1
DA:140,3
DA:141,1
DA:143,3
DA:144,1
DA:148,10
DA:149,3
DA:150,2
DA:151,1
DA:154,10
DA:155,3
DA:156,2
DA:157,1
DA:161,1
DA:205,0
DA:214,0
DA:217,0
DA:218,0
LF:53
LH:46
BRDA:102,0,0,2
BRDA:102,0,1,0
BRDA:113,1,0,1
BRDA:113,1,1,0
BRDA:113,2,0,1
BRDA:113,2,1,1
BRDA:137,3,0,1
BRDA:137,3,1,2
BRDA:140,4,0,1
BRDA:140,4,1,2
BRDA:143,5,0,1
BRDA:143,5,1,2
BRDA:149,6,0,1
BRDA:149,6,1,2
BRDA:150,7,0,1
BRDA:150,7,1,1
BRDA:151,8,0,1
BRDA:151,8,1,0
BRDA:155,9,0,1
BRDA:155,9,1,2
BRDA:156,10,0,1
BRDA:156,10,1,1
BRDA:157,11,0,1
BRDA:157,11,1,0
BRF:24
BRH:20
end_of_record
TN:
SF:src\Pages\Student\UserInfoPage.jsx
FN:28,(anonymous_0)
FN:42,(anonymous_1)
FN:46,(anonymous_2)
FN:53,(anonymous_3)
FN:58,(anonymous_4)
FN:76,(anonymous_5)
FN:80,(anonymous_6)
FN:84,(anonymous_7)
FN:88,(anonymous_8)
FN:101,(anonymous_9)
FN:105,(anonymous_10)
FN:109,(anonymous_11)
FN:119,(anonymous_12)
FN:124,(anonymous_13)
FN:135,(anonymous_14)
FNF:15
FNH:13
FNDA:12,(anonymous_0)
FNDA:1,(anonymous_1)
FNDA:2,(anonymous_2)
FNDA:0,(anonymous_3)
FNDA:1,(anonymous_4)
FNDA:2,(anonymous_5)
FNDA:2,(anonymous_6)
FNDA:2,(anonymous_7)
FNDA:3,(anonymous_8)
FNDA:1,(anonymous_9)
FNDA:1,(anonymous_10)
FNDA:1,(anonymous_11)
FNDA:0,(anonymous_12)
FNDA:3,(anonymous_13)
FNDA:1,(anonymous_14)
DA:14,1
DA:15,1
DA:17,1
DA:21,1
DA:25,1
DA:29,12
DA:30,12
DA:43,1
DA:46,12
DA:47,2
DA:48,2
DA:49,2
DA:50,2
DA:51,2
DA:52,2
DA:54,0
DA:58,12
DA:59,1
DA:61,1
DA:62,1
DA:63,1
DA:64,1
DA:65,1
DA:66,1
DA:67,1
DA:76,12
DA:77,2
DA:80,12
DA:81,2
DA:84,12
DA:85,2
DA:88,12
DA:89,3
DA:90,3
DA:91,1
DA:93,3
DA:94,1
DA:96,3
DA:97,1
DA:101,12
DA:102,1
DA:105,12
DA:106,1
DA:109,12
DA:110,1
DA:111,1
DA:112,1
DA:117,1
DA:118,1
DA:120,0
DA:124,12
DA:125,3
DA:126,3
DA:127,1
DA:128,2
DA:129,1
DA:131,1
DA:136,1
LF:58
LH:56
BRDA:59,0,0,1
BRDA:59,0,1,0
BRDA:59,1,0,1
BRDA:59,1,1,1
BRDA:90,2,0,1
BRDA:90,2,1,2
BRDA:93,3,0,1
BRDA:93,3,1,2
BRDA:96,4,0,1
BRDA:96,4,1,2
BRDA:125,5,0,3
BRDA:125,5,1,0
BRDA:125,6,0,3
BRDA:125,6,1,3
BRDA:126,7,0,1
BRDA:126,7,1,2
BRDA:128,8,0,1
BRDA:128,8,1,1
BRF:18
BRH:16
end_of_record
TN:
SF:src\Pages\Teacher\AddStudent2CoursePage.jsx
FN:121,(anonymous_0)
FN:139,(anonymous_1)
FN:143,(anonymous_2)
FN:147,(anonymous_3)
FN:152,(anonymous_4)
FN:162,(anonymous_5)
FN:170,(anonymous_6)
FN:173,(anonymous_7)
FN:177,(anonymous_8)
FN:185,(anonymous_9)
FN:189,(anonymous_10)
FN:193,(anonymous_11)
FN:213,(anonymous_12)
FN:272,(anonymous_13)
FN:285,(anonymous_14)
FN:288,(anonymous_15)
FN:297,(anonymous_16)
FNF:17
FNH:12
FNDA:11,(anonymous_0)
FNDA:1,(anonymous_1)
FNDA:2,(anonymous_2)
FNDA:0,(anonymous_3)
FNDA:1,(anonymous_4)
FNDA:1,(anonymous_5)
FNDA:1,(anonymous_6)
FNDA:2,(anonymous_7)
FNDA:2,(anonymous_8)
FNDA:2,(anonymous_9)
FNDA:1,(anonymous_10)
FNDA:4,(anonymous_11)
FNDA:1,(anonymous_12)
FNDA:0,(anonymous_13)
FNDA:0,(anonymous_14)
FNDA:0,(anonymous_15)
FNDA:0,(anonymous_16)
DA:7,1
DA:8,1
DA:9,1
DA:10,1
DA:11,1
DA:122,11
DA:124,11
DA:133,11
DA:134,11
DA:135,11
DA:140,1
DA:143,11
DA:144,2
DA:145,2
DA:146,2
DA:148,0
DA:152,11
DA:153,1
DA:154,1
DA:155,1
DA:156,1
DA:162,11
DA:163,1
DA:167,1
DA:170,11
DA:171,1
DA:173,11
DA:174,2
DA:177,11
DA:178,2
DA:185,11
DA:186,2
DA:189,11
DA:190,1
DA:193,11
DA:194,4
DA:195,4
DA:196,1
DA:201,4
DA:202,1
DA:207,4
DA:208,1
DA:214,1
DA:237,1
DA:272,0
DA:286,0
DA:289,0
DA:290,0
DA:291,0
DA:292,0
DA:293,0
DA:296,0
DA:298,0
DA:299,0
DA:300,0
DA:301,0
DA:303,0
LF:57
LH:43
BRDA:134,0,0,11
BRDA:134,0,1,11
BRDA:135,1,0,11
BRDA:135,1,1,11
BRDA:153,2,0,1
BRDA:153,2,1,0
BRDA:153,3,0,1
BRDA:153,3,1,1
BRDA:195,4,0,1
BRDA:195,4,1,3
BRDA:201,5,0,1
BRDA:201,5,1,3
BRDA:207,6,0,1
BRDA:207,6,1,3
BRDA:299,7,0,0
BRDA:299,7,1,0
BRDA:299,8,0,0
BRDA:299,8,1,0
BRDA:300,9,0,0
BRDA:300,9,1,0
BRF:20
BRH:13
end_of_record
TN:
SF:src\Pages\Teacher\CheckHomeworkPage.jsx
FN:47,(anonymous_0)
FN:60,(anonymous_1)
FN:63,(anonymous_2)
FN:67,(anonymous_3)
FN:71,(anonymous_4)
FN:75,(anonymous_5)
FN:79,(anonymous_6)
FN:83,(anonymous_7)
FN:87,(anonymous_8)
FN:107,(anonymous_9)
FN:167,(anonymous_10)
FNF:11
FNH:10
FNDA:9,(anonymous_0)
FNDA:1,(anonymous_1)
FNDA:1,(anonymous_2)
FNDA:2,(anonymous_3)
FNDA:2,(anonymous_4)
FNDA:2,(anonymous_5)
FNDA:2,(anonymous_6)
FNDA:2,(anonymous_7)
FNDA:6,(anonymous_8)
FNDA:1,(anonymous_9)
FNDA:0,(anonymous_10)
DA:6,1
DA:7,1
DA:10,1
DA:48,9
DA:49,9
DA:60,9
DA:61,1
DA:63,9
DA:64,1
DA:67,9
DA:68,2
DA:71,9
DA:72,2
DA:75,9
DA:76,2
DA:79,9
DA:80,2
DA:83,9
DA:84,2
DA:87,9
DA:88,6
DA:89,6
DA:90,1
DA:92,6
DA:93,1
DA:95,6
DA:96,1
DA:98,6
DA:99,1
DA:101,6
DA:102,1
DA:108,1
DA:208,0
LF:33
LH:32
BRDA:89,0,0,1
BRDA:89,0,1,5
BRDA:92,1,0,1
BRDA:92,1,1,5
BRDA:95,2,0,1
BRDA:95,2,1,5
BRDA:98,3,0,1
BRDA:98,3,1,5
BRDA:101,4,0,1
BRDA:101,4,1,5
BRDA:160,5,0,0
BRDA:160,5,1,1
BRF:12
BRH:11
end_of_record
TN:
SF:src\Pages\Teacher\CourseDetailPage.jsx
FN:34,(anonymous_0)
FN:49,(anonymous_1)
FN:53,(anonymous_2)
FN:58,(anonymous_3)
FN:73,(anonymous_4)
FN:77,(anonymous_5)
FN:81,(anonymous_6)
FN:85,(anonymous_7)
FN:89,(anonymous_8)
FN:93,(anonymous_9)
FN:97,(anonymous_10)
FN:101,(anonymous_11)
FN:105,(anonymous_12)
FN:124,(anonymous_13)
FNF:14
FNH:13
FNDA:13,(anonymous_0)
FNDA:3,(anonymous_1)
FNDA:0,(anonymous_2)
FNDA:1,(anonymous_3)
FNDA:2,(anonymous_4)
FNDA:2,(anonymous_5)
FNDA:2,(anonymous_6)
FNDA:2,(anonymous_7)
FNDA:2,(anonymous_8)
FNDA:2,(anonymous_9)
FNDA:1,(anonymous_10)
FNDA:1,(anonymous_11)
FNDA:6,(anonymous_12)
FNDA:1,(anonymous_13)
DA:7,1
DA:8,1
DA:9,1
DA:35,13
DA:36,13
DA:49,13
DA:50,3
DA:51,3
DA:52,3
DA:54,0
DA:58,13
DA:59,1
DA:60,1
DA:61,1
DA:62,1
DA:74,2
DA:77,13
DA:78,2
DA:81,13
DA:82,2
DA:85,13
DA:86,2
DA:89,13
DA:90,2
DA:93,13
DA:94,2
DA:97,13
DA:98,1
DA:101,13
DA:102,1
DA:105,13
DA:106,6
DA:107,6
DA:108,1
DA:110,6
DA:111,1
DA:113,6
DA:114,1
DA:116,6
DA:117,1
DA:119,6
DA:120,1
DA:125,1
LF:43
LH:42
BRDA:59,0,0,1
BRDA:59,0,1,0
BRDA:59,1,0,1
BRDA:59,1,1,1
BRDA:107,2,0,1
BRDA:107,2,1,5
BRDA:110,3,0,1
BRDA:110,3,1,5
BRDA:113,4,0,1
BRDA:113,4,1,5
BRDA:116,5,0,1
BRDA:116,5,1,5
BRDA:119,6,0,1
BRDA:119,6,1,5
BRF:14
BRH:13
end_of_record
TN:
SF:src\Pages\Teacher\CourseListPage.jsx
FN:48,(anonymous_0)
FN:55,(anonymous_1)
FN:60,(anonymous_2)
FN:66,(anonymous_3)
FN:77,(anonymous_4)
FN:85,(anonymous_5)
FN:93,(anonymous_6)
FN:97,(anonymous_7)
FN:101,(anonymous_8)
FN:105,(anonymous_9)
FN:109,(anonymous_10)
FN:113,(anonymous_11)
FN:117,(anonymous_12)
FN:121,(anonymous_13)
FN:140,(anonymous_14)
FN:144,(anonymous_15)
FN:192,(anonymous_16)
FN:203,(anonymous_17)
FN:205,(anonymous_18)
FNF:19
FNH:14
FNDA:13,(anonymous_0)
FNDA:1,(anonymous_1)
FNDA:0,(anonymous_2)
FNDA:1,(anonymous_3)
FNDA:3,(anonymous_4)
FNDA:3,(anonymous_5)
FNDA:1,(anonymous_6)
FNDA:2,(anonymous_7)
FNDA:2,(anonymous_8)
FNDA:2,(anonymous_9)
FNDA:2,(anonymous_10)
FNDA:2,(anonymous_11)
FNDA:1,(anonymous_12)
FNDA:6,(anonymous_13)
FNDA:0,(anonymous_14)
FNDA:1,(anonymous_15)
FNDA:0,(anonymous_16)
FNDA:0,(anonymous_17)
FNDA:0,(anonymous_18)
DA:7,1
DA:8,1
DA:9,1
DA:11,1
DA:49,13
DA:50,13
DA:55,13
DA:56,1
DA:57,1
DA:58,1
DA:59,1
DA:61,0
DA:66,13
DA:67,1
DA:68,1
DA:69,1
DA:70,1
DA:77,13
DA:78,3
DA:79,1
DA:80,2
DA:81,1
DA:82,1
DA:85,13
DA:86,3
DA:87,1
DA:88,2
DA:89,1
DA:90,1
DA:93,13
DA:94,1
DA:97,13
DA:98,2
DA:101,13
DA:102,2
DA:105,13
DA:106,2
DA:109,13
DA:110,2
DA:113,13
DA:114,2
DA:117,13
DA:118,1
DA:121,13
DA:122,6
DA:123,6
DA:124,1
DA:126,6
DA:127,1
DA:129,6
DA:130,1
DA:132,6
DA:133,1
DA:135,6
DA:136,1
DA:141,0
DA:145,1
DA:193,0
DA:205,0
LF:59
LH:55
BRDA:67,0,0,1
BRDA:67,0,1,0
BRDA:67,1,0,1
BRDA:67,1,1,1
BRDA:78,2,0,1
BRDA:78,2,1,2
BRDA:80,3,0,1
BRDA:80,3,1,1
BRDA:86,4,0,1
BRDA:86,4,1,2
BRDA:88,5,0,1
BRDA:88,5,1,1
BRDA:123,6,0,1
BRDA:123,6,1,5
BRDA:126,7,0,1
BRDA:126,7,1,5
BRDA:129,8,0,1
BRDA:129,8,1,5
BRDA:132,9,0,1
BRDA:132,9,1,5
BRDA:135,10,0,1
BRDA:135,10,1,5
BRF:22
BRH:21
end_of_record
TN:
SF:src\Pages\Teacher\HomeworkListPage.jsx
FN:38,(anonymous_0)
FN:52,(anonymous_1)
FN:62,(anonymous_2)
FN:86,(anonymous_3)
FN:93,(anonymous_4)
FN:99,(anonymous_5)
FN:103,(anonymous_6)
FN:129,(anonymous_7)
FN:135,(anonymous_8)
FN:141,(anonymous_9)
FN:146,(anonymous_10)
FN:163,(anonymous_11)
FN:179,(anonymous_12)
FN:183,(anonymous_13)
FN:187,(anonymous_14)
FN:191,(anonymous_15)
FN:195,(anonymous_16)
FN:199,(anonymous_17)
FN:203,(anonymous_18)
FN:222,(anonymous_19)
FN:226,(anonymous_20)
FN:231,(anonymous_21)
FN:236,(anonymous_22)
FN:262,(anonymous_23)
FNF:24
FNH:17
FNDA:0,(anonymous_0)
FNDA:16,(anonymous_1)
FNDA:1,(anonymous_2)
FNDA:1,(anonymous_3)
FNDA:1,(anonymous_4)
FNDA:1,(anonymous_5)
FNDA:1,(anonymous_6)
FNDA:0,(anonymous_7)
FNDA:0,(anonymous_8)
FNDA:0,(anonymous_9)
FNDA:0,(anonymous_10)
FNDA:0,(anonymous_11)
FNDA:2,(anonymous_12)
FNDA:2,(anonymous_13)
FNDA:2,(anonymous_14)
FNDA:2,(anonymous_15)
FNDA:2,(anonymous_16)
FNDA:1,(anonymous_17)
FNDA:6,(anonymous_18)
FNDA:1,(anonymous_19)
FNDA:2,(anonymous_20)
FNDA:0,(anonymous_21)
FNDA:1,(anonymous_22)
FNDA:1,(anonymous_23)
DA:7,1
DA:8,1
DA:9,1
DA:10,1
DA:12,1
DA:25,1
DA:39,0
DA:53,16
DA:54,16
DA:62,16
DA:63,1
DA:86,16
DA:87,1
DA:88,1
DA:93,16
DA:94,1
DA:95,1
DA:99,16
DA:100,1
DA:103,16
DA:104,1
DA:105,1
DA:124,16
DA:129,0
DA:135,0
DA:141,0
DA:147,0
DA:165,0
DA:179,16
DA:180,2
DA:183,16
DA:184,2
DA:187,16
DA:188,2
DA:191,16
DA:192,2
DA:195,16
DA:196,2
DA:199,16
DA:200,1
DA:203,16
DA:204,6
DA:205,6
DA:206,1
DA:208,6
DA:209,1
DA:211,6
DA:212,1
DA:214,6
DA:215,1
DA:217,6
DA:218,1
DA:223,1
DA:226,16
DA:227,2
DA:228,2
DA:229,2
DA:230,2
DA:232,0
DA:236,16
DA:237,1
DA:238,1
DA:239,1
DA:263,1
LF:64
LH:57
BRDA:205,0,0,1
BRDA:205,0,1,5
BRDA:208,1,0,1
BRDA:208,1,1,5
BRDA:211,2,0,1
BRDA:211,2,1,5
BRDA:214,3,0,1
BRDA:214,3,1,5
BRDA:217,4,0,1
BRDA:217,4,1,5
BRDA:237,5,0,1
BRDA:237,5,1,0
BRDA:237,6,0,1
BRDA:237,6,1,1
BRF:14
BRH:13
end_of_record
TN:
SF:src\Pages\Teacher\HomeworkReleasePage.jsx
FN:13,(anonymous_0)
FN:25,(anonymous_1)
FN:29,(anonymous_2)
FN:32,(anonymous_3)
FN:36,(anonymous_4)
FN:41,(anonymous_5)
FN:46,(anonymous_6)
FN:50,(anonymous_7)
FN:54,(anonymous_8)
FN:58,(anonymous_9)
FN:62,(anonymous_10)
FN:66,(anonymous_11)
FN:85,(anonymous_12)
FN:98,(anonymous_13)
FN:103,(anonymous_14)
FN:112,(anonymous_15)
FNF:16
FNH:15
FNDA:15,(anonymous_0)
FNDA:1,(anonymous_1)
FNDA:1,(anonymous_2)
FNDA:1,(anonymous_3)
FNDA:1,(anonymous_4)
FNDA:2,(anonymous_5)
FNDA:2,(anonymous_6)
FNDA:2,(anonymous_7)
FNDA:2,(anonymous_8)
FNDA:2,(anonymous_9)
FNDA:2,(anonymous_10)
FNDA:6,(anonymous_11)
FNDA:1,(anonymous_12)
FNDA:0,(anonymous_13)
FNDA:2,(anonymous_14)
FNDA:1,(anonymous_15)
DA:7,1
DA:8,1
DA:9,1
DA:14,15
DA:15,15
DA:25,15
DA:26,1
DA:29,15
DA:30,1
DA:32,15
DA:33,1
DA:36,15
DA:37,1
DA:41,15
DA:42,2
DA:46,15
DA:47,2
DA:50,15
DA:51,2
DA:54,15
DA:55,2
DA:58,15
DA:59,2
DA:62,15
DA:63,2
DA:66,15
DA:67,6
DA:68,6
DA:69,1
DA:71,6
DA:72,1
DA:74,6
DA:75,1
DA:77,6
DA:78,1
DA:80,6
DA:81,1
DA:85,15
DA:86,1
DA:87,1
DA:95,1
DA:96,1
DA:97,1
DA:99,0
DA:103,15
DA:104,2
DA:105,2
DA:106,1
DA:108,1
DA:113,1
LF:50
LH:49
BRDA:68,0,0,1
BRDA:68,0,1,5
BRDA:71,1,0,1
BRDA:71,1,1,5
BRDA:74,2,0,1
BRDA:74,2,1,5
BRDA:77,3,0,1
BRDA:77,3,1,5
BRDA:80,4,0,1
BRDA:80,4,1,5
BRDA:104,5,0,2
BRDA:104,5,1,0
BRDA:104,6,0,2
BRDA:104,6,1,2
BRDA:105,7,0,1
BRDA:105,7,1,1
BRF:16
BRH:15
end_of_record
TN:
SF:src\Pages\Teacher\SubmitCoursePage.jsx
FN:16,(anonymous_0)
FN:26,(anonymous_1)
FN:37,(anonymous_2)
FN:41,(anonymous_3)
FN:45,(anonymous_4)
FN:49,(anonymous_5)
FN:53,(anonymous_6)
FN:57,(anonymous_7)
FN:76,(anonymous_8)
FN:80,(anonymous_9)
FN:83,(anonymous_10)
FN:87,(anonymous_11)
FN:91,(anonymous_12)
FN:95,(anonymous_13)
FN:99,(anonymous_14)
FN:113,(anonymous_15)
FN:119,(anonymous_16)
FN:128,(anonymous_17)
FNF:18
FNH:16
FNDA:0,(anonymous_0)
FNDA:15,(anonymous_1)
FNDA:2,(anonymous_2)
FNDA:2,(anonymous_3)
FNDA:2,(anonymous_4)
FNDA:2,(anonymous_5)
FNDA:2,(anonymous_6)
FNDA:6,(anonymous_7)
FNDA:1,(anonymous_8)
FNDA:1,(anonymous_9)
FNDA:1,(anonymous_10)
FNDA:1,(anonymous_11)
FNDA:2,(anonymous_12)
FNDA:1,(anonymous_13)
FNDA:2,(anonymous_14)
FNDA:0,(anonymous_15)
FNDA:2,(anonymous_16)
FNDA:1,(anonymous_17)
DA:13,1
DA:14,1
DA:16,1
DA:17,0
DA:18,0
DA:19,0
DA:21,0
DA:23,1
DA:27,15
DA:28,15
DA:37,15
DA:38,2
DA:41,15
DA:42,2
DA:45,15
DA:46,2
DA:49,15
DA:50,2
DA:53,15
DA:54,2
DA:57,15
DA:58,6
DA:59,6
DA:60,1
DA:62,6
DA:63,1
DA:65,6
DA:66,1
DA:68,6
DA:69,1
DA:71,6
DA:72,1
DA:76,15
DA:77,1
DA:80,15
DA:81,1
DA:83,15
DA:84,1
DA:87,15
DA:88,1
DA:91,15
DA:92,2
DA:95,15
DA:96,1
DA:99,15
DA:100,2
DA:101,2
DA:107,2
DA:108,2
DA:109,1
DA:111,1
DA:112,1
DA:114,0
DA:119,15
DA:120,2
DA:121,2
DA:122,1
DA:124,1
DA:129,1
LF:59
LH:54
BRDA:18,0,0,0
BRDA:18,0,1,0
BRDA:21,1,0,0
BRDA:21,1,1,0
BRDA:59,2,0,1
BRDA:59,2,1,5
BRDA:62,3,0,1
BRDA:62,3,1,5
BRDA:65,4,0,1
BRDA:65,4,1,5
BRDA:68,5,0,1
BRDA:68,5,1,5
BRDA:71,6,0,1
BRDA:71,6,1,5
BRDA:108,7,0,1
BRDA:108,7,1,1
BRDA:108,8,0,2
BRDA:108,8,1,1
BRDA:108,8,2,1
BRDA:120,9,0,2
BRDA:120,9,1,0
BRDA:120,10,0,2
BRDA:120,10,1,2
BRDA:121,11,0,1
BRDA:121,11,1,1
BRF:25
BRH:20
end_of_record
TN:
SF:src\Pages\Teacher\UserInfoPage.jsx
FN:45,(anonymous_0)
FN:59,(anonymous_1)
FN:64,(anonymous_2)
FN:69,(anonymous_3)
FN:87,(anonymous_4)
FN:91,(anonymous_5)
FN:95,(anonymous_6)
FN:99,(anonymous_7)
FN:103,(anonymous_8)
FN:107,(anonymous_9)
FN:126,(anonymous_10)
FN:130,(anonymous_11)
FN:134,(anonymous_12)
FN:145,(anonymous_13)
FN:156,(anonymous_14)
FN:237,(anonymous_15)
FNF:16
FNH:14
FNDA:12,(anonymous_0)
FNDA:1,(anonymous_1)
FNDA:0,(anonymous_2)
FNDA:1,(anonymous_3)
FNDA:2,(anonymous_4)
FNDA:2,(anonymous_5)
FNDA:2,(anonymous_6)
FNDA:2,(anonymous_7)
FNDA:2,(anonymous_8)
FNDA:6,(anonymous_9)
FNDA:1,(anonymous_10)
FNDA:1,(anonymous_11)
FNDA:1,(anonymous_12)
FNDA:0,(anonymous_13)
FNDA:1,(anonymous_14)
FNDA:7,(anonymous_15)
DA:8,1
DA:10,1
DA:12,1
DA:46,12
DA:47,12
DA:59,12
DA:60,1
DA:61,1
DA:62,1
DA:63,1
DA:65,0
DA:69,12
DA:70,1
DA:72,1
DA:73,1
DA:74,1
DA:75,1
DA:76,1
DA:77,1
DA:87,12
DA:88,2
DA:91,12
DA:92,2
DA:95,12
DA:96,2
DA:99,12
DA:100,2
DA:103,12
DA:104,2
DA:107,12
DA:108,6
DA:109,6
DA:110,1
DA:112,6
DA:113,1
DA:115,6
DA:116,1
DA:118,6
DA:119,1
DA:121,6
DA:122,1
DA:126,12
DA:127,1
DA:130,12
DA:131,1
DA:134,12
DA:135,1
DA:136,1
DA:137,1
DA:143,1
DA:144,1
DA:146,0
DA:147,0
DA:148,0
DA:150,0
DA:157,1
DA:238,7
LF:57
LH:52
BRDA:70,0,0,1
BRDA:70,0,1,0
BRDA:70,1,0,1
BRDA:70,1,1,1
BRDA:109,2,0,1
BRDA:109,2,1,5
BRDA:112,3,0,1
BRDA:112,3,1,5
BRDA:115,4,0,1
BRDA:115,4,1,5
BRDA:118,5,0,1
BRDA:118,5,1,5
BRDA:121,6,0,1
BRDA:121,6,1,5
BRDA:146,7,0,0
BRDA:146,7,1,0
BRDA:146,8,0,0
BRDA:146,8,1,0
BRDA:147,9,0,0
BRDA:147,9,1,0
BRF:20
BRH:13
end_of_record
TN:
SF:src\Utils\History.js
FNF:0
FNH:0
DA:3,16
LF:1
LH:1
BRF:0
BRH:0
end_of_record
